npm warn Unknown project config "package-manager-strict". This will stop working in the next major version of npm.
npm warn Unknown project config "auto-install-peers". This will stop working in the next major version of npm.
npm warn Unknown project config "strict-peer-dependencies". This will stop working in the next major version of npm.
node_modules/.pnpm/@capsizecss+unpack@4.0.0/node_modules/@capsizecss/unpack/dist/shared-CnZ3qQtb.d.mts(1,22): error TS2307: Cannot find module 'fontkitten' or its corresponding type declarations.
  There are types at '/home/vivi/pixelated/node_modules/.pnpm/@capsizecss+unpack@4.0.0/node_modules/fontkitten/dist/index.d.ts', but this result could not be resolved under your current 'moduleResolution' setting. Consider updating to 'node16', 'nodenext', or 'bundler'.
node_modules/.pnpm/@upstash+redis@1.36.1/node_modules/@upstash/redis/zmscore-0SAuWM0q.d.ts(4152,81): error TS2493: Tuple type '[message?: string]' of length '1' has no element at index '1'.
node_modules/.pnpm/@upstash+redis@1.36.1/node_modules/@upstash/redis/zmscore-0SAuWM0q.d.ts(4157,44): error TS2304: Cannot find name 'ErrorOptions'.
node_modules/.pnpm/astro@5.16.7_@azure+storage-blob@12.29.1_@types+node@25.0.3_@upstash+redis@1.36.1_@verc_ec5e961cdbb5ad20e2620366f76d2007/node_modules/astro/dist/actions/runtime/server.d.ts(32,54): error TS2724: '"/home/vivi/pixelated/node_modules/.pnpm/zod@4.3.5/node_modules/zod/v4/classic/external"' has no exported member named 'AnyZodObject'. Did you mean 'ZodObject'?
node_modules/.pnpm/astro@5.16.7_@azure+storage-blob@12.29.1_@types+node@25.0.3_@upstash+redis@1.36.1_@verc_ec5e961cdbb5ad20e2620366f76d2007/node_modules/astro/dist/actions/runtime/shared.d.ts(39,27): error TS2339: Property 'formErrors' does not exist on type 'ZodError<T>'.
node_modules/.pnpm/astro@5.16.7_@azure+storage-blob@12.29.1_@types+node@25.0.3_@upstash+redis@1.36.1_@verc_ec5e961cdbb5ad20e2620366f76d2007/node_modules/astro/dist/assets/fonts/config.d.ts(3,45): error TS2344: Type '["normal", "italic", "oblique"]' does not satisfy the constraint 'Readonly<Record<string, EnumValue>>'.
  Index signature for type 'string' is missing in type '["normal", "italic", "oblique"]'.
node_modules/.pnpm/astro@5.16.7_@azure+storage-blob@12.29.1_@types+node@25.0.3_@upstash+redis@1.36.1_@verc_ec5e961cdbb5ad20e2620366f76d2007/node_modules/astro/dist/assets/fonts/config.d.ts(4,47): error TS2344: Type '["auto", "block", "swap", "fallback", "optional"]' does not satisfy the constraint 'Readonly<Record<string, EnumValue>>'.
  Index signature for type 'string' is missing in type '["auto", "block", "swap", "fallback", "optional"]'.
node_modules/.pnpm/astro@5.16.7_@azure+storage-blob@12.29.1_@types+node@25.0.3_@upstash+redis@1.36.1_@verc_ec5e961cdbb5ad20e2620366f76d2007/node_modules/astro/dist/assets/fonts/config.d.ts(5,45): error TS2707: Generic type 'ZodObject<Shape, Config>' requires between 0 and 2 type arguments.
node_modules/.pnpm/astro@5.16.7_@azure+storage-blob@12.29.1_@types+node@25.0.3_@upstash+redis@1.36.1_@verc_ec5e961cdbb5ad20e2620366f76d2007/node_modules/astro/dist/assets/fonts/config.d.ts(7,15): error TS2707: Generic type 'ZodArray<T>' requires between 0 and 1 type arguments.
node_modules/.pnpm/astro@5.16.7_@azure+storage-blob@12.29.1_@types+node@25.0.3_@upstash+redis@1.36.1_@verc_ec5e961cdbb5ad20e2620366f76d2007/node_modules/astro/dist/assets/fonts/config.d.ts(7,26): error TS2707: Generic type 'ZodObject<Shape, Config>' requires between 0 and 2 type arguments.
node_modules/.pnpm/astro@5.16.7_@azure+storage-blob@12.29.1_@types+node@25.0.3_@upstash+redis@1.36.1_@verc_ec5e961cdbb5ad20e2620366f76d2007/node_modules/astro/dist/assets/fonts/config.d.ts(8,14): error TS2707: Generic type 'ZodArray<T>' requires between 0 and 1 type arguments.
node_modules/.pnpm/astro@5.16.7_@azure+storage-blob@12.29.1_@types+node@25.0.3_@upstash+redis@1.36.1_@verc_ec5e961cdbb5ad20e2620366f76d2007/node_modules/astro/dist/assets/fonts/config.d.ts(8,48): error TS2344: Type '[ZodString, ZodType<URL, z.ZodTypeDef, URL>]' does not satisfy the constraint 'readonly SomeType[]'.
  Type 'ZodString | ZodType<URL, z.ZodTypeDef, URL>' is not assignable to type 'SomeType'.
    Type 'ZodType<URL, z.ZodTypeDef, URL>' is not assignable to type 'SomeType'.
      Types of property '_zod' are incompatible.
        Type 'URL' is missing the following properties from type '_$ZodTypeInternals': version, def, deferred, run, and 6 more.
node_modules/.pnpm/astro@5.16.7_@azure+storage-blob@12.29.1_@types+node@25.0.3_@upstash+redis@1.36.1_@verc_ec5e961cdbb5ad20e2620366f76d2007/node_modules/astro/dist/assets/fonts/config.d.ts(8,79): error TS2724: '"/home/vivi/pixelated/node_modules/.pnpm/zod@4.3.5/node_modules/zod/v4/classic/external"' has no exported member named 'ZodTypeDef'. Did you mean 'ZodType'?
node_modules/.pnpm/astro@5.16.7_@azure+storage-blob@12.29.1_@types+node@25.0.3_@upstash+redis@1.36.1_@verc_ec5e961cdbb5ad20e2620366f76d2007/node_modules/astro/dist/assets/fonts/config.d.ts(8,91): error TS2344: Type 'URL' does not satisfy the constraint '$ZodTypeInternals<URL, z.ZodTypeDef>'.
  Type 'URL' is missing the following properties from type '$ZodTypeInternals<URL, z.ZodTypeDef>': output, input, version, def, and 8 more.
node_modules/.pnpm/astro@5.16.7_@azure+storage-blob@12.29.1_@types+node@25.0.3_@upstash+redis@1.36.1_@verc_ec5e961cdbb5ad20e2620366f76d2007/node_modules/astro/dist/assets/fonts/config.d.ts(8,99): error TS2707: Generic type 'ZodObject<Shape, Config>' requires between 0 and 2 type arguments.
node_modules/.pnpm/astro@5.16.7_@azure+storage-blob@12.29.1_@types+node@25.0.3_@upstash+redis@1.36.1_@verc_ec5e961cdbb5ad20e2620366f76d2007/node_modules/astro/dist/assets/fonts/config.d.ts(9,29): error TS2344: Type '[ZodString, ZodType<URL, z.ZodTypeDef, URL>]' does not satisfy the constraint 'readonly SomeType[]'.
  Type 'ZodString | ZodType<URL, z.ZodTypeDef, URL>' is not assignable to type 'SomeType'.
    Type 'ZodType<URL, z.ZodTypeDef, URL>' is not assignable to type 'SomeType'.
      Types of property '_zod' are incompatible.
        Type 'URL' is missing the following properties from type '_$ZodTypeInternals': version, def, deferred, run, and 6 more.
node_modules/.pnpm/astro@5.16.7_@azure+storage-blob@12.29.1_@types+node@25.0.3_@upstash+redis@1.36.1_@verc_ec5e961cdbb5ad20e2620366f76d2007/node_modules/astro/dist/assets/fonts/config.d.ts(9,60): error TS2724: '"/home/vivi/pixelated/node_modules/.pnpm/zod@4.3.5/node_modules/zod/v4/classic/external"' has no exported member named 'ZodTypeDef'. Did you mean 'ZodType'?
node_modules/.pnpm/astro@5.16.7_@azure+storage-blob@12.29.1_@types+node@25.0.3_@upstash+redis@1.36.1_@verc_ec5e961cdbb5ad20e2620366f76d2007/node_modules/astro/dist/assets/fonts/config.d.ts(9,72): error TS2344: Type 'URL' does not satisfy the constraint '$ZodTypeInternals<URL, z.ZodTypeDef>'.
  Type 'URL' is missing the following properties from type '$ZodTypeInternals<URL, z.ZodTypeDef>': output, input, version, def, and 8 more.
node_modules/.pnpm/astro@5.16.7_@azure+storage-blob@12.29.1_@types+node@25.0.3_@upstash+redis@1.36.1_@verc_ec5e961cdbb5ad20e2620366f76d2007/node_modules/astro/dist/assets/fonts/config.d.ts(19,40): error TS2344: Type '["normal", "italic", "oblique"]' does not satisfy the constraint 'Readonly<Record<string, EnumValue>>'.
  Index signature for type 'string' is missing in type '["normal", "italic", "oblique"]'.
node_modules/.pnpm/astro@5.16.7_@azure+storage-blob@12.29.1_@types+node@25.0.3_@upstash+redis@1.36.1_@verc_ec5e961cdbb5ad20e2620366f76d2007/node_modules/astro/dist/assets/fonts/config.d.ts(20,42): error TS2344: Type '["auto", "block", "swap", "fallback", "optional"]' does not satisfy the constraint 'Readonly<Record<string, EnumValue>>'.
  Index signature for type 'string' is missing in type '["auto", "block", "swap", "fallback", "optional"]'.
node_modules/.pnpm/astro@5.16.7_@azure+storage-blob@12.29.1_@types+node@25.0.3_@upstash+redis@1.36.1_@verc_ec5e961cdbb5ad20e2620366f76d2007/node_modules/astro/dist/assets/fonts/config.d.ts(24,37): error TS2707: Generic type 'ZodArray<T>' requires between 0 and 1 type arguments.
node_modules/.pnpm/astro@5.16.7_@azure+storage-blob@12.29.1_@types+node@25.0.3_@upstash+redis@1.36.1_@verc_ec5e961cdbb5ad20e2620366f76d2007/node_modules/astro/dist/assets/fonts/config.d.ts(56,30): error TS2707: Generic type 'ZodArray<T>' requires between 0 and 1 type arguments.
node_modules/.pnpm/astro@5.16.7_@azure+storage-blob@12.29.1_@types+node@25.0.3_@upstash+redis@1.36.1_@verc_ec5e961cdbb5ad20e2620366f76d2007/node_modules/astro/dist/assets/fonts/config.d.ts(135,46): error TS2707: Generic type 'ZodObject<Shape, Config>' requires between 0 and 2 type arguments.
node_modules/.pnpm/astro@5.16.7_@azure+storage-blob@12.29.1_@types+node@25.0.3_@upstash+redis@1.36.1_@verc_ec5e961cdbb5ad20e2620366f76d2007/node_modules/astro/dist/assets/fonts/config.d.ts(136,15): error TS2707: Generic type 'ZodObject<Shape, Config>' requires between 0 and 2 type arguments.
node_modules/.pnpm/astro@5.16.7_@azure+storage-blob@12.29.1_@types+node@25.0.3_@upstash+redis@1.36.1_@verc_ec5e961cdbb5ad20e2620366f76d2007/node_modules/astro/dist/assets/fonts/config.d.ts(137,32): error TS2344: Type '[ZodString, ZodType<URL, z.ZodTypeDef, URL>]' does not satisfy the constraint 'readonly SomeType[]'.
  Type 'ZodString | ZodType<URL, z.ZodTypeDef, URL>' is not assignable to type 'SomeType'.
    Type 'ZodType<URL, z.ZodTypeDef, URL>' is not assignable to type 'SomeType'.
      Types of property '_zod' are incompatible.
        Type 'URL' is missing the following properties from type '_$ZodTypeInternals': version, def, deferred, run, and 6 more.
node_modules/.pnpm/astro@5.16.7_@azure+storage-blob@12.29.1_@types+node@25.0.3_@upstash+redis@1.36.1_@verc_ec5e961cdbb5ad20e2620366f76d2007/node_modules/astro/dist/assets/fonts/config.d.ts(137,63): error TS2724: '"/home/vivi/pixelated/node_modules/.pnpm/zod@4.3.5/node_modules/zod/v4/classic/external"' has no exported member named 'ZodTypeDef'. Did you mean 'ZodType'?
node_modules/.pnpm/astro@5.16.7_@azure+storage-blob@12.29.1_@types+node@25.0.3_@upstash+redis@1.36.1_@verc_ec5e961cdbb5ad20e2620366f76d2007/node_modules/astro/dist/assets/fonts/config.d.ts(137,75): error TS2344: Type 'URL' does not satisfy the constraint '$ZodTypeInternals<URL, z.ZodTypeDef>'.
  Type 'URL' is missing the following properties from type '$ZodTypeInternals<URL, z.ZodTypeDef>': output, input, version, def, and 8 more.
node_modules/.pnpm/astro@5.16.7_@azure+storage-blob@12.29.1_@types+node@25.0.3_@upstash+redis@1.36.1_@verc_ec5e961cdbb5ad20e2620366f76d2007/node_modules/astro/dist/assets/fonts/config.d.ts(146,28): error TS2707: Generic type 'ZodArray<T>' requires between 0 and 1 type arguments.
node_modules/.pnpm/astro@5.16.7_@azure+storage-blob@12.29.1_@types+node@25.0.3_@upstash+redis@1.36.1_@verc_ec5e961cdbb5ad20e2620366f76d2007/node_modules/astro/dist/assets/fonts/config.d.ts(147,27): error TS2707: Generic type 'ZodArray<T>' requires between 0 and 1 type arguments.
node_modules/.pnpm/astro@5.16.7_@azure+storage-blob@12.29.1_@types+node@25.0.3_@upstash+redis@1.36.1_@verc_ec5e961cdbb5ad20e2620366f76d2007/node_modules/astro/dist/assets/fonts/config.d.ts(147,48): error TS2344: Type '["normal", "italic", "oblique"]' does not satisfy the constraint 'Readonly<Record<string, EnumValue>>'.
  Index signature for type 'string' is missing in type '["normal", "italic", "oblique"]'.
node_modules/.pnpm/astro@5.16.7_@azure+storage-blob@12.29.1_@types+node@25.0.3_@upstash+redis@1.36.1_@verc_ec5e961cdbb5ad20e2620366f76d2007/node_modules/astro/dist/assets/fonts/config.d.ts(148,28): error TS2707: Generic type 'ZodArray<T>' requires between 0 and 1 type arguments.
node_modules/.pnpm/astro@5.16.7_@azure+storage-blob@12.29.1_@types+node@25.0.3_@upstash+redis@1.36.1_@verc_ec5e961cdbb5ad20e2620366f76d2007/node_modules/astro/dist/assets/fonts/config.d.ts(149,28): error TS2707: Generic type 'ZodArray<T>' requires between 0 and 1 type arguments.
node_modules/.pnpm/astro@5.16.7_@azure+storage-blob@12.29.1_@types+node@25.0.3_@upstash+redis@1.36.1_@verc_ec5e961cdbb5ad20e2620366f76d2007/node_modules/astro/dist/assets/fonts/config.d.ts(149,49): error TS2344: Type '["woff2", "woff", "otf", "ttf", "eot"]' does not satisfy the constraint 'Readonly<Record<string, EnumValue>>'.
  Index signature for type 'string' is missing in type '["woff2", "woff", "otf", "ttf", "eot"]'.
node_modules/.pnpm/astro@5.16.7_@azure+storage-blob@12.29.1_@types+node@25.0.3_@upstash+redis@1.36.1_@verc_ec5e961cdbb5ad20e2620366f76d2007/node_modules/astro/dist/assets/fonts/config.d.ts(150,38): error TS2344: Type '["auto", "block", "swap", "fallback", "optional"]' does not satisfy the constraint 'Readonly<Record<string, EnumValue>>'.
  Index signature for type 'string' is missing in type '["auto", "block", "swap", "fallback", "optional"]'.
node_modules/.pnpm/astro@5.16.7_@azure+storage-blob@12.29.1_@types+node@25.0.3_@upstash+redis@1.36.1_@verc_ec5e961cdbb5ad20e2620366f76d2007/node_modules/astro/dist/assets/fonts/config.d.ts(154,33): error TS2707: Generic type 'ZodArray<T>' requires between 0 and 1 type arguments.
node_modules/.pnpm/astro@5.16.7_@azure+storage-blob@12.29.1_@types+node@25.0.3_@upstash+redis@1.36.1_@verc_ec5e961cdbb5ad20e2620366f76d2007/node_modules/astro/dist/assets/fonts/config.d.ts(155,30): error TS2707: Generic type 'ZodArray<T>' requires between 0 and 1 type arguments.
node_modules/.pnpm/astro@5.16.7_@azure+storage-blob@12.29.1_@types+node@25.0.3_@upstash+redis@1.36.1_@verc_ec5e961cdbb5ad20e2620366f76d2007/node_modules/astro/dist/assets/services/service.d.ts(6,40): error TS2339: Property 'image' does not exist on type 'AstroConfig'.
node_modules/.pnpm/astro@5.16.7_@azure+storage-blob@12.29.1_@types+node@25.0.3_@upstash+redis@1.36.1_@verc_ec5e961cdbb5ad20e2620366f76d2007/node_modules/astro/dist/container/index.d.ts(151,5): error TS18028: Private identifiers are only available when targeting ECMAScript 2015 and higher.
node_modules/.pnpm/astro@5.16.7_@azure+storage-blob@12.29.1_@types+node@25.0.3_@upstash+redis@1.36.1_@verc_ec5e961cdbb5ad20e2620366f76d2007/node_modules/astro/dist/core/app/types.d.ts(51,32): error TS2339: Property 'trailingSlash' does not exist on type 'AstroConfig'.
node_modules/.pnpm/astro@5.16.7_@azure+storage-blob@12.29.1_@types+node@25.0.3_@upstash+redis@1.36.1_@verc_ec5e961cdbb5ad20e2620366f76d2007/node_modules/astro/dist/core/app/types.d.ts(52,42): error TS2339: Property 'build' does not exist on type 'AstroConfig'.
node_modules/.pnpm/astro@5.16.7_@azure+storage-blob@12.29.1_@types+node@25.0.3_@upstash+redis@1.36.1_@verc_ec5e961cdbb5ad20e2620366f76d2007/node_modules/astro/dist/core/config/schemas/base.d.ts(86,41): error TS2707: Generic type 'ZodObject<Shape, Config>' requires between 0 and 2 type arguments.
node_modules/.pnpm/astro@5.16.7_@azure+storage-blob@12.29.1_@types+node@25.0.3_@upstash+redis@1.36.1_@verc_ec5e961cdbb5ad20e2620366f76d2007/node_modules/astro/dist/core/config/schemas/base.d.ts(87,13): error TS2694: Namespace '"/home/vivi/pixelated/node_modules/.pnpm/zod@4.3.5/node_modules/zod/v4/classic/external"' has no exported member 'ZodEffects'.
node_modules/.pnpm/astro@5.16.7_@azure+storage-blob@12.29.1_@types+node@25.0.3_@upstash+redis@1.36.1_@verc_ec5e961cdbb5ad20e2620366f76d2007/node_modules/astro/dist/core/config/schemas/base.d.ts(88,15): error TS2694: Namespace '"/home/vivi/pixelated/node_modules/.pnpm/zod@4.3.5/node_modules/zod/v4/classic/external"' has no exported member 'ZodEffects'.
node_modules/.pnpm/astro@5.16.7_@azure+storage-blob@12.29.1_@types+node@25.0.3_@upstash+redis@1.36.1_@verc_ec5e961cdbb5ad20e2620366f76d2007/node_modules/astro/dist/core/config/schemas/base.d.ts(89,18): error TS2694: Namespace '"/home/vivi/pixelated/node_modules/.pnpm/zod@4.3.5/node_modules/zod/v4/classic/external"' has no exported member 'ZodEffects'.
node_modules/.pnpm/astro@5.16.7_@azure+storage-blob@12.29.1_@types+node@25.0.3_@upstash+redis@1.36.1_@verc_ec5e961cdbb5ad20e2620366f76d2007/node_modules/astro/dist/core/config/schemas/base.d.ts(90,15): error TS2694: Namespace '"/home/vivi/pixelated/node_modules/.pnpm/zod@4.3.5/node_modules/zod/v4/classic/external"' has no exported member 'ZodEffects'.
node_modules/.pnpm/astro@5.16.7_@azure+storage-blob@12.29.1_@types+node@25.0.3_@upstash+redis@1.36.1_@verc_ec5e961cdbb5ad20e2620366f76d2007/node_modules/astro/dist/core/config/schemas/base.d.ts(91,17): error TS2694: Namespace '"/home/vivi/pixelated/node_modules/.pnpm/zod@4.3.5/node_modules/zod/v4/classic/external"' has no exported member 'ZodEffects'.
node_modules/.pnpm/astro@5.16.7_@azure+storage-blob@12.29.1_@types+node@25.0.3_@upstash+redis@1.36.1_@verc_ec5e961cdbb5ad20e2620366f76d2007/node_modules/astro/dist/core/config/schemas/base.d.ts(96,15): error TS2694: Namespace '"/home/vivi/pixelated/node_modules/.pnpm/zod@4.3.5/node_modules/zod/v4/classic/external"' has no exported member 'ZodEffects'.
node_modules/.pnpm/astro@5.16.7_@azure+storage-blob@12.29.1_@types+node@25.0.3_@upstash+redis@1.36.1_@verc_ec5e961cdbb5ad20e2620366f76d2007/node_modules/astro/dist/core/config/schemas/base.d.ts(98,28): error TS2707: Generic type 'ZodObject<Shape, Config>' requires between 0 and 2 type arguments.
node_modules/.pnpm/astro@5.16.7_@azure+storage-blob@12.29.1_@types+node@25.0.3_@upstash+redis@1.36.1_@verc_ec5e961cdbb5ad20e2620366f76d2007/node_modules/astro/dist/core/config/schemas/base.d.ts(100,29): error TS2707: Generic type 'ZodObject<Shape, Config>' requires between 0 and 2 type arguments.
node_modules/.pnpm/astro@5.16.7_@azure+storage-blob@12.29.1_@types+node@25.0.3_@upstash+redis@1.36.1_@verc_ec5e961cdbb5ad20e2620366f76d2007/node_modules/astro/dist/core/config/schemas/base.d.ts(100,76): error TS2694: Namespace '"/home/vivi/pixelated/node_modules/.pnpm/zod@4.3.5/node_modules/zod/v4/classic/external"' has no exported member 'objectOutputType'.
node_modules/.pnpm/astro@5.16.7_@azure+storage-blob@12.29.1_@types+node@25.0.3_@upstash+redis@1.36.1_@verc_ec5e961cdbb5ad20e2620366f76d2007/node_modules/astro/dist/core/config/schemas/base.d.ts(100,129): error TS2694: Namespace '"/home/vivi/pixelated/node_modules/.pnpm/zod@4.3.5/node_modules/zod/v4/classic/external"' has no exported member 'objectInputType'.
node_modules/.pnpm/astro@5.16.7_@azure+storage-blob@12.29.1_@types+node@25.0.3_@upstash+redis@1.36.1_@verc_ec5e961cdbb5ad20e2620366f76d2007/node_modules/astro/dist/core/config/schemas/base.d.ts(108,19): error TS2694: Namespace '"/home/vivi/pixelated/node_modules/.pnpm/zod@4.3.5/node_modules/zod/v4/classic/external"' has no exported member 'objectInputType'.
node_modules/.pnpm/astro@5.16.7_@azure+storage-blob@12.29.1_@types+node@25.0.3_@upstash+redis@1.36.1_@verc_ec5e961cdbb5ad20e2620366f76d2007/node_modules/astro/dist/core/config/schemas/base.d.ts(110,21): error TS2694: Namespace '"/home/vivi/pixelated/node_modules/.pnpm/zod@4.3.5/node_modules/zod/v4/classic/external"' has no exported member 'ZodEffects'.
node_modules/.pnpm/astro@5.16.7_@azure+storage-blob@12.29.1_@types+node@25.0.3_@upstash+redis@1.36.1_@verc_ec5e961cdbb5ad20e2620366f76d2007/node_modules/astro/dist/core/config/schemas/base.d.ts(110,45): error TS2707: Generic type 'ZodArray<T>' requires between 0 and 1 type arguments.
node_modules/.pnpm/astro@5.16.7_@azure+storage-blob@12.29.1_@types+node@25.0.3_@upstash+redis@1.36.1_@verc_ec5e961cdbb5ad20e2620366f76d2007/node_modules/astro/dist/core/config/schemas/base.d.ts(110,56): error TS2707: Generic type 'ZodObject<Shape, Config>' requires between 0 and 2 type arguments.
node_modules/.pnpm/astro@5.16.7_@azure+storage-blob@12.29.1_@types+node@25.0.3_@upstash+redis@1.36.1_@verc_ec5e961cdbb5ad20e2620366f76d2007/node_modules/astro/dist/core/config/schemas/base.d.ts(112,29): error TS2707: Generic type 'ZodObject<Shape, Config>' requires between 0 and 2 type arguments.
node_modules/.pnpm/astro@5.16.7_@azure+storage-blob@12.29.1_@types+node@25.0.3_@upstash+redis@1.36.1_@verc_ec5e961cdbb5ad20e2620366f76d2007/node_modules/astro/dist/core/config/schemas/base.d.ts(112,76): error TS2694: Namespace '"/home/vivi/pixelated/node_modules/.pnpm/zod@4.3.5/node_modules/zod/v4/classic/external"' has no exported member 'objectOutputType'.
node_modules/.pnpm/astro@5.16.7_@azure+storage-blob@12.29.1_@types+node@25.0.3_@upstash+redis@1.36.1_@verc_ec5e961cdbb5ad20e2620366f76d2007/node_modules/astro/dist/core/config/schemas/base.d.ts(112,129): error TS2694: Namespace '"/home/vivi/pixelated/node_modules/.pnpm/zod@4.3.5/node_modules/zod/v4/classic/external"' has no exported member 'objectInputType'.
node_modules/.pnpm/astro@5.16.7_@azure+storage-blob@12.29.1_@types+node@25.0.3_@upstash+redis@1.36.1_@verc_ec5e961cdbb5ad20e2620366f76d2007/node_modules/astro/dist/core/config/schemas/base.d.ts(120,19): error TS2694: Namespace '"/home/vivi/pixelated/node_modules/.pnpm/zod@4.3.5/node_modules/zod/v4/classic/external"' has no exported member 'objectInputType'.
node_modules/.pnpm/astro@5.16.7_@azure+storage-blob@12.29.1_@types+node@25.0.3_@upstash+redis@1.36.1_@verc_ec5e961cdbb5ad20e2620366f76d2007/node_modules/astro/dist/core/config/schemas/base.d.ts(127,25): error TS2707: Generic type 'ZodObject<Shape, Config>' requires between 0 and 2 type arguments.
node_modules/.pnpm/astro@5.16.7_@azure+storage-blob@12.29.1_@types+node@25.0.3_@upstash+redis@1.36.1_@verc_ec5e961cdbb5ad20e2620366f76d2007/node_modules/astro/dist/core/config/schemas/base.d.ts(129,19): error TS2694: Namespace '"/home/vivi/pixelated/node_modules/.pnpm/zod@4.3.5/node_modules/zod/v4/classic/external"' has no exported member 'ZodEffects'.
node_modules/.pnpm/astro@5.16.7_@azure+storage-blob@12.29.1_@types+node@25.0.3_@upstash+redis@1.36.1_@verc_ec5e961cdbb5ad20e2620366f76d2007/node_modules/astro/dist/core/config/schemas/base.d.ts(130,19): error TS2694: Namespace '"/home/vivi/pixelated/node_modules/.pnpm/zod@4.3.5/node_modules/zod/v4/classic/external"' has no exported member 'ZodEffects'.
node_modules/.pnpm/astro@5.16.7_@azure+storage-blob@12.29.1_@types+node@25.0.3_@upstash+redis@1.36.1_@verc_ec5e961cdbb5ad20e2620366f76d2007/node_modules/astro/dist/core/config/schemas/base.d.ts(132,95): error TS2707: Generic type 'ZodObject<Shape, Config>' requires between 0 and 2 type arguments.
node_modules/.pnpm/astro@5.16.7_@azure+storage-blob@12.29.1_@types+node@25.0.3_@upstash+redis@1.36.1_@verc_ec5e961cdbb5ad20e2620366f76d2007/node_modules/astro/dist/core/config/schemas/base.d.ts(141,65): error TS2344: Type '["always", "auto", "never"]' does not satisfy the constraint 'Readonly<Record<string, EnumValue>>'.
  Index signature for type 'string' is missing in type '["always", "auto", "never"]'.
node_modules/.pnpm/astro@5.16.7_@azure+storage-blob@12.29.1_@types+node@25.0.3_@upstash+redis@1.36.1_@verc_ec5e961cdbb5ad20e2620366f76d2007/node_modules/astro/dist/core/config/schemas/base.d.ts(168,15): error TS2694: Namespace '"/home/vivi/pixelated/node_modules/.pnpm/zod@4.3.5/node_modules/zod/v4/classic/external"' has no exported member 'ZodEffects'.
node_modules/.pnpm/astro@5.16.7_@azure+storage-blob@12.29.1_@types+node@25.0.3_@upstash+redis@1.36.1_@verc_ec5e961cdbb5ad20e2620366f76d2007/node_modules/astro/dist/core/config/schemas/base.d.ts(168,39): error TS2707: Generic type 'ZodObject<Shape, Config>' requires between 0 and 2 type arguments.
node_modules/.pnpm/astro@5.16.7_@azure+storage-blob@12.29.1_@types+node@25.0.3_@upstash+redis@1.36.1_@verc_ec5e961cdbb5ad20e2620366f76d2007/node_modules/astro/dist/core/config/schemas/base.d.ts(172,32): error TS2344: Type 'ZodType<OutgoingHttpHeaders, z.ZodTypeDef, OutgoingHttpHeaders>' does not satisfy the constraint 'SomeType'.
  Types of property '_zod' are incompatible.
    Type 'OutgoingHttpHeaders' is missing the following properties from type '_$ZodTypeInternals': version, def, deferred, run, and 6 more.
node_modules/.pnpm/astro@5.16.7_@azure+storage-blob@12.29.1_@types+node@25.0.3_@upstash+redis@1.36.1_@verc_ec5e961cdbb5ad20e2620366f76d2007/node_modules/astro/dist/core/config/schemas/base.d.ts(172,65): error TS2724: '"/home/vivi/pixelated/node_modules/.pnpm/zod@4.3.5/node_modules/zod/v4/classic/external"' has no exported member named 'ZodTypeDef'. Did you mean 'ZodType'?
node_modules/.pnpm/astro@5.16.7_@azure+storage-blob@12.29.1_@types+node@25.0.3_@upstash+redis@1.36.1_@verc_ec5e961cdbb5ad20e2620366f76d2007/node_modules/astro/dist/core/config/schemas/base.d.ts(172,77): error TS2344: Type 'OutgoingHttpHeaders' does not satisfy the constraint '$ZodTypeInternals<OutgoingHttpHeaders, z.ZodTypeDef>'.
  Type 'OutgoingHttpHeaders' is missing the following properties from type '$ZodTypeInternals<OutgoingHttpHeaders, z.ZodTypeDef>': output, input, version, def, and 8 more.
node_modules/.pnpm/astro@5.16.7_@azure+storage-blob@12.29.1_@types+node@25.0.3_@upstash+redis@1.36.1_@verc_ec5e961cdbb5ad20e2620366f76d2007/node_modules/astro/dist/core/config/schemas/base.d.ts(173,62): error TS2707: Generic type 'ZodArray<T>' requires between 0 and 1 type arguments.
node_modules/.pnpm/astro@5.16.7_@azure+storage-blob@12.29.1_@types+node@25.0.3_@upstash+redis@1.36.1_@verc_ec5e961cdbb5ad20e2620366f76d2007/node_modules/astro/dist/core/config/schemas/base.d.ts(193,79): error TS2707: Generic type 'ZodObject<Shape, Config>' requires between 0 and 2 type arguments.
node_modules/.pnpm/astro@5.16.7_@azure+storage-blob@12.29.1_@types+node@25.0.3_@upstash+redis@1.36.1_@verc_ec5e961cdbb5ad20e2620366f76d2007/node_modules/astro/dist/core/config/schemas/base.d.ts(203,55): error TS2707: Generic type 'ZodObject<Shape, Config>' requires between 0 and 2 type arguments.
node_modules/.pnpm/astro@5.16.7_@azure+storage-blob@12.29.1_@types+node@25.0.3_@upstash+redis@1.36.1_@verc_ec5e961cdbb5ad20e2620366f76d2007/node_modules/astro/dist/core/config/schemas/base.d.ts(205,50): error TS2344: Type '["tap", "hover", "viewport", "load"]' does not satisfy the constraint 'Readonly<Record<string, EnumValue>>'.
  Index signature for type 'string' is missing in type '["tap", "hover", "viewport", "load"]'.
node_modules/.pnpm/astro@5.16.7_@azure+storage-blob@12.29.1_@types+node@25.0.3_@upstash+redis@1.36.1_@verc_ec5e961cdbb5ad20e2620366f76d2007/node_modules/astro/dist/core/config/schemas/base.d.ts(213,25): error TS2707: Generic type 'ZodObject<Shape, Config>' requires between 0 and 2 type arguments.
node_modules/.pnpm/astro@5.16.7_@azure+storage-blob@12.29.1_@types+node@25.0.3_@upstash+redis@1.36.1_@verc_ec5e961cdbb5ad20e2620366f76d2007/node_modules/astro/dist/core/config/schemas/base.d.ts(214,32): error TS2707: Generic type 'ZodObject<Shape, Config>' requires between 0 and 2 type arguments.
node_modules/.pnpm/astro@5.16.7_@azure+storage-blob@12.29.1_@types+node@25.0.3_@upstash+redis@1.36.1_@verc_ec5e961cdbb5ad20e2620366f76d2007/node_modules/astro/dist/core/config/schemas/base.d.ts(224,31): error TS2707: Generic type 'ZodObject<Shape, Config>' requires between 0 and 2 type arguments.
node_modules/.pnpm/astro@5.16.7_@azure+storage-blob@12.29.1_@types+node@25.0.3_@upstash+redis@1.36.1_@verc_ec5e961cdbb5ad20e2620366f76d2007/node_modules/astro/dist/core/config/schemas/base.d.ts(234,31): error TS2707: Generic type 'ZodArray<T>' requires between 0 and 1 type arguments.
node_modules/.pnpm/astro@5.16.7_@azure+storage-blob@12.29.1_@types+node@25.0.3_@upstash+redis@1.36.1_@verc_ec5e961cdbb5ad20e2620366f76d2007/node_modules/astro/dist/core/config/schemas/base.d.ts(235,38): error TS2707: Generic type 'ZodArray<T>' requires between 0 and 1 type arguments.
node_modules/.pnpm/astro@5.16.7_@azure+storage-blob@12.29.1_@types+node@25.0.3_@upstash+redis@1.36.1_@verc_ec5e961cdbb5ad20e2620366f76d2007/node_modules/astro/dist/core/config/schemas/base.d.ts(235,49): error TS2707: Generic type 'ZodObject<Shape, Config>' requires between 0 and 2 type arguments.
node_modules/.pnpm/astro@5.16.7_@azure+storage-blob@12.29.1_@types+node@25.0.3_@upstash+redis@1.36.1_@verc_ec5e961cdbb5ad20e2620366f76d2007/node_modules/astro/dist/core/config/schemas/base.d.ts(251,41): error TS2344: Type '["constrained", "fixed", "full-width", "none"]' does not satisfy the constraint 'Readonly<Record<string, EnumValue>>'.
  Index signature for type 'string' is missing in type '["constrained", "fixed", "full-width", "none"]'.
node_modules/.pnpm/astro@5.16.7_@azure+storage-blob@12.29.1_@types+node@25.0.3_@upstash+redis@1.36.1_@verc_ec5e961cdbb5ad20e2620366f76d2007/node_modules/astro/dist/core/config/schemas/base.d.ts(254,36): error TS2707: Generic type 'ZodArray<T>' requires between 0 and 1 type arguments.
node_modules/.pnpm/astro@5.16.7_@azure+storage-blob@12.29.1_@types+node@25.0.3_@upstash+redis@1.36.1_@verc_ec5e961cdbb5ad20e2620366f76d2007/node_modules/astro/dist/core/config/schemas/base.d.ts(299,30): error TS2707: Generic type 'ZodObject<Shape, Config>' requires between 0 and 2 type arguments.
node_modules/.pnpm/astro@5.16.7_@azure+storage-blob@12.29.1_@types+node@25.0.3_@upstash+redis@1.36.1_@verc_ec5e961cdbb5ad20e2620366f76d2007/node_modules/astro/dist/core/config/schemas/base.d.ts(306,28): error TS2707: Generic type 'ZodObject<Shape, Config>' requires between 0 and 2 type arguments.
node_modules/.pnpm/astro@5.16.7_@azure+storage-blob@12.29.1_@types+node@25.0.3_@upstash+redis@1.36.1_@verc_ec5e961cdbb5ad20e2620366f76d2007/node_modules/astro/dist/core/config/schemas/base.d.ts(307,64): error TS2707: Generic type 'ZodObject<Shape, Config>' requires between 0 and 2 type arguments.
node_modules/.pnpm/astro@5.16.7_@azure+storage-blob@12.29.1_@types+node@25.0.3_@upstash+redis@1.36.1_@verc_ec5e961cdbb5ad20e2620366f76d2007/node_modules/astro/dist/core/config/schemas/base.d.ts(309,54): error TS2707: Generic type 'ZodArray<T>' requires between 0 and 1 type arguments.
node_modules/.pnpm/astro@5.16.7_@azure+storage-blob@12.29.1_@types+node@25.0.3_@upstash+redis@1.36.1_@verc_ec5e961cdbb5ad20e2620366f76d2007/node_modules/astro/dist/core/config/schemas/base.d.ts(317,35): error TS2707: Generic type 'ZodObject<Shape, Config>' requires between 0 and 2 type arguments.
node_modules/.pnpm/astro@5.16.7_@azure+storage-blob@12.29.1_@types+node@25.0.3_@upstash+redis@1.36.1_@verc_ec5e961cdbb5ad20e2620366f76d2007/node_modules/astro/dist/core/config/schemas/base.d.ts(318,35): error TS2694: Namespace '"/home/vivi/pixelated/node_modules/.pnpm/zod@4.3.5/node_modules/zod/v4/classic/external"' has no exported member 'ZodEffects'.
node_modules/.pnpm/astro@5.16.7_@azure+storage-blob@12.29.1_@types+node@25.0.3_@upstash+redis@1.36.1_@verc_ec5e961cdbb5ad20e2620366f76d2007/node_modules/astro/dist/core/config/schemas/base.d.ts(318,46): error TS2707: Generic type 'ZodArray<T>' requires between 0 and 1 type arguments.
node_modules/.pnpm/astro@5.16.7_@azure+storage-blob@12.29.1_@types+node@25.0.3_@upstash+redis@1.36.1_@verc_ec5e961cdbb5ad20e2620366f76d2007/node_modules/astro/dist/core/config/schemas/base.d.ts(318,80): error TS2724: '"/home/vivi/pixelated/node_modules/.pnpm/zod@4.3.5/node_modules/zod/v4/classic/external"' has no exported member named 'ZodTypeDef'. Did you mean 'ZodType'?
node_modules/.pnpm/astro@5.16.7_@azure+storage-blob@12.29.1_@types+node@25.0.3_@upstash+redis@1.36.1_@verc_ec5e961cdbb5ad20e2620366f76d2007/node_modules/astro/dist/core/config/schemas/base.d.ts(318,92): error TS2344: Type 'ShikiLang' does not satisfy the constraint '$ZodTypeInternals<ShikiLang, z.ZodTypeDef>'.
  Type 'ShikiLang' is missing the following properties from type '$ZodTypeInternals<ShikiLang, z.ZodTypeDef>': output, input, version, def, and 8 more.
node_modules/.pnpm/astro@5.16.7_@azure+storage-blob@12.29.1_@types+node@25.0.3_@upstash+redis@1.36.1_@verc_ec5e961cdbb5ad20e2620366f76d2007/node_modules/astro/dist/core/config/schemas/base.d.ts(320,33): error TS2344: Type 'ZodUnion<[ZodEnum<[BundledTheme, ...BundledTheme[]]>, ZodType<ShikiTheme, z.ZodTypeDef, ShikiTheme>]>' does not satisfy the constraint 'SomeType'.
  The types of '_zod.values' are incompatible between these types.
    Type '{}' is missing the following properties from type 'Set<Primitive>': add, clear, delete, forEach, and 7 more.
node_modules/.pnpm/astro@5.16.7_@azure+storage-blob@12.29.1_@types+node@25.0.3_@upstash+redis@1.36.1_@verc_ec5e961cdbb5ad20e2620366f76d2007/node_modules/astro/dist/core/config/schemas/base.d.ts(320,44): error TS2344: Type '[ZodEnum<[BundledTheme, ...BundledTheme[]]>, ZodType<ShikiTheme, z.ZodTypeDef, ShikiTheme>]' does not satisfy the constraint 'readonly SomeType[]'.
  Type 'ZodEnum<[BundledTheme, ...BundledTheme[]]> | ZodType<ShikiTheme, z.ZodTypeDef, ShikiTheme>' is not assignable to type 'SomeType'.
    Type 'ZodType<ShikiTheme, z.ZodTypeDef, ShikiTheme>' is not assignable to type 'SomeType'.
      Types of property '_zod' are incompatible.
        Type 'ShikiTheme' is not assignable to type '_$ZodTypeInternals'.
          Type 'String & ComplexifyUnionObj' is missing the following properties from type '_$ZodTypeInternals': version, def, deferred, run, and 6 more.
node_modules/.pnpm/astro@5.16.7_@azure+storage-blob@12.29.1_@types+node@25.0.3_@upstash+redis@1.36.1_@verc_ec5e961cdbb5ad20e2620366f76d2007/node_modules/astro/dist/core/config/schemas/base.d.ts(320,55): error TS2344: Type '[BundledTheme, ...BundledTheme[]]' does not satisfy the constraint 'Readonly<Record<string, EnumValue>>'.
  Index signature for type 'string' is missing in type '[BundledTheme, ...BundledTheme[]]'.
node_modules/.pnpm/astro@5.16.7_@azure+storage-blob@12.29.1_@types+node@25.0.3_@upstash+redis@1.36.1_@verc_ec5e961cdbb5ad20e2620366f76d2007/node_modules/astro/dist/core/config/schemas/base.d.ts(320,147): error TS2724: '"/home/vivi/pixelated/node_modules/.pnpm/zod@4.3.5/node_modules/zod/v4/classic/external"' has no exported member named 'ZodTypeDef'. Did you mean 'ZodType'?
node_modules/.pnpm/astro@5.16.7_@azure+storage-blob@12.29.1_@types+node@25.0.3_@upstash+redis@1.36.1_@verc_ec5e961cdbb5ad20e2620366f76d2007/node_modules/astro/dist/core/config/schemas/base.d.ts(320,159): error TS2344: Type 'ShikiTheme' does not satisfy the constraint '$ZodTypeInternals<ShikiTheme, z.ZodTypeDef>'.
  Type 'String & ComplexifyUnionObj' is missing the following properties from type '$ZodTypeInternals<ShikiTheme, z.ZodTypeDef>': output, input, version, def, and 8 more.
node_modules/.pnpm/astro@5.16.7_@azure+storage-blob@12.29.1_@types+node@25.0.3_@upstash+redis@1.36.1_@verc_ec5e961cdbb5ad20e2620366f76d2007/node_modules/astro/dist/core/config/schemas/base.d.ts(321,59): error TS2344: Type 'ZodUnion<[ZodEnum<[BundledTheme, ...BundledTheme[]]>, ZodType<ShikiTheme, z.ZodTypeDef, ShikiTheme>]>' does not satisfy the constraint 'SomeType'.
  The types of '_zod.values' are incompatible between these types.
    Type '{}' is missing the following properties from type 'Set<Primitive>': add, clear, delete, forEach, and 7 more.
node_modules/.pnpm/astro@5.16.7_@azure+storage-blob@12.29.1_@types+node@25.0.3_@upstash+redis@1.36.1_@verc_ec5e961cdbb5ad20e2620366f76d2007/node_modules/astro/dist/core/config/schemas/base.d.ts(321,70): error TS2344: Type '[ZodEnum<[BundledTheme, ...BundledTheme[]]>, ZodType<ShikiTheme, z.ZodTypeDef, ShikiTheme>]' does not satisfy the constraint 'readonly SomeType[]'.
  Type 'ZodEnum<[BundledTheme, ...BundledTheme[]]> | ZodType<ShikiTheme, z.ZodTypeDef, ShikiTheme>' is not assignable to type 'SomeType'.
    Type 'ZodType<ShikiTheme, z.ZodTypeDef, ShikiTheme>' is not assignable to type 'SomeType'.
      Types of property '_zod' are incompatible.
        Type 'ShikiTheme' is not assignable to type '_$ZodTypeInternals'.
          Type 'String & ComplexifyUnionObj' is missing the following properties from type '_$ZodTypeInternals': version, def, deferred, run, and 6 more.
node_modules/.pnpm/astro@5.16.7_@azure+storage-blob@12.29.1_@types+node@25.0.3_@upstash+redis@1.36.1_@verc_ec5e961cdbb5ad20e2620366f76d2007/node_modules/astro/dist/core/config/schemas/base.d.ts(321,81): error TS2344: Type '[BundledTheme, ...BundledTheme[]]' does not satisfy the constraint 'Readonly<Record<string, EnumValue>>'.
  Index signature for type 'string' is missing in type '[BundledTheme, ...BundledTheme[]]'.
node_modules/.pnpm/astro@5.16.7_@azure+storage-blob@12.29.1_@types+node@25.0.3_@upstash+redis@1.36.1_@verc_ec5e961cdbb5ad20e2620366f76d2007/node_modules/astro/dist/core/config/schemas/base.d.ts(321,173): error TS2724: '"/home/vivi/pixelated/node_modules/.pnpm/zod@4.3.5/node_modules/zod/v4/classic/external"' has no exported member named 'ZodTypeDef'. Did you mean 'ZodType'?
node_modules/.pnpm/astro@5.16.7_@azure+storage-blob@12.29.1_@types+node@25.0.3_@upstash+redis@1.36.1_@verc_ec5e961cdbb5ad20e2620366f76d2007/node_modules/astro/dist/core/config/schemas/base.d.ts(321,185): error TS2344: Type 'ShikiTheme' does not satisfy the constraint '$ZodTypeInternals<ShikiTheme, z.ZodTypeDef>'.
  Type 'String & ComplexifyUnionObj' is missing the following properties from type '$ZodTypeInternals<ShikiTheme, z.ZodTypeDef>': output, input, version, def, and 8 more.
node_modules/.pnpm/astro@5.16.7_@azure+storage-blob@12.29.1_@types+node@25.0.3_@upstash+redis@1.36.1_@verc_ec5e961cdbb5ad20e2620366f76d2007/node_modules/astro/dist/core/config/schemas/base.d.ts(324,40): error TS2707: Generic type 'ZodArray<T>' requires between 0 and 1 type arguments.
node_modules/.pnpm/astro@5.16.7_@azure+storage-blob@12.29.1_@types+node@25.0.3_@upstash+redis@1.36.1_@verc_ec5e961cdbb5ad20e2620366f76d2007/node_modules/astro/dist/core/config/schemas/base.d.ts(324,81): error TS2724: '"/home/vivi/pixelated/node_modules/.pnpm/zod@4.3.5/node_modules/zod/v4/classic/external"' has no exported member named 'ZodTypeDef'. Did you mean 'ZodType'?
node_modules/.pnpm/astro@5.16.7_@azure+storage-blob@12.29.1_@types+node@25.0.3_@upstash+redis@1.36.1_@verc_ec5e961cdbb5ad20e2620366f76d2007/node_modules/astro/dist/core/config/schemas/base.d.ts(324,93): error TS2344: Type 'ShikiTransformer' does not satisfy the constraint '$ZodTypeInternals<ShikiTransformer, z.ZodTypeDef>'.
  Type 'ShikiTransformer' is missing the following properties from type '$ZodTypeInternals<ShikiTransformer, z.ZodTypeDef>': output, input, version, def, and 8 more.
node_modules/.pnpm/astro@5.16.7_@azure+storage-blob@12.29.1_@types+node@25.0.3_@upstash+redis@1.36.1_@verc_ec5e961cdbb5ad20e2620366f76d2007/node_modules/astro/dist/core/config/schemas/base.d.ts(342,37): error TS2707: Generic type 'ZodArray<T>' requires between 0 and 1 type arguments.
node_modules/.pnpm/astro@5.16.7_@azure+storage-blob@12.29.1_@types+node@25.0.3_@upstash+redis@1.36.1_@verc_ec5e961cdbb5ad20e2620366f76d2007/node_modules/astro/dist/core/config/schemas/base.d.ts(342,59): error TS2344: Type '[ZodString, ZodTuple<[ZodString, ZodAny], null>, ZodType<RemarkPlugin, z.ZodTypeDef, RemarkPlugin>, ZodTuple<...>]' does not satisfy the constraint 'readonly SomeType[]'.
  Type 'ZodString | ZodTuple<[ZodString, ZodAny], null> | ZodType<RemarkPlugin, z.ZodTypeDef, RemarkPlugin> | ZodTuple<...>' is not assignable to type 'SomeType'.
    Type 'ZodType<RemarkPlugin, z.ZodTypeDef, RemarkPlugin>' is not assignable to type 'SomeType'.
      Types of property '_zod' are incompatible.
        Type 'RemarkPlugin' is not assignable to type '_$ZodTypeInternals'.
node_modules/.pnpm/astro@5.16.7_@azure+storage-blob@12.29.1_@types+node@25.0.3_@upstash+redis@1.36.1_@verc_ec5e961cdbb5ad20e2620366f76d2007/node_modules/astro/dist/core/config/schemas/base.d.ts(342,142): error TS2724: '"/home/vivi/pixelated/node_modules/.pnpm/zod@4.3.5/node_modules/zod/v4/classic/external"' has no exported member named 'ZodTypeDef'. Did you mean 'ZodType'?
node_modules/.pnpm/astro@5.16.7_@azure+storage-blob@12.29.1_@types+node@25.0.3_@upstash+redis@1.36.1_@verc_ec5e961cdbb5ad20e2620366f76d2007/node_modules/astro/dist/core/config/schemas/base.d.ts(342,154): error TS2344: Type 'RemarkPlugin' does not satisfy the constraint '$ZodTypeInternals<RemarkPlugin, z.ZodTypeDef>'.
node_modules/.pnpm/astro@5.16.7_@azure+storage-blob@12.29.1_@types+node@25.0.3_@upstash+redis@1.36.1_@verc_ec5e961cdbb5ad20e2620366f76d2007/node_modules/astro/dist/core/config/schemas/base.d.ts(342,180): error TS2344: Type '[ZodType<RemarkPlugin, z.ZodTypeDef, RemarkPlugin>, ZodAny]' does not satisfy the constraint 'TupleItems'.
  Type 'ZodAny | ZodType<RemarkPlugin, z.ZodTypeDef, RemarkPlugin>' is not assignable to type 'SomeType'.
    Type 'ZodType<RemarkPlugin, z.ZodTypeDef, RemarkPlugin>' is not assignable to type 'SomeType'.
      Types of property '_zod' are incompatible.
        Type 'RemarkPlugin' is not assignable to type '_$ZodTypeInternals'.
node_modules/.pnpm/astro@5.16.7_@azure+storage-blob@12.29.1_@types+node@25.0.3_@upstash+redis@1.36.1_@verc_ec5e961cdbb5ad20e2620366f76d2007/node_modules/astro/dist/core/config/schemas/base.d.ts(342,207): error TS2724: '"/home/vivi/pixelated/node_modules/.pnpm/zod@4.3.5/node_modules/zod/v4/classic/external"' has no exported member named 'ZodTypeDef'. Did you mean 'ZodType'?
node_modules/.pnpm/astro@5.16.7_@azure+storage-blob@12.29.1_@types+node@25.0.3_@upstash+redis@1.36.1_@verc_ec5e961cdbb5ad20e2620366f76d2007/node_modules/astro/dist/core/config/schemas/base.d.ts(342,219): error TS2344: Type 'RemarkPlugin' does not satisfy the constraint '$ZodTypeInternals<RemarkPlugin, z.ZodTypeDef>'.
node_modules/.pnpm/astro@5.16.7_@azure+storage-blob@12.29.1_@types+node@25.0.3_@upstash+redis@1.36.1_@verc_ec5e961cdbb5ad20e2620366f76d2007/node_modules/astro/dist/core/config/schemas/base.d.ts(343,37): error TS2707: Generic type 'ZodArray<T>' requires between 0 and 1 type arguments.
node_modules/.pnpm/astro@5.16.7_@azure+storage-blob@12.29.1_@types+node@25.0.3_@upstash+redis@1.36.1_@verc_ec5e961cdbb5ad20e2620366f76d2007/node_modules/astro/dist/core/config/schemas/base.d.ts(343,59): error TS2344: Type '[ZodString, ZodTuple<[ZodString, ZodAny], null>, ZodType<RehypePlugin, z.ZodTypeDef, RehypePlugin>, ZodTuple<...>]' does not satisfy the constraint 'readonly SomeType[]'.
  Type 'ZodString | ZodTuple<[ZodString, ZodAny], null> | ZodType<RehypePlugin, z.ZodTypeDef, RehypePlugin> | ZodTuple<...>' is not assignable to type 'SomeType'.
    Type 'ZodType<RehypePlugin, z.ZodTypeDef, RehypePlugin>' is not assignable to type 'SomeType'.
      Types of property '_zod' are incompatible.
        Type 'RehypePlugin' is not assignable to type '_$ZodTypeInternals'.
node_modules/.pnpm/astro@5.16.7_@azure+storage-blob@12.29.1_@types+node@25.0.3_@upstash+redis@1.36.1_@verc_ec5e961cdbb5ad20e2620366f76d2007/node_modules/astro/dist/core/config/schemas/base.d.ts(343,142): error TS2724: '"/home/vivi/pixelated/node_modules/.pnpm/zod@4.3.5/node_modules/zod/v4/classic/external"' has no exported member named 'ZodTypeDef'. Did you mean 'ZodType'?
node_modules/.pnpm/astro@5.16.7_@azure+storage-blob@12.29.1_@types+node@25.0.3_@upstash+redis@1.36.1_@verc_ec5e961cdbb5ad20e2620366f76d2007/node_modules/astro/dist/core/config/schemas/base.d.ts(343,154): error TS2344: Type 'RehypePlugin' does not satisfy the constraint '$ZodTypeInternals<RehypePlugin, z.ZodTypeDef>'.
node_modules/.pnpm/astro@5.16.7_@azure+storage-blob@12.29.1_@types+node@25.0.3_@upstash+redis@1.36.1_@verc_ec5e961cdbb5ad20e2620366f76d2007/node_modules/astro/dist/core/config/schemas/base.d.ts(343,180): error TS2344: Type '[ZodType<RehypePlugin, z.ZodTypeDef, RehypePlugin>, ZodAny]' does not satisfy the constraint 'TupleItems'.
  Type 'ZodAny | ZodType<RehypePlugin, z.ZodTypeDef, RehypePlugin>' is not assignable to type 'SomeType'.
    Type 'ZodType<RehypePlugin, z.ZodTypeDef, RehypePlugin>' is not assignable to type 'SomeType'.
      Types of property '_zod' are incompatible.
        Type 'RehypePlugin' is not assignable to type '_$ZodTypeInternals'.
node_modules/.pnpm/astro@5.16.7_@azure+storage-blob@12.29.1_@types+node@25.0.3_@upstash+redis@1.36.1_@verc_ec5e961cdbb5ad20e2620366f76d2007/node_modules/astro/dist/core/config/schemas/base.d.ts(343,207): error TS2724: '"/home/vivi/pixelated/node_modules/.pnpm/zod@4.3.5/node_modules/zod/v4/classic/external"' has no exported member named 'ZodTypeDef'. Did you mean 'ZodType'?
node_modules/.pnpm/astro@5.16.7_@azure+storage-blob@12.29.1_@types+node@25.0.3_@upstash+redis@1.36.1_@verc_ec5e961cdbb5ad20e2620366f76d2007/node_modules/astro/dist/core/config/schemas/base.d.ts(343,219): error TS2344: Type 'RehypePlugin' does not satisfy the constraint '$ZodTypeInternals<RehypePlugin, z.ZodTypeDef>'.
node_modules/.pnpm/astro@5.16.7_@azure+storage-blob@12.29.1_@types+node@25.0.3_@upstash+redis@1.36.1_@verc_ec5e961cdbb5ad20e2620366f76d2007/node_modules/astro/dist/core/config/schemas/base.d.ts(344,36): error TS2344: Type 'ZodType<RemarkRehype, z.ZodTypeDef, RemarkRehype>' does not satisfy the constraint 'SomeType'.
  Types of property '_zod' are incompatible.
    Type 'RemarkRehype' is missing the following properties from type '_$ZodTypeInternals': version, def, deferred, run, and 6 more.
node_modules/.pnpm/astro@5.16.7_@azure+storage-blob@12.29.1_@types+node@25.0.3_@upstash+redis@1.36.1_@verc_ec5e961cdbb5ad20e2620366f76d2007/node_modules/astro/dist/core/config/schemas/base.d.ts(344,62): error TS2724: '"/home/vivi/pixelated/node_modules/.pnpm/zod@4.3.5/node_modules/zod/v4/classic/external"' has no exported member named 'ZodTypeDef'. Did you mean 'ZodType'?
node_modules/.pnpm/astro@5.16.7_@azure+storage-blob@12.29.1_@types+node@25.0.3_@upstash+redis@1.36.1_@verc_ec5e961cdbb5ad20e2620366f76d2007/node_modules/astro/dist/core/config/schemas/base.d.ts(344,74): error TS2344: Type 'RemarkRehype' does not satisfy the constraint '$ZodTypeInternals<RemarkRehype, z.ZodTypeDef>'.
  Type 'RemarkRehype' is missing the following properties from type '$ZodTypeInternals<RemarkRehype, z.ZodTypeDef>': output, input, version, def, and 8 more.
node_modules/.pnpm/astro@5.16.7_@azure+storage-blob@12.29.1_@types+node@25.0.3_@upstash+redis@1.36.1_@verc_ec5e961cdbb5ad20e2620366f76d2007/node_modules/astro/dist/core/config/schemas/base.d.ts(386,24): error TS2344: Type 'ZodType<ViteUserConfig, z.ZodTypeDef, ViteUserConfig>' does not satisfy the constraint 'SomeType'.
  Types of property '_zod' are incompatible.
    Type 'ViteUserConfig' is missing the following properties from type '_$ZodTypeInternals': version, def, deferred, run, and 6 more.
node_modules/.pnpm/astro@5.16.7_@azure+storage-blob@12.29.1_@types+node@25.0.3_@upstash+redis@1.36.1_@verc_ec5e961cdbb5ad20e2620366f76d2007/node_modules/astro/dist/core/config/schemas/base.d.ts(386,52): error TS2724: '"/home/vivi/pixelated/node_modules/.pnpm/zod@4.3.5/node_modules/zod/v4/classic/external"' has no exported member named 'ZodTypeDef'. Did you mean 'ZodType'?
node_modules/.pnpm/astro@5.16.7_@azure+storage-blob@12.29.1_@types+node@25.0.3_@upstash+redis@1.36.1_@verc_ec5e961cdbb5ad20e2620366f76d2007/node_modules/astro/dist/core/config/schemas/base.d.ts(386,64): error TS2344: Type 'ViteUserConfig' does not satisfy the constraint '$ZodTypeInternals<ViteUserConfig, z.ZodTypeDef>'.
  Type 'ViteUserConfig' is missing the following properties from type '$ZodTypeInternals<ViteUserConfig, z.ZodTypeDef>': output, input, version, def, and 8 more.
node_modules/.pnpm/astro@5.16.7_@azure+storage-blob@12.29.1_@types+node@25.0.3_@upstash+redis@1.36.1_@verc_ec5e961cdbb5ad20e2620366f76d2007/node_modules/astro/dist/core/config/schemas/base.d.ts(387,39): error TS2707: Generic type 'ZodObject<Shape, Config>' requires between 0 and 2 type arguments.
node_modules/.pnpm/astro@5.16.7_@azure+storage-blob@12.29.1_@types+node@25.0.3_@upstash+redis@1.36.1_@verc_ec5e961cdbb5ad20e2620366f76d2007/node_modules/astro/dist/core/config/schemas/base.d.ts(389,18): error TS2707: Generic type 'ZodArray<T>' requires between 0 and 1 type arguments.
node_modules/.pnpm/astro@5.16.7_@azure+storage-blob@12.29.1_@types+node@25.0.3_@upstash+redis@1.36.1_@verc_ec5e961cdbb5ad20e2620366f76d2007/node_modules/astro/dist/core/config/schemas/base.d.ts(389,54): error TS2707: Generic type 'ZodObject<Shape, Config>' requires between 0 and 2 type arguments.
node_modules/.pnpm/astro@5.16.7_@azure+storage-blob@12.29.1_@types+node@25.0.3_@upstash+redis@1.36.1_@verc_ec5e961cdbb5ad20e2620366f76d2007/node_modules/astro/dist/core/config/schemas/base.d.ts(391,20): error TS2707: Generic type 'ZodArray<T>' requires between 0 and 1 type arguments.
node_modules/.pnpm/astro@5.16.7_@azure+storage-blob@12.29.1_@types+node@25.0.3_@upstash+redis@1.36.1_@verc_ec5e961cdbb5ad20e2620366f76d2007/node_modules/astro/dist/core/config/schemas/base.d.ts(401,81): error TS2707: Generic type 'ZodObject<Shape, Config>' requires between 0 and 2 type arguments.
node_modules/.pnpm/astro@5.16.7_@azure+storage-blob@12.29.1_@types+node@25.0.3_@upstash+redis@1.36.1_@verc_ec5e961cdbb5ad20e2620366f76d2007/node_modules/astro/dist/core/config/schemas/base.d.ts(404,64): error TS2344: Type '["redirect", "rewrite"]' does not satisfy the constraint 'Readonly<Record<string, EnumValue>>'.
  Index signature for type 'string' is missing in type '["redirect", "rewrite"]'.
node_modules/.pnpm/astro@5.16.7_@azure+storage-blob@12.29.1_@types+node@25.0.3_@upstash+redis@1.36.1_@verc_ec5e961cdbb5ad20e2620366f76d2007/node_modules/astro/dist/core/config/schemas/base.d.ts(441,42): error TS2707: Generic type 'ZodObject<Shape, Config>' requires between 0 and 2 type arguments.
node_modules/.pnpm/astro@5.16.7_@azure+storage-blob@12.29.1_@types+node@25.0.3_@upstash+redis@1.36.1_@verc_ec5e961cdbb5ad20e2620366f76d2007/node_modules/astro/dist/core/config/schemas/base.d.ts(443,52): error TS2707: Generic type 'ZodArray<T>' requires between 0 and 1 type arguments.
node_modules/.pnpm/astro@5.16.7_@azure+storage-blob@12.29.1_@types+node@25.0.3_@upstash+redis@1.36.1_@verc_ec5e961cdbb5ad20e2620366f76d2007/node_modules/astro/dist/core/config/schemas/base.d.ts(443,63): error TS2707: Generic type 'ZodObject<Shape, Config>' requires between 0 and 2 type arguments.
node_modules/.pnpm/astro@5.16.7_@azure+storage-blob@12.29.1_@types+node@25.0.3_@upstash+redis@1.36.1_@verc_ec5e961cdbb5ad20e2620366f76d2007/node_modules/astro/dist/core/config/schemas/base.d.ts(471,37): error TS2707: Generic type 'ZodObject<Shape, Config>' requires between 0 and 2 type arguments.
node_modules/.pnpm/astro@5.16.7_@azure+storage-blob@12.29.1_@types+node@25.0.3_@upstash+redis@1.36.1_@verc_ec5e961cdbb5ad20e2620366f76d2007/node_modules/astro/dist/core/config/schemas/base.d.ts(472,58): error TS2694: Namespace '"/home/vivi/pixelated/node_modules/.pnpm/zod@4.3.5/node_modules/zod/v4/classic/external"' has no exported member 'ZodEffects'.
node_modules/.pnpm/astro@5.16.7_@azure+storage-blob@12.29.1_@types+node@25.0.3_@upstash+redis@1.36.1_@verc_ec5e961cdbb5ad20e2620366f76d2007/node_modules/astro/dist/core/config/schemas/base.d.ts(472,71): error TS2694: Namespace '"/home/vivi/pixelated/node_modules/.pnpm/zod@4.3.5/node_modules/zod/v4/classic/external"' has no exported member 'ZodEffects'.
node_modules/.pnpm/astro@5.16.7_@azure+storage-blob@12.29.1_@types+node@25.0.3_@upstash+redis@1.36.1_@verc_ec5e961cdbb5ad20e2620366f76d2007/node_modules/astro/dist/core/config/schemas/base.d.ts(472,149): error TS2694: Namespace '"/home/vivi/pixelated/node_modules/.pnpm/zod@4.3.5/node_modules/zod/v4/classic/external"' has no exported member 'ZodEffects'.
node_modules/.pnpm/astro@5.16.7_@azure+storage-blob@12.29.1_@types+node@25.0.3_@upstash+redis@1.36.1_@verc_ec5e961cdbb5ad20e2620366f76d2007/node_modules/astro/dist/core/config/schemas/base.d.ts(481,14): error TS2724: '"/home/vivi/pixelated/node_modules/.pnpm/zod@4.3.5/node_modules/zod/v4/classic/external"' has no exported member named 'ZodTypeDef'. Did you mean 'ZodType'?
node_modules/.pnpm/astro@5.16.7_@azure+storage-blob@12.29.1_@types+node@25.0.3_@upstash+redis@1.36.1_@verc_ec5e961cdbb5ad20e2620366f76d2007/node_modules/astro/dist/core/config/schemas/base.d.ts(481,26): error TS2344: Type '{ context: "client"; access: "public"; } | { context: "server"; access: "public"; } | { context: "server"; access: "secret"; }' does not satisfy the constraint '$ZodTypeInternals<{ context: "client"; access: "public"; } | { context: "server"; access: "public"; } | { context: "server"; access: "secret"; }, z.ZodTypeDef>'.
  Type '{ context: "client"; access: "public"; }' is missing the following properties from type '$ZodTypeInternals<{ context: "client"; access: "public"; } | { context: "server"; access: "public"; } | { context: "server"; access: "secret"; }, z.ZodTypeDef>': output, input, version, def, and 8 more.
node_modules/.pnpm/astro@5.16.7_@azure+storage-blob@12.29.1_@types+node@25.0.3_@upstash+redis@1.36.1_@verc_ec5e961cdbb5ad20e2620366f76d2007/node_modules/astro/dist/core/config/schemas/base.d.ts(508,25): error TS2707: Generic type 'ZodObject<Shape, Config>' requires between 0 and 2 type arguments.
node_modules/.pnpm/astro@5.16.7_@azure+storage-blob@12.29.1_@types+node@25.0.3_@upstash+redis@1.36.1_@verc_ec5e961cdbb5ad20e2620366f76d2007/node_modules/astro/dist/core/config/schemas/base.d.ts(541,13): error TS2707: Generic type 'ZodObject<Shape, Config>' requires between 0 and 2 type arguments.
node_modules/.pnpm/astro@5.16.7_@azure+storage-blob@12.29.1_@types+node@25.0.3_@upstash+redis@1.36.1_@verc_ec5e961cdbb5ad20e2620366f76d2007/node_modules/astro/dist/core/config/schemas/base.d.ts(568,13): error TS2707: Generic type 'ZodObject<Shape, Config>' requires between 0 and 2 type arguments.
node_modules/.pnpm/astro@5.16.7_@azure+storage-blob@12.29.1_@types+node@25.0.3_@upstash+redis@1.36.1_@verc_ec5e961cdbb5ad20e2620366f76d2007/node_modules/astro/dist/core/config/schemas/base.d.ts(580,15): error TS2694: Namespace '"/home/vivi/pixelated/node_modules/.pnpm/zod@4.3.5/node_modules/zod/v4/classic/external"' has no exported member 'ZodEffects'.
node_modules/.pnpm/astro@5.16.7_@azure+storage-blob@12.29.1_@types+node@25.0.3_@upstash+redis@1.36.1_@verc_ec5e961cdbb5ad20e2620366f76d2007/node_modules/astro/dist/core/config/schemas/base.d.ts(580,26): error TS2707: Generic type 'ZodObject<Shape, Config>' requires between 0 and 2 type arguments.
node_modules/.pnpm/astro@5.16.7_@azure+storage-blob@12.29.1_@types+node@25.0.3_@upstash+redis@1.36.1_@verc_ec5e961cdbb5ad20e2620366f76d2007/node_modules/astro/dist/core/config/schemas/base.d.ts(582,21): error TS2707: Generic type 'ZodArray<T>' requires between 0 and 1 type arguments.
node_modules/.pnpm/astro@5.16.7_@azure+storage-blob@12.29.1_@types+node@25.0.3_@upstash+redis@1.36.1_@verc_ec5e961cdbb5ad20e2620366f76d2007/node_modules/astro/dist/core/config/schemas/base.d.ts(582,34): error TS2694: Namespace '"/home/vivi/pixelated/node_modules/.pnpm/zod@4.3.5/node_modules/zod/v4/classic/external"' has no exported member 'ZodEffects'.
node_modules/.pnpm/astro@5.16.7_@azure+storage-blob@12.29.1_@types+node@25.0.3_@upstash+redis@1.36.1_@verc_ec5e961cdbb5ad20e2620366f76d2007/node_modules/astro/dist/core/config/schemas/base.d.ts(690,28): error TS2707: Generic type 'ZodObject<Shape, Config>' requires between 0 and 2 type arguments.
node_modules/.pnpm/astro@5.16.7_@azure+storage-blob@12.29.1_@types+node@25.0.3_@upstash+redis@1.36.1_@verc_ec5e961cdbb5ad20e2620366f76d2007/node_modules/astro/dist/core/config/schemas/base.d.ts(693,33): error TS2694: Namespace '"/home/vivi/pixelated/node_modules/.pnpm/zod@4.3.5/node_modules/zod/v4/classic/external"' has no exported member 'ZodEffects'.
node_modules/.pnpm/astro@5.16.7_@azure+storage-blob@12.29.1_@types+node@25.0.3_@upstash+redis@1.36.1_@verc_ec5e961cdbb5ad20e2620366f76d2007/node_modules/astro/dist/core/config/schemas/base.d.ts(693,56): error TS2707: Generic type 'ZodObject<Shape, Config>' requires between 0 and 2 type arguments.
node_modules/.pnpm/astro@5.16.7_@azure+storage-blob@12.29.1_@types+node@25.0.3_@upstash+redis@1.36.1_@verc_ec5e961cdbb5ad20e2620366f76d2007/node_modules/astro/dist/core/config/schemas/base.d.ts(698,59): error TS2344: Type '["strict", "lax", "none"]' does not satisfy the constraint 'Readonly<Record<string, EnumValue>>'.
  Index signature for type 'string' is missing in type '["strict", "lax", "none"]'.
node_modules/.pnpm/astro@5.16.7_@azure+storage-blob@12.29.1_@types+node@25.0.3_@upstash+redis@1.36.1_@verc_ec5e961cdbb5ad20e2620366f76d2007/node_modules/astro/dist/core/config/schemas/base.d.ts(755,32): error TS2707: Generic type 'ZodObject<Shape, Config>' requires between 0 and 2 type arguments.
node_modules/.pnpm/astro@5.16.7_@azure+storage-blob@12.29.1_@types+node@25.0.3_@upstash+redis@1.36.1_@verc_ec5e961cdbb5ad20e2620366f76d2007/node_modules/astro/dist/core/config/schemas/base.d.ts(760,30): error TS2707: Generic type 'ZodArray<T>' requires between 0 and 1 type arguments.
node_modules/.pnpm/astro@5.16.7_@azure+storage-blob@12.29.1_@types+node@25.0.3_@upstash+redis@1.36.1_@verc_ec5e961cdbb5ad20e2620366f76d2007/node_modules/astro/dist/core/config/schemas/base.d.ts(760,53): error TS2707: Generic type 'ZodObject<Shape, Config>' requires between 0 and 2 type arguments.
node_modules/.pnpm/astro@5.16.7_@azure+storage-blob@12.29.1_@types+node@25.0.3_@upstash+redis@1.36.1_@verc_ec5e961cdbb5ad20e2620366f76d2007/node_modules/astro/dist/core/config/schemas/base.d.ts(762,23): error TS2707: Generic type 'ZodArray<T>' requires between 0 and 1 type arguments.
node_modules/.pnpm/astro@5.16.7_@azure+storage-blob@12.29.1_@types+node@25.0.3_@upstash+redis@1.36.1_@verc_ec5e961cdbb5ad20e2620366f76d2007/node_modules/astro/dist/core/config/schemas/base.d.ts(762,34): error TS2707: Generic type 'ZodObject<Shape, Config>' requires between 0 and 2 type arguments.
node_modules/.pnpm/astro@5.16.7_@azure+storage-blob@12.29.1_@types+node@25.0.3_@upstash+redis@1.36.1_@verc_ec5e961cdbb5ad20e2620366f76d2007/node_modules/astro/dist/core/config/schemas/base.d.ts(763,22): error TS2707: Generic type 'ZodArray<T>' requires between 0 and 1 type arguments.
node_modules/.pnpm/astro@5.16.7_@azure+storage-blob@12.29.1_@types+node@25.0.3_@upstash+redis@1.36.1_@verc_ec5e961cdbb5ad20e2620366f76d2007/node_modules/astro/dist/core/config/schemas/base.d.ts(763,56): error TS2344: Type '[ZodString, ZodType<URL, z.ZodTypeDef, URL>]' does not satisfy the constraint 'readonly SomeType[]'.
  Type 'ZodString | ZodType<URL, z.ZodTypeDef, URL>' is not assignable to type 'SomeType'.
    Type 'ZodType<URL, z.ZodTypeDef, URL>' is not assignable to type 'SomeType'.
      Types of property '_zod' are incompatible.
        Type 'URL' is missing the following properties from type '_$ZodTypeInternals': version, def, deferred, run, and 6 more.
node_modules/.pnpm/astro@5.16.7_@azure+storage-blob@12.29.1_@types+node@25.0.3_@upstash+redis@1.36.1_@verc_ec5e961cdbb5ad20e2620366f76d2007/node_modules/astro/dist/core/config/schemas/base.d.ts(763,87): error TS2724: '"/home/vivi/pixelated/node_modules/.pnpm/zod@4.3.5/node_modules/zod/v4/classic/external"' has no exported member named 'ZodTypeDef'. Did you mean 'ZodType'?
node_modules/.pnpm/astro@5.16.7_@azure+storage-blob@12.29.1_@types+node@25.0.3_@upstash+redis@1.36.1_@verc_ec5e961cdbb5ad20e2620366f76d2007/node_modules/astro/dist/core/config/schemas/base.d.ts(763,99): error TS2344: Type 'URL' does not satisfy the constraint '$ZodTypeInternals<URL, z.ZodTypeDef>'.
  Type 'URL' is missing the following properties from type '$ZodTypeInternals<URL, z.ZodTypeDef>': output, input, version, def, and 8 more.
node_modules/.pnpm/astro@5.16.7_@azure+storage-blob@12.29.1_@types+node@25.0.3_@upstash+redis@1.36.1_@verc_ec5e961cdbb5ad20e2620366f76d2007/node_modules/astro/dist/core/config/schemas/base.d.ts(763,107): error TS2707: Generic type 'ZodObject<Shape, Config>' requires between 0 and 2 type arguments.
node_modules/.pnpm/astro@5.16.7_@azure+storage-blob@12.29.1_@types+node@25.0.3_@upstash+redis@1.36.1_@verc_ec5e961cdbb5ad20e2620366f76d2007/node_modules/astro/dist/core/config/schemas/base.d.ts(764,37): error TS2344: Type '[ZodString, ZodType<URL, z.ZodTypeDef, URL>]' does not satisfy the constraint 'readonly SomeType[]'.
  Type 'ZodString | ZodType<URL, z.ZodTypeDef, URL>' is not assignable to type 'SomeType'.
    Type 'ZodType<URL, z.ZodTypeDef, URL>' is not assignable to type 'SomeType'.
      Types of property '_zod' are incompatible.
        Type 'URL' is missing the following properties from type '_$ZodTypeInternals': version, def, deferred, run, and 6 more.
node_modules/.pnpm/astro@5.16.7_@azure+storage-blob@12.29.1_@types+node@25.0.3_@upstash+redis@1.36.1_@verc_ec5e961cdbb5ad20e2620366f76d2007/node_modules/astro/dist/core/config/schemas/base.d.ts(764,68): error TS2724: '"/home/vivi/pixelated/node_modules/.pnpm/zod@4.3.5/node_modules/zod/v4/classic/external"' has no exported member named 'ZodTypeDef'. Did you mean 'ZodType'?
node_modules/.pnpm/astro@5.16.7_@azure+storage-blob@12.29.1_@types+node@25.0.3_@upstash+redis@1.36.1_@verc_ec5e961cdbb5ad20e2620366f76d2007/node_modules/astro/dist/core/config/schemas/base.d.ts(764,80): error TS2344: Type 'URL' does not satisfy the constraint '$ZodTypeInternals<URL, z.ZodTypeDef>'.
  Type 'URL' is missing the following properties from type '$ZodTypeInternals<URL, z.ZodTypeDef>': output, input, version, def, and 8 more.
node_modules/.pnpm/astro@5.16.7_@azure+storage-blob@12.29.1_@types+node@25.0.3_@upstash+redis@1.36.1_@verc_ec5e961cdbb5ad20e2620366f76d2007/node_modules/astro/dist/core/config/schemas/base.d.ts(774,48): error TS2344: Type '["normal", "italic", "oblique"]' does not satisfy the constraint 'Readonly<Record<string, EnumValue>>'.
  Index signature for type 'string' is missing in type '["normal", "italic", "oblique"]'.
node_modules/.pnpm/astro@5.16.7_@azure+storage-blob@12.29.1_@types+node@25.0.3_@upstash+redis@1.36.1_@verc_ec5e961cdbb5ad20e2620366f76d2007/node_modules/astro/dist/core/config/schemas/base.d.ts(775,50): error TS2344: Type '["auto", "block", "swap", "fallback", "optional"]' does not satisfy the constraint 'Readonly<Record<string, EnumValue>>'.
  Index signature for type 'string' is missing in type '["auto", "block", "swap", "fallback", "optional"]'.
node_modules/.pnpm/astro@5.16.7_@azure+storage-blob@12.29.1_@types+node@25.0.3_@upstash+redis@1.36.1_@verc_ec5e961cdbb5ad20e2620366f76d2007/node_modules/astro/dist/core/config/schemas/base.d.ts(779,45): error TS2707: Generic type 'ZodArray<T>' requires between 0 and 1 type arguments.
node_modules/.pnpm/astro@5.16.7_@azure+storage-blob@12.29.1_@types+node@25.0.3_@upstash+redis@1.36.1_@verc_ec5e961cdbb5ad20e2620366f76d2007/node_modules/astro/dist/core/config/schemas/base.d.ts(811,38): error TS2707: Generic type 'ZodArray<T>' requires between 0 and 1 type arguments.
node_modules/.pnpm/astro@5.16.7_@azure+storage-blob@12.29.1_@types+node@25.0.3_@upstash+redis@1.36.1_@verc_ec5e961cdbb5ad20e2620366f76d2007/node_modules/astro/dist/core/config/schemas/base.d.ts(889,13): error TS2707: Generic type 'ZodObject<Shape, Config>' requires between 0 and 2 type arguments.
node_modules/.pnpm/astro@5.16.7_@azure+storage-blob@12.29.1_@types+node@25.0.3_@upstash+redis@1.36.1_@verc_ec5e961cdbb5ad20e2620366f76d2007/node_modules/astro/dist/core/config/schemas/base.d.ts(890,23): error TS2707: Generic type 'ZodObject<Shape, Config>' requires between 0 and 2 type arguments.
node_modules/.pnpm/astro@5.16.7_@azure+storage-blob@12.29.1_@types+node@25.0.3_@upstash+redis@1.36.1_@verc_ec5e961cdbb5ad20e2620366f76d2007/node_modules/astro/dist/core/config/schemas/base.d.ts(891,40): error TS2344: Type '[ZodString, ZodType<URL, z.ZodTypeDef, URL>]' does not satisfy the constraint 'readonly SomeType[]'.
  Type 'ZodString | ZodType<URL, z.ZodTypeDef, URL>' is not assignable to type 'SomeType'.
    Type 'ZodType<URL, z.ZodTypeDef, URL>' is not assignable to type 'SomeType'.
      Types of property '_zod' are incompatible.
        Type 'URL' is missing the following properties from type '_$ZodTypeInternals': version, def, deferred, run, and 6 more.
node_modules/.pnpm/astro@5.16.7_@azure+storage-blob@12.29.1_@types+node@25.0.3_@upstash+redis@1.36.1_@verc_ec5e961cdbb5ad20e2620366f76d2007/node_modules/astro/dist/core/config/schemas/base.d.ts(891,71): error TS2724: '"/home/vivi/pixelated/node_modules/.pnpm/zod@4.3.5/node_modules/zod/v4/classic/external"' has no exported member named 'ZodTypeDef'. Did you mean 'ZodType'?
node_modules/.pnpm/astro@5.16.7_@azure+storage-blob@12.29.1_@types+node@25.0.3_@upstash+redis@1.36.1_@verc_ec5e961cdbb5ad20e2620366f76d2007/node_modules/astro/dist/core/config/schemas/base.d.ts(891,83): error TS2344: Type 'URL' does not satisfy the constraint '$ZodTypeInternals<URL, z.ZodTypeDef>'.
  Type 'URL' is missing the following properties from type '$ZodTypeInternals<URL, z.ZodTypeDef>': output, input, version, def, and 8 more.
node_modules/.pnpm/astro@5.16.7_@azure+storage-blob@12.29.1_@types+node@25.0.3_@upstash+redis@1.36.1_@verc_ec5e961cdbb5ad20e2620366f76d2007/node_modules/astro/dist/core/config/schemas/base.d.ts(900,36): error TS2707: Generic type 'ZodArray<T>' requires between 0 and 1 type arguments.
node_modules/.pnpm/astro@5.16.7_@azure+storage-blob@12.29.1_@types+node@25.0.3_@upstash+redis@1.36.1_@verc_ec5e961cdbb5ad20e2620366f76d2007/node_modules/astro/dist/core/config/schemas/base.d.ts(901,35): error TS2707: Generic type 'ZodArray<T>' requires between 0 and 1 type arguments.
node_modules/.pnpm/astro@5.16.7_@azure+storage-blob@12.29.1_@types+node@25.0.3_@upstash+redis@1.36.1_@verc_ec5e961cdbb5ad20e2620366f76d2007/node_modules/astro/dist/core/config/schemas/base.d.ts(901,56): error TS2344: Type '["normal", "italic", "oblique"]' does not satisfy the constraint 'Readonly<Record<string, EnumValue>>'.
  Index signature for type 'string' is missing in type '["normal", "italic", "oblique"]'.
node_modules/.pnpm/astro@5.16.7_@azure+storage-blob@12.29.1_@types+node@25.0.3_@upstash+redis@1.36.1_@verc_ec5e961cdbb5ad20e2620366f76d2007/node_modules/astro/dist/core/config/schemas/base.d.ts(902,36): error TS2707: Generic type 'ZodArray<T>' requires between 0 and 1 type arguments.
node_modules/.pnpm/astro@5.16.7_@azure+storage-blob@12.29.1_@types+node@25.0.3_@upstash+redis@1.36.1_@verc_ec5e961cdbb5ad20e2620366f76d2007/node_modules/astro/dist/core/config/schemas/base.d.ts(903,36): error TS2707: Generic type 'ZodArray<T>' requires between 0 and 1 type arguments.
node_modules/.pnpm/astro@5.16.7_@azure+storage-blob@12.29.1_@types+node@25.0.3_@upstash+redis@1.36.1_@verc_ec5e961cdbb5ad20e2620366f76d2007/node_modules/astro/dist/core/config/schemas/base.d.ts(903,57): error TS2344: Type '["woff2", "woff", "otf", "ttf", "eot"]' does not satisfy the constraint 'Readonly<Record<string, EnumValue>>'.
  Index signature for type 'string' is missing in type '["woff2", "woff", "otf", "ttf", "eot"]'.
node_modules/.pnpm/astro@5.16.7_@azure+storage-blob@12.29.1_@types+node@25.0.3_@upstash+redis@1.36.1_@verc_ec5e961cdbb5ad20e2620366f76d2007/node_modules/astro/dist/core/config/schemas/base.d.ts(904,46): error TS2344: Type '["auto", "block", "swap", "fallback", "optional"]' does not satisfy the constraint 'Readonly<Record<string, EnumValue>>'.
  Index signature for type 'string' is missing in type '["auto", "block", "swap", "fallback", "optional"]'.
node_modules/.pnpm/astro@5.16.7_@azure+storage-blob@12.29.1_@types+node@25.0.3_@upstash+redis@1.36.1_@verc_ec5e961cdbb5ad20e2620366f76d2007/node_modules/astro/dist/core/config/schemas/base.d.ts(908,41): error TS2707: Generic type 'ZodArray<T>' requires between 0 and 1 type arguments.
node_modules/.pnpm/astro@5.16.7_@azure+storage-blob@12.29.1_@types+node@25.0.3_@upstash+redis@1.36.1_@verc_ec5e961cdbb5ad20e2620366f76d2007/node_modules/astro/dist/core/config/schemas/base.d.ts(909,38): error TS2707: Generic type 'ZodArray<T>' requires between 0 and 1 type arguments.
node_modules/.pnpm/astro@5.16.7_@azure+storage-blob@12.29.1_@types+node@25.0.3_@upstash+redis@1.36.1_@verc_ec5e961cdbb5ad20e2620366f76d2007/node_modules/astro/dist/core/config/schemas/base.d.ts(951,96): error TS2707: Generic type 'ZodObject<Shape, Config>' requires between 0 and 2 type arguments.
node_modules/.pnpm/astro@5.16.7_@azure+storage-blob@12.29.1_@types+node@25.0.3_@upstash+redis@1.36.1_@verc_ec5e961cdbb5ad20e2620366f76d2007/node_modules/astro/dist/core/config/schemas/base.d.ts(952,61): error TS2344: Type '["SHA-256", "SHA-384", "SHA-512"]' does not satisfy the constraint 'Readonly<Record<string, EnumValue>>'.
  Index signature for type 'string' is missing in type '["SHA-256", "SHA-384", "SHA-512"]'.
node_modules/.pnpm/astro@5.16.7_@azure+storage-blob@12.29.1_@types+node@25.0.3_@upstash+redis@1.36.1_@verc_ec5e961cdbb5ad20e2620366f76d2007/node_modules/astro/dist/core/config/schemas/base.d.ts(953,39): error TS2707: Generic type 'ZodArray<T>' requires between 0 and 1 type arguments.
node_modules/.pnpm/astro@5.16.7_@azure+storage-blob@12.29.1_@types+node@25.0.3_@upstash+redis@1.36.1_@verc_ec5e961cdbb5ad20e2620366f76d2007/node_modules/astro/dist/core/config/schemas/base.d.ts(953,598): error TS2724: '"/home/vivi/pixelated/node_modules/.pnpm/zod@4.3.5/node_modules/zod/v4/classic/external"' has no exported member named 'ZodTypeDef'. Did you mean 'ZodType'?
node_modules/.pnpm/astro@5.16.7_@azure+storage-blob@12.29.1_@types+node@25.0.3_@upstash+redis@1.36.1_@verc_ec5e961cdbb5ad20e2620366f76d2007/node_modules/astro/dist/core/config/schemas/base.d.ts(953,610): error TS2344: Type '`referrer${string}` | `upgrade-insecure-requests${string}` | `base-uri${string}` | `child-src${string}` | `connect-src${string}` | `default-src${string}` | `fenced-frame-src${string}` | `font-src${string}` | `form-action${string}` | `frame-ancestors${string}` | `frame-src${string}` | `img-src${string}` | `manifest-s...' does not satisfy the constraint '$ZodTypeInternals<`referrer${string}` | `upgrade-insecure-requests${string}` | `base-uri${string}` | `child-src${string}` | `connect-src${string}` | `default-src${string}` | `fenced-frame-src${string}` | `font-src${string}` | `form-action${string}` | `frame-ancestors${string}` | `frame-src${string}` | `img-src${stri...'.
  Type '`referrer${string}`' is not assignable to type '$ZodTypeInternals<`referrer${string}` | `upgrade-insecure-requests${string}` | `base-uri${string}` | `child-src${string}` | `connect-src${string}` | `default-src${string}` | `fenced-frame-src${string}` | `font-src${string}` | `form-action${string}` | `frame-ancestors${string}` | `frame-src${string}` | `img-src${stri...'.
node_modules/.pnpm/astro@5.16.7_@azure+storage-blob@12.29.1_@types+node@25.0.3_@upstash+redis@1.36.1_@verc_ec5e961cdbb5ad20e2620366f76d2007/node_modules/astro/dist/core/config/schemas/base.d.ts(954,43): error TS2707: Generic type 'ZodObject<Shape, Config>' requires between 0 and 2 type arguments.
node_modules/.pnpm/astro@5.16.7_@azure+storage-blob@12.29.1_@types+node@25.0.3_@upstash+redis@1.36.1_@verc_ec5e961cdbb5ad20e2620366f76d2007/node_modules/astro/dist/core/config/schemas/base.d.ts(955,42): error TS2707: Generic type 'ZodArray<T>' requires between 0 and 1 type arguments.
node_modules/.pnpm/astro@5.16.7_@azure+storage-blob@12.29.1_@types+node@25.0.3_@upstash+redis@1.36.1_@verc_ec5e961cdbb5ad20e2620366f76d2007/node_modules/astro/dist/core/config/schemas/base.d.ts(956,39): error TS2707: Generic type 'ZodArray<T>' requires between 0 and 1 type arguments.
node_modules/.pnpm/astro@5.16.7_@azure+storage-blob@12.29.1_@types+node@25.0.3_@upstash+redis@1.36.1_@verc_ec5e961cdbb5ad20e2620366f76d2007/node_modules/astro/dist/core/config/schemas/base.d.ts(956,124): error TS2724: '"/home/vivi/pixelated/node_modules/.pnpm/zod@4.3.5/node_modules/zod/v4/classic/external"' has no exported member named 'ZodTypeDef'. Did you mean 'ZodType'?
node_modules/.pnpm/astro@5.16.7_@azure+storage-blob@12.29.1_@types+node@25.0.3_@upstash+redis@1.36.1_@verc_ec5e961cdbb5ad20e2620366f76d2007/node_modules/astro/dist/core/config/schemas/base.d.ts(956,136): error TS2344: Type '`sha256-${string}` | `sha384-${string}` | `sha512-${string}`' does not satisfy the constraint '$ZodTypeInternals<`sha256-${string}` | `sha384-${string}` | `sha512-${string}`, z.ZodTypeDef>'.
  Type '`sha256-${string}`' is not assignable to type '$ZodTypeInternals<`sha256-${string}` | `sha384-${string}` | `sha512-${string}`, z.ZodTypeDef>'.
node_modules/.pnpm/astro@5.16.7_@azure+storage-blob@12.29.1_@types+node@25.0.3_@upstash+redis@1.36.1_@verc_ec5e961cdbb5ad20e2620366f76d2007/node_modules/astro/dist/core/config/schemas/base.d.ts(964,44): error TS2707: Generic type 'ZodObject<Shape, Config>' requires between 0 and 2 type arguments.
node_modules/.pnpm/astro@5.16.7_@azure+storage-blob@12.29.1_@types+node@25.0.3_@upstash+redis@1.36.1_@verc_ec5e961cdbb5ad20e2620366f76d2007/node_modules/astro/dist/core/config/schemas/base.d.ts(965,42): error TS2707: Generic type 'ZodArray<T>' requires between 0 and 1 type arguments.
node_modules/.pnpm/astro@5.16.7_@azure+storage-blob@12.29.1_@types+node@25.0.3_@upstash+redis@1.36.1_@verc_ec5e961cdbb5ad20e2620366f76d2007/node_modules/astro/dist/core/config/schemas/base.d.ts(966,39): error TS2707: Generic type 'ZodArray<T>' requires between 0 and 1 type arguments.
node_modules/.pnpm/astro@5.16.7_@azure+storage-blob@12.29.1_@types+node@25.0.3_@upstash+redis@1.36.1_@verc_ec5e961cdbb5ad20e2620366f76d2007/node_modules/astro/dist/core/config/schemas/base.d.ts(966,124): error TS2724: '"/home/vivi/pixelated/node_modules/.pnpm/zod@4.3.5/node_modules/zod/v4/classic/external"' has no exported member named 'ZodTypeDef'. Did you mean 'ZodType'?
node_modules/.pnpm/astro@5.16.7_@azure+storage-blob@12.29.1_@types+node@25.0.3_@upstash+redis@1.36.1_@verc_ec5e961cdbb5ad20e2620366f76d2007/node_modules/astro/dist/core/config/schemas/base.d.ts(966,136): error TS2344: Type '`sha256-${string}` | `sha384-${string}` | `sha512-${string}`' does not satisfy the constraint '$ZodTypeInternals<`sha256-${string}` | `sha384-${string}` | `sha512-${string}`, z.ZodTypeDef>'.
  Type '`sha256-${string}`' is not assignable to type '$ZodTypeInternals<`sha256-${string}` | `sha384-${string}` | `sha512-${string}`, z.ZodTypeDef>'.
node_modules/.pnpm/astro@5.16.7_@azure+storage-blob@12.29.1_@types+node@25.0.3_@upstash+redis@1.36.1_@verc_ec5e961cdbb5ad20e2620366f76d2007/node_modules/astro/dist/core/config/schemas/base.d.ts(1005,28): error TS2344: Type 'ZodOptional<ZodUnion<[ZodBoolean, ZodType<Config, z.ZodTypeDef, Config>]>>' does not satisfy the constraint 'SomeType'.
  The types of '_zod.values' are incompatible between these types.
    Type '{}' is missing the following properties from type 'Set<Primitive>': add, clear, delete, forEach, and 7 more.
node_modules/.pnpm/astro@5.16.7_@azure+storage-blob@12.29.1_@types+node@25.0.3_@upstash+redis@1.36.1_@verc_ec5e961cdbb5ad20e2620366f76d2007/node_modules/astro/dist/core/config/schemas/base.d.ts(1005,42): error TS2344: Type 'ZodUnion<[ZodBoolean, ZodType<Config, z.ZodTypeDef, Config>]>' does not satisfy the constraint 'SomeType'.
  The types of '_zod.values' are incompatible between these types.
    Type '{}' is missing the following properties from type 'Set<Primitive>': add, clear, delete, forEach, and 7 more.
node_modules/.pnpm/astro@5.16.7_@azure+storage-blob@12.29.1_@types+node@25.0.3_@upstash+redis@1.36.1_@verc_ec5e961cdbb5ad20e2620366f76d2007/node_modules/astro/dist/core/config/schemas/base.d.ts(1005,53): error TS2344: Type '[ZodBoolean, ZodType<Config, z.ZodTypeDef, Config>]' does not satisfy the constraint 'readonly SomeType[]'.
  Type 'ZodBoolean | ZodType<Config, z.ZodTypeDef, Config>' is not assignable to type 'SomeType'.
    Type 'ZodType<Config, z.ZodTypeDef, Config>' is not assignable to type 'SomeType'.
      Types of property '_zod' are incompatible.
        Type 'Config' is missing the following properties from type '_$ZodTypeInternals': version, def, deferred, run, and 6 more.
node_modules/.pnpm/astro@5.16.7_@azure+storage-blob@12.29.1_@types+node@25.0.3_@upstash+redis@1.36.1_@verc_ec5e961cdbb5ad20e2620366f76d2007/node_modules/astro/dist/core/config/schemas/base.d.ts(1005,92): error TS2724: '"/home/vivi/pixelated/node_modules/.pnpm/zod@4.3.5/node_modules/zod/v4/classic/external"' has no exported member named 'ZodTypeDef'. Did you mean 'ZodType'?
node_modules/.pnpm/astro@5.16.7_@azure+storage-blob@12.29.1_@types+node@25.0.3_@upstash+redis@1.36.1_@verc_ec5e961cdbb5ad20e2620366f76d2007/node_modules/astro/dist/core/config/schemas/base.d.ts(1005,104): error TS2344: Type 'Config' does not satisfy the constraint '$ZodTypeInternals<Config, z.ZodTypeDef>'.
  Type 'Config' is missing the following properties from type '$ZodTypeInternals<Config, z.ZodTypeDef>': output, input, version, def, and 8 more.
node_modules/.pnpm/astro@5.16.7_@azure+storage-blob@12.29.1_@types+node@25.0.3_@upstash+redis@1.36.1_@verc_ec5e961cdbb5ad20e2620366f76d2007/node_modules/astro/dist/core/config/schemas/base.d.ts(1165,26): error TS2707: Generic type 'ZodObject<Shape, Config>' requires between 0 and 2 type arguments.
node_modules/.pnpm/astro@5.16.7_@azure+storage-blob@12.29.1_@types+node@25.0.3_@upstash+redis@1.36.1_@verc_ec5e961cdbb5ad20e2620366f76d2007/node_modules/astro/dist/core/config/schemas/base.d.ts(1528,19): error TS2694: Namespace '"/home/vivi/pixelated/node_modules/.pnpm/zod@4.3.5/node_modules/zod/v4/classic/external"' has no exported member 'objectInputType'.
node_modules/.pnpm/astro@5.16.7_@azure+storage-blob@12.29.1_@types+node@25.0.3_@upstash+redis@1.36.1_@verc_ec5e961cdbb5ad20e2620366f76d2007/node_modules/astro/dist/core/config/schemas/refined.d.ts(3,50): error TS2694: Namespace '"/home/vivi/pixelated/node_modules/.pnpm/zod@4.3.5/node_modules/zod/v4/classic/external"' has no exported member 'ZodEffects'.
node_modules/.pnpm/astro@5.16.7_@azure+storage-blob@12.29.1_@types+node@25.0.3_@upstash+redis@1.36.1_@verc_ec5e961cdbb5ad20e2620366f76d2007/node_modules/astro/dist/core/config/schemas/refined.d.ts(3,86): error TS2724: '"/home/vivi/pixelated/node_modules/.pnpm/zod@4.3.5/node_modules/zod/v4/classic/external"' has no exported member named 'ZodTypeDef'. Did you mean 'ZodType'?
node_modules/.pnpm/astro@5.16.7_@azure+storage-blob@12.29.1_@types+node@25.0.3_@upstash+redis@1.36.1_@verc_ec5e961cdbb5ad20e2620366f76d2007/node_modules/astro/dist/core/config/schemas/refined.d.ts(3,98): error TS2344: Type 'AstroConfig' does not satisfy the constraint '$ZodTypeInternals<AstroConfig, z.ZodTypeDef>'.
  Type 'AstroConfig' is missing the following properties from type '$ZodTypeInternals<AstroConfig, z.ZodTypeDef>': output, input, version, def, and 8 more.
node_modules/.pnpm/astro@5.16.7_@azure+storage-blob@12.29.1_@types+node@25.0.3_@upstash+redis@1.36.1_@verc_ec5e961cdbb5ad20e2620366f76d2007/node_modules/astro/dist/core/config/schemas/relative.d.ts(3,88): error TS2694: Namespace '"/home/vivi/pixelated/node_modules/.pnpm/zod@4.3.5/node_modules/zod/v4/classic/external"' has no exported member 'ZodEffects'.
node_modules/.pnpm/astro@5.16.7_@azure+storage-blob@12.29.1_@types+node@25.0.3_@upstash+redis@1.36.1_@verc_ec5e961cdbb5ad20e2620366f76d2007/node_modules/astro/dist/core/config/schemas/relative.d.ts(3,99): error TS2707: Generic type 'ZodObject<Shape, Config>' requires between 0 and 2 type arguments.
node_modules/.pnpm/astro@5.16.7_@azure+storage-blob@12.29.1_@types+node@25.0.3_@upstash+redis@1.36.1_@verc_ec5e961cdbb5ad20e2620366f76d2007/node_modules/astro/dist/core/config/schemas/relative.d.ts(7,15): error TS2694: Namespace '"/home/vivi/pixelated/node_modules/.pnpm/zod@4.3.5/node_modules/zod/v4/classic/external"' has no exported member 'ZodEffects'.
node_modules/.pnpm/astro@5.16.7_@azure+storage-blob@12.29.1_@types+node@25.0.3_@upstash+redis@1.36.1_@verc_ec5e961cdbb5ad20e2620366f76d2007/node_modules/astro/dist/core/config/schemas/relative.d.ts(9,28): error TS2707: Generic type 'ZodObject<Shape, Config>' requires between 0 and 2 type arguments.
node_modules/.pnpm/astro@5.16.7_@azure+storage-blob@12.29.1_@types+node@25.0.3_@upstash+redis@1.36.1_@verc_ec5e961cdbb5ad20e2620366f76d2007/node_modules/astro/dist/core/config/schemas/relative.d.ts(11,29): error TS2707: Generic type 'ZodObject<Shape, Config>' requires between 0 and 2 type arguments.
node_modules/.pnpm/astro@5.16.7_@azure+storage-blob@12.29.1_@types+node@25.0.3_@upstash+redis@1.36.1_@verc_ec5e961cdbb5ad20e2620366f76d2007/node_modules/astro/dist/core/config/schemas/relative.d.ts(11,76): error TS2694: Namespace '"/home/vivi/pixelated/node_modules/.pnpm/zod@4.3.5/node_modules/zod/v4/classic/external"' has no exported member 'objectOutputType'.
node_modules/.pnpm/astro@5.16.7_@azure+storage-blob@12.29.1_@types+node@25.0.3_@upstash+redis@1.36.1_@verc_ec5e961cdbb5ad20e2620366f76d2007/node_modules/astro/dist/core/config/schemas/relative.d.ts(11,129): error TS2694: Namespace '"/home/vivi/pixelated/node_modules/.pnpm/zod@4.3.5/node_modules/zod/v4/classic/external"' has no exported member 'objectInputType'.
node_modules/.pnpm/astro@5.16.7_@azure+storage-blob@12.29.1_@types+node@25.0.3_@upstash+redis@1.36.1_@verc_ec5e961cdbb5ad20e2620366f76d2007/node_modules/astro/dist/core/config/schemas/relative.d.ts(19,19): error TS2694: Namespace '"/home/vivi/pixelated/node_modules/.pnpm/zod@4.3.5/node_modules/zod/v4/classic/external"' has no exported member 'objectInputType'.
node_modules/.pnpm/astro@5.16.7_@azure+storage-blob@12.29.1_@types+node@25.0.3_@upstash+redis@1.36.1_@verc_ec5e961cdbb5ad20e2620366f76d2007/node_modules/astro/dist/core/config/schemas/relative.d.ts(21,21): error TS2694: Namespace '"/home/vivi/pixelated/node_modules/.pnpm/zod@4.3.5/node_modules/zod/v4/classic/external"' has no exported member 'ZodEffects'.
node_modules/.pnpm/astro@5.16.7_@azure+storage-blob@12.29.1_@types+node@25.0.3_@upstash+redis@1.36.1_@verc_ec5e961cdbb5ad20e2620366f76d2007/node_modules/astro/dist/core/config/schemas/relative.d.ts(21,45): error TS2707: Generic type 'ZodArray<T>' requires between 0 and 1 type arguments.
node_modules/.pnpm/astro@5.16.7_@azure+storage-blob@12.29.1_@types+node@25.0.3_@upstash+redis@1.36.1_@verc_ec5e961cdbb5ad20e2620366f76d2007/node_modules/astro/dist/core/config/schemas/relative.d.ts(21,56): error TS2707: Generic type 'ZodObject<Shape, Config>' requires between 0 and 2 type arguments.
node_modules/.pnpm/astro@5.16.7_@azure+storage-blob@12.29.1_@types+node@25.0.3_@upstash+redis@1.36.1_@verc_ec5e961cdbb5ad20e2620366f76d2007/node_modules/astro/dist/core/config/schemas/relative.d.ts(23,29): error TS2707: Generic type 'ZodObject<Shape, Config>' requires between 0 and 2 type arguments.
node_modules/.pnpm/astro@5.16.7_@azure+storage-blob@12.29.1_@types+node@25.0.3_@upstash+redis@1.36.1_@verc_ec5e961cdbb5ad20e2620366f76d2007/node_modules/astro/dist/core/config/schemas/relative.d.ts(23,76): error TS2694: Namespace '"/home/vivi/pixelated/node_modules/.pnpm/zod@4.3.5/node_modules/zod/v4/classic/external"' has no exported member 'objectOutputType'.
node_modules/.pnpm/astro@5.16.7_@azure+storage-blob@12.29.1_@types+node@25.0.3_@upstash+redis@1.36.1_@verc_ec5e961cdbb5ad20e2620366f76d2007/node_modules/astro/dist/core/config/schemas/relative.d.ts(23,129): error TS2694: Namespace '"/home/vivi/pixelated/node_modules/.pnpm/zod@4.3.5/node_modules/zod/v4/classic/external"' has no exported member 'objectInputType'.
node_modules/.pnpm/astro@5.16.7_@azure+storage-blob@12.29.1_@types+node@25.0.3_@upstash+redis@1.36.1_@verc_ec5e961cdbb5ad20e2620366f76d2007/node_modules/astro/dist/core/config/schemas/relative.d.ts(31,19): error TS2694: Namespace '"/home/vivi/pixelated/node_modules/.pnpm/zod@4.3.5/node_modules/zod/v4/classic/external"' has no exported member 'objectInputType'.
node_modules/.pnpm/astro@5.16.7_@azure+storage-blob@12.29.1_@types+node@25.0.3_@upstash+redis@1.36.1_@verc_ec5e961cdbb5ad20e2620366f76d2007/node_modules/astro/dist/core/config/schemas/relative.d.ts(38,79): error TS2707: Generic type 'ZodObject<Shape, Config>' requires between 0 and 2 type arguments.
node_modules/.pnpm/astro@5.16.7_@azure+storage-blob@12.29.1_@types+node@25.0.3_@upstash+redis@1.36.1_@verc_ec5e961cdbb5ad20e2620366f76d2007/node_modules/astro/dist/core/config/schemas/relative.d.ts(48,55): error TS2707: Generic type 'ZodObject<Shape, Config>' requires between 0 and 2 type arguments.
node_modules/.pnpm/astro@5.16.7_@azure+storage-blob@12.29.1_@types+node@25.0.3_@upstash+redis@1.36.1_@verc_ec5e961cdbb5ad20e2620366f76d2007/node_modules/astro/dist/core/config/schemas/relative.d.ts(50,50): error TS2344: Type '["tap", "hover", "viewport", "load"]' does not satisfy the constraint 'Readonly<Record<string, EnumValue>>'.
  Index signature for type 'string' is missing in type '["tap", "hover", "viewport", "load"]'.
node_modules/.pnpm/astro@5.16.7_@azure+storage-blob@12.29.1_@types+node@25.0.3_@upstash+redis@1.36.1_@verc_ec5e961cdbb5ad20e2620366f76d2007/node_modules/astro/dist/core/config/schemas/relative.d.ts(58,25): error TS2707: Generic type 'ZodObject<Shape, Config>' requires between 0 and 2 type arguments.
node_modules/.pnpm/astro@5.16.7_@azure+storage-blob@12.29.1_@types+node@25.0.3_@upstash+redis@1.36.1_@verc_ec5e961cdbb5ad20e2620366f76d2007/node_modules/astro/dist/core/config/schemas/relative.d.ts(59,32): error TS2707: Generic type 'ZodObject<Shape, Config>' requires between 0 and 2 type arguments.
node_modules/.pnpm/astro@5.16.7_@azure+storage-blob@12.29.1_@types+node@25.0.3_@upstash+redis@1.36.1_@verc_ec5e961cdbb5ad20e2620366f76d2007/node_modules/astro/dist/core/config/schemas/relative.d.ts(69,31): error TS2707: Generic type 'ZodObject<Shape, Config>' requires between 0 and 2 type arguments.
node_modules/.pnpm/astro@5.16.7_@azure+storage-blob@12.29.1_@types+node@25.0.3_@upstash+redis@1.36.1_@verc_ec5e961cdbb5ad20e2620366f76d2007/node_modules/astro/dist/core/config/schemas/relative.d.ts(79,31): error TS2707: Generic type 'ZodArray<T>' requires between 0 and 1 type arguments.
node_modules/.pnpm/astro@5.16.7_@azure+storage-blob@12.29.1_@types+node@25.0.3_@upstash+redis@1.36.1_@verc_ec5e961cdbb5ad20e2620366f76d2007/node_modules/astro/dist/core/config/schemas/relative.d.ts(80,38): error TS2707: Generic type 'ZodArray<T>' requires between 0 and 1 type arguments.
node_modules/.pnpm/astro@5.16.7_@azure+storage-blob@12.29.1_@types+node@25.0.3_@upstash+redis@1.36.1_@verc_ec5e961cdbb5ad20e2620366f76d2007/node_modules/astro/dist/core/config/schemas/relative.d.ts(80,49): error TS2707: Generic type 'ZodObject<Shape, Config>' requires between 0 and 2 type arguments.
node_modules/.pnpm/astro@5.16.7_@azure+storage-blob@12.29.1_@types+node@25.0.3_@upstash+redis@1.36.1_@verc_ec5e961cdbb5ad20e2620366f76d2007/node_modules/astro/dist/core/config/schemas/relative.d.ts(96,41): error TS2344: Type '["constrained", "fixed", "full-width", "none"]' does not satisfy the constraint 'Readonly<Record<string, EnumValue>>'.
  Index signature for type 'string' is missing in type '["constrained", "fixed", "full-width", "none"]'.
node_modules/.pnpm/astro@5.16.7_@azure+storage-blob@12.29.1_@types+node@25.0.3_@upstash+redis@1.36.1_@verc_ec5e961cdbb5ad20e2620366f76d2007/node_modules/astro/dist/core/config/schemas/relative.d.ts(99,36): error TS2707: Generic type 'ZodArray<T>' requires between 0 and 1 type arguments.
node_modules/.pnpm/astro@5.16.7_@azure+storage-blob@12.29.1_@types+node@25.0.3_@upstash+redis@1.36.1_@verc_ec5e961cdbb5ad20e2620366f76d2007/node_modules/astro/dist/core/config/schemas/relative.d.ts(144,30): error TS2707: Generic type 'ZodObject<Shape, Config>' requires between 0 and 2 type arguments.
node_modules/.pnpm/astro@5.16.7_@azure+storage-blob@12.29.1_@types+node@25.0.3_@upstash+redis@1.36.1_@verc_ec5e961cdbb5ad20e2620366f76d2007/node_modules/astro/dist/core/config/schemas/relative.d.ts(151,28): error TS2707: Generic type 'ZodObject<Shape, Config>' requires between 0 and 2 type arguments.
node_modules/.pnpm/astro@5.16.7_@azure+storage-blob@12.29.1_@types+node@25.0.3_@upstash+redis@1.36.1_@verc_ec5e961cdbb5ad20e2620366f76d2007/node_modules/astro/dist/core/config/schemas/relative.d.ts(152,64): error TS2707: Generic type 'ZodObject<Shape, Config>' requires between 0 and 2 type arguments.
node_modules/.pnpm/astro@5.16.7_@azure+storage-blob@12.29.1_@types+node@25.0.3_@upstash+redis@1.36.1_@verc_ec5e961cdbb5ad20e2620366f76d2007/node_modules/astro/dist/core/config/schemas/relative.d.ts(154,54): error TS2707: Generic type 'ZodArray<T>' requires between 0 and 1 type arguments.
node_modules/.pnpm/astro@5.16.7_@azure+storage-blob@12.29.1_@types+node@25.0.3_@upstash+redis@1.36.1_@verc_ec5e961cdbb5ad20e2620366f76d2007/node_modules/astro/dist/core/config/schemas/relative.d.ts(162,35): error TS2707: Generic type 'ZodObject<Shape, Config>' requires between 0 and 2 type arguments.
node_modules/.pnpm/astro@5.16.7_@azure+storage-blob@12.29.1_@types+node@25.0.3_@upstash+redis@1.36.1_@verc_ec5e961cdbb5ad20e2620366f76d2007/node_modules/astro/dist/core/config/schemas/relative.d.ts(163,35): error TS2694: Namespace '"/home/vivi/pixelated/node_modules/.pnpm/zod@4.3.5/node_modules/zod/v4/classic/external"' has no exported member 'ZodEffects'.
node_modules/.pnpm/astro@5.16.7_@azure+storage-blob@12.29.1_@types+node@25.0.3_@upstash+redis@1.36.1_@verc_ec5e961cdbb5ad20e2620366f76d2007/node_modules/astro/dist/core/config/schemas/relative.d.ts(163,46): error TS2707: Generic type 'ZodArray<T>' requires between 0 and 1 type arguments.
node_modules/.pnpm/astro@5.16.7_@azure+storage-blob@12.29.1_@types+node@25.0.3_@upstash+redis@1.36.1_@verc_ec5e961cdbb5ad20e2620366f76d2007/node_modules/astro/dist/core/config/schemas/relative.d.ts(163,148): error TS2724: '"/home/vivi/pixelated/node_modules/.pnpm/zod@4.3.5/node_modules/zod/v4/classic/external"' has no exported member named 'ZodTypeDef'. Did you mean 'ZodType'?
node_modules/.pnpm/astro@5.16.7_@azure+storage-blob@12.29.1_@types+node@25.0.3_@upstash+redis@1.36.1_@verc_ec5e961cdbb5ad20e2620366f76d2007/node_modules/astro/dist/core/config/schemas/relative.d.ts(163,160): error TS2344: Type 'LanguageRegistration & ComplexifyUnionObj' does not satisfy the constraint '$ZodTypeInternals<LanguageRegistration & ComplexifyUnionObj, z.ZodTypeDef>'.
  Type 'LanguageRegistration & ComplexifyUnionObj' is missing the following properties from type '$ZodTypeInternals<LanguageRegistration & ComplexifyUnionObj, z.ZodTypeDef>': output, input, version, def, and 8 more.
node_modules/.pnpm/astro@5.16.7_@azure+storage-blob@12.29.1_@types+node@25.0.3_@upstash+redis@1.36.1_@verc_ec5e961cdbb5ad20e2620366f76d2007/node_modules/astro/dist/core/config/schemas/relative.d.ts(165,33): error TS2344: Type 'ZodUnion<[ZodEnum<[BundledTheme, ...BundledTheme[]]>, ZodType<NonNullable<ThemeRegistrationRaw | ThemeRegistration | ThemePresets> & ComplexifyUnionObj, z.ZodTypeDef, NonNullable<...> & ComplexifyUnionObj>]>' does not satisfy the constraint 'SomeType'.
  The types of '_zod.values' are incompatible between these types.
    Type '{}' is missing the following properties from type 'Set<Primitive>': add, clear, delete, forEach, and 7 more.
node_modules/.pnpm/astro@5.16.7_@azure+storage-blob@12.29.1_@types+node@25.0.3_@upstash+redis@1.36.1_@verc_ec5e961cdbb5ad20e2620366f76d2007/node_modules/astro/dist/core/config/schemas/relative.d.ts(165,44): error TS2344: Type '[ZodEnum<[BundledTheme, ...BundledTheme[]]>, ZodType<NonNullable<ThemeRegistrationRaw | ThemeRegistration | ThemePresets> & ComplexifyUnionObj, z.ZodTypeDef, NonNullable<...> & ComplexifyUnionObj>]' does not satisfy the constraint 'readonly SomeType[]'.
  Type 'ZodEnum<[BundledTheme, ...BundledTheme[]]> | ZodType<NonNullable<ThemeRegistrationRaw | ThemeRegistration | ThemePresets> & ComplexifyUnionObj, z.ZodTypeDef, NonNullable<...> & ComplexifyUnionObj>' is not assignable to type 'SomeType'.
    Type 'ZodType<NonNullable<ThemeRegistrationRaw | ThemeRegistration | ThemePresets> & ComplexifyUnionObj, z.ZodTypeDef, NonNullable<...> & ComplexifyUnionObj>' is not assignable to type 'SomeType'.
      Types of property '_zod' are incompatible.
        Type 'NonNullable<ThemeRegistrationRaw | ThemeRegistration | ThemePresets> & ComplexifyUnionObj' is not assignable to type '_$ZodTypeInternals'.
          Type 'String & ComplexifyUnionObj' is missing the following properties from type '_$ZodTypeInternals': version, def, deferred, run, and 6 more.
node_modules/.pnpm/astro@5.16.7_@azure+storage-blob@12.29.1_@types+node@25.0.3_@upstash+redis@1.36.1_@verc_ec5e961cdbb5ad20e2620366f76d2007/node_modules/astro/dist/core/config/schemas/relative.d.ts(165,55): error TS2344: Type '[BundledTheme, ...BundledTheme[]]' does not satisfy the constraint 'Readonly<Record<string, EnumValue>>'.
  Index signature for type 'string' is missing in type '[BundledTheme, ...BundledTheme[]]'.
node_modules/.pnpm/astro@5.16.7_@azure+storage-blob@12.29.1_@types+node@25.0.3_@upstash+redis@1.36.1_@verc_ec5e961cdbb5ad20e2620366f76d2007/node_modules/astro/dist/core/config/schemas/relative.d.ts(165,325): error TS2724: '"/home/vivi/pixelated/node_modules/.pnpm/zod@4.3.5/node_modules/zod/v4/classic/external"' has no exported member named 'ZodTypeDef'. Did you mean 'ZodType'?
node_modules/.pnpm/astro@5.16.7_@azure+storage-blob@12.29.1_@types+node@25.0.3_@upstash+redis@1.36.1_@verc_ec5e961cdbb5ad20e2620366f76d2007/node_modules/astro/dist/core/config/schemas/relative.d.ts(165,337): error TS2344: Type 'NonNullable<ThemeRegistrationRaw | ThemeRegistration | ThemePresets> & ComplexifyUnionObj' does not satisfy the constraint '$ZodTypeInternals<NonNullable<ThemeRegistrationRaw | ThemeRegistration | ThemePresets> & ComplexifyUnionObj, z.ZodTypeDef>'.
  Type 'String & ComplexifyUnionObj' is missing the following properties from type '$ZodTypeInternals<NonNullable<ThemeRegistrationRaw | ThemeRegistration | ThemePresets> & ComplexifyUnionObj, z.ZodTypeDef>': output, input, version, def, and 8 more.
node_modules/.pnpm/astro@5.16.7_@azure+storage-blob@12.29.1_@types+node@25.0.3_@upstash+redis@1.36.1_@verc_ec5e961cdbb5ad20e2620366f76d2007/node_modules/astro/dist/core/config/schemas/relative.d.ts(166,59): error TS2344: Type 'ZodUnion<[ZodEnum<[BundledTheme, ...BundledTheme[]]>, ZodType<NonNullable<ThemeRegistrationRaw | ThemeRegistration | ThemePresets> & ComplexifyUnionObj, z.ZodTypeDef, NonNullable<...> & ComplexifyUnionObj>]>' does not satisfy the constraint 'SomeType'.
  The types of '_zod.values' are incompatible between these types.
    Type '{}' is missing the following properties from type 'Set<Primitive>': add, clear, delete, forEach, and 7 more.
node_modules/.pnpm/astro@5.16.7_@azure+storage-blob@12.29.1_@types+node@25.0.3_@upstash+redis@1.36.1_@verc_ec5e961cdbb5ad20e2620366f76d2007/node_modules/astro/dist/core/config/schemas/relative.d.ts(166,70): error TS2344: Type '[ZodEnum<[BundledTheme, ...BundledTheme[]]>, ZodType<NonNullable<ThemeRegistrationRaw | ThemeRegistration | ThemePresets> & ComplexifyUnionObj, z.ZodTypeDef, NonNullable<...> & ComplexifyUnionObj>]' does not satisfy the constraint 'readonly SomeType[]'.
  Type 'ZodEnum<[BundledTheme, ...BundledTheme[]]> | ZodType<NonNullable<ThemeRegistrationRaw | ThemeRegistration | ThemePresets> & ComplexifyUnionObj, z.ZodTypeDef, NonNullable<...> & ComplexifyUnionObj>' is not assignable to type 'SomeType'.
    Type 'ZodType<NonNullable<ThemeRegistrationRaw | ThemeRegistration | ThemePresets> & ComplexifyUnionObj, z.ZodTypeDef, NonNullable<...> & ComplexifyUnionObj>' is not assignable to type 'SomeType'.
      Types of property '_zod' are incompatible.
        Type 'NonNullable<ThemeRegistrationRaw | ThemeRegistration | ThemePresets> & ComplexifyUnionObj' is not assignable to type '_$ZodTypeInternals'.
          Type 'String & ComplexifyUnionObj' is missing the following properties from type '_$ZodTypeInternals': version, def, deferred, run, and 6 more.
node_modules/.pnpm/astro@5.16.7_@azure+storage-blob@12.29.1_@types+node@25.0.3_@upstash+redis@1.36.1_@verc_ec5e961cdbb5ad20e2620366f76d2007/node_modules/astro/dist/core/config/schemas/relative.d.ts(166,81): error TS2344: Type '[BundledTheme, ...BundledTheme[]]' does not satisfy the constraint 'Readonly<Record<string, EnumValue>>'.
  Index signature for type 'string' is missing in type '[BundledTheme, ...BundledTheme[]]'.
node_modules/.pnpm/astro@5.16.7_@azure+storage-blob@12.29.1_@types+node@25.0.3_@upstash+redis@1.36.1_@verc_ec5e961cdbb5ad20e2620366f76d2007/node_modules/astro/dist/core/config/schemas/relative.d.ts(166,351): error TS2724: '"/home/vivi/pixelated/node_modules/.pnpm/zod@4.3.5/node_modules/zod/v4/classic/external"' has no exported member named 'ZodTypeDef'. Did you mean 'ZodType'?
node_modules/.pnpm/astro@5.16.7_@azure+storage-blob@12.29.1_@types+node@25.0.3_@upstash+redis@1.36.1_@verc_ec5e961cdbb5ad20e2620366f76d2007/node_modules/astro/dist/core/config/schemas/relative.d.ts(166,363): error TS2344: Type 'NonNullable<ThemeRegistrationRaw | ThemeRegistration | ThemePresets> & ComplexifyUnionObj' does not satisfy the constraint '$ZodTypeInternals<NonNullable<ThemeRegistrationRaw | ThemeRegistration | ThemePresets> & ComplexifyUnionObj, z.ZodTypeDef>'.
  Type 'String & ComplexifyUnionObj' is missing the following properties from type '$ZodTypeInternals<NonNullable<ThemeRegistrationRaw | ThemeRegistration | ThemePresets> & ComplexifyUnionObj, z.ZodTypeDef>': output, input, version, def, and 8 more.
node_modules/.pnpm/astro@5.16.7_@azure+storage-blob@12.29.1_@types+node@25.0.3_@upstash+redis@1.36.1_@verc_ec5e961cdbb5ad20e2620366f76d2007/node_modules/astro/dist/core/config/schemas/relative.d.ts(169,40): error TS2707: Generic type 'ZodArray<T>' requires between 0 and 1 type arguments.
node_modules/.pnpm/astro@5.16.7_@azure+storage-blob@12.29.1_@types+node@25.0.3_@upstash+redis@1.36.1_@verc_ec5e961cdbb5ad20e2620366f76d2007/node_modules/astro/dist/core/config/schemas/relative.d.ts(169,138): error TS2724: '"/home/vivi/pixelated/node_modules/.pnpm/zod@4.3.5/node_modules/zod/v4/classic/external"' has no exported member named 'ZodTypeDef'. Did you mean 'ZodType'?
node_modules/.pnpm/astro@5.16.7_@azure+storage-blob@12.29.1_@types+node@25.0.3_@upstash+redis@1.36.1_@verc_ec5e961cdbb5ad20e2620366f76d2007/node_modules/astro/dist/core/config/schemas/relative.d.ts(169,150): error TS2344: Type 'ShikiTransformer & ComplexifyUnionObj' does not satisfy the constraint '$ZodTypeInternals<ShikiTransformer & ComplexifyUnionObj, z.ZodTypeDef>'.
  Type 'ShikiTransformer & ComplexifyUnionObj' is missing the following properties from type '$ZodTypeInternals<ShikiTransformer & ComplexifyUnionObj, z.ZodTypeDef>': output, input, version, def, and 8 more.
node_modules/.pnpm/astro@5.16.7_@azure+storage-blob@12.29.1_@types+node@25.0.3_@upstash+redis@1.36.1_@verc_ec5e961cdbb5ad20e2620366f76d2007/node_modules/astro/dist/core/config/schemas/relative.d.ts(187,37): error TS2707: Generic type 'ZodArray<T>' requires between 0 and 1 type arguments.
node_modules/.pnpm/astro@5.16.7_@azure+storage-blob@12.29.1_@types+node@25.0.3_@upstash+redis@1.36.1_@verc_ec5e961cdbb5ad20e2620366f76d2007/node_modules/astro/dist/core/config/schemas/relative.d.ts(187,59): error TS2344: Type '[ZodString, ZodTuple<[ZodString, ZodAny], null>, ZodType<RemarkPlugin<any[]> & ComplexifyUnionObj, z.ZodTypeDef, RemarkPlugin<...> & ComplexifyUnionObj>, ZodTuple<...>]' does not satisfy the constraint 'readonly SomeType[]'.
  Type 'ZodString | ZodTuple<[ZodString, ZodAny], null> | ZodType<RemarkPlugin<any[]> & ComplexifyUnionObj, z.ZodTypeDef, RemarkPlugin<...> & ComplexifyUnionObj> | ZodTuple<...>' is not assignable to type 'SomeType'.
    Type 'ZodType<RemarkPlugin<any[]> & ComplexifyUnionObj, z.ZodTypeDef, RemarkPlugin<any[]> & ComplexifyUnionObj>' is not assignable to type 'SomeType'.
      Types of property '_zod' are incompatible.
        Type 'RemarkPlugin<any[]> & ComplexifyUnionObj' is not assignable to type '_$ZodTypeInternals'.
node_modules/.pnpm/astro@5.16.7_@azure+storage-blob@12.29.1_@types+node@25.0.3_@upstash+redis@1.36.1_@verc_ec5e961cdbb5ad20e2620366f76d2007/node_modules/astro/dist/core/config/schemas/relative.d.ts(187,218): error TS2724: '"/home/vivi/pixelated/node_modules/.pnpm/zod@4.3.5/node_modules/zod/v4/classic/external"' has no exported member named 'ZodTypeDef'. Did you mean 'ZodType'?
node_modules/.pnpm/astro@5.16.7_@azure+storage-blob@12.29.1_@types+node@25.0.3_@upstash+redis@1.36.1_@verc_ec5e961cdbb5ad20e2620366f76d2007/node_modules/astro/dist/core/config/schemas/relative.d.ts(187,230): error TS2344: Type 'RemarkPlugin<any[]> & ComplexifyUnionObj' does not satisfy the constraint '$ZodTypeInternals<RemarkPlugin<any[]> & ComplexifyUnionObj, z.ZodTypeDef>'.
node_modules/.pnpm/astro@5.16.7_@azure+storage-blob@12.29.1_@types+node@25.0.3_@upstash+redis@1.36.1_@verc_ec5e961cdbb5ad20e2620366f76d2007/node_modules/astro/dist/core/config/schemas/relative.d.ts(187,332): error TS2344: Type '[ZodType<RemarkPlugin<any[]> & ComplexifyUnionObj, z.ZodTypeDef, RemarkPlugin<any[]> & ComplexifyUnionObj>, ZodAny]' does not satisfy the constraint 'TupleItems'.
  Type 'ZodAny | ZodType<RemarkPlugin<any[]> & ComplexifyUnionObj, z.ZodTypeDef, RemarkPlugin<any[]> & ComplexifyUnionObj>' is not assignable to type 'SomeType'.
    Type 'ZodType<RemarkPlugin<any[]> & ComplexifyUnionObj, z.ZodTypeDef, RemarkPlugin<any[]> & ComplexifyUnionObj>' is not assignable to type 'SomeType'.
      Types of property '_zod' are incompatible.
        Type 'RemarkPlugin<any[]> & ComplexifyUnionObj' is not assignable to type '_$ZodTypeInternals'.
node_modules/.pnpm/astro@5.16.7_@azure+storage-blob@12.29.1_@types+node@25.0.3_@upstash+redis@1.36.1_@verc_ec5e961cdbb5ad20e2620366f76d2007/node_modules/astro/dist/core/config/schemas/relative.d.ts(187,435): error TS2724: '"/home/vivi/pixelated/node_modules/.pnpm/zod@4.3.5/node_modules/zod/v4/classic/external"' has no exported member named 'ZodTypeDef'. Did you mean 'ZodType'?
node_modules/.pnpm/astro@5.16.7_@azure+storage-blob@12.29.1_@types+node@25.0.3_@upstash+redis@1.36.1_@verc_ec5e961cdbb5ad20e2620366f76d2007/node_modules/astro/dist/core/config/schemas/relative.d.ts(187,447): error TS2344: Type 'RemarkPlugin<any[]> & ComplexifyUnionObj' does not satisfy the constraint '$ZodTypeInternals<RemarkPlugin<any[]> & ComplexifyUnionObj, z.ZodTypeDef>'.
node_modules/.pnpm/astro@5.16.7_@azure+storage-blob@12.29.1_@types+node@25.0.3_@upstash+redis@1.36.1_@verc_ec5e961cdbb5ad20e2620366f76d2007/node_modules/astro/dist/core/config/schemas/relative.d.ts(188,37): error TS2707: Generic type 'ZodArray<T>' requires between 0 and 1 type arguments.
node_modules/.pnpm/astro@5.16.7_@azure+storage-blob@12.29.1_@types+node@25.0.3_@upstash+redis@1.36.1_@verc_ec5e961cdbb5ad20e2620366f76d2007/node_modules/astro/dist/core/config/schemas/relative.d.ts(188,59): error TS2344: Type '[ZodString, ZodTuple<[ZodString, ZodAny], null>, ZodType<RehypePlugin<any[]> & ComplexifyUnionObj, z.ZodTypeDef, RehypePlugin<...> & ComplexifyUnionObj>, ZodTuple<...>]' does not satisfy the constraint 'readonly SomeType[]'.
  Type 'ZodString | ZodTuple<[ZodString, ZodAny], null> | ZodType<RehypePlugin<any[]> & ComplexifyUnionObj, z.ZodTypeDef, RehypePlugin<...> & ComplexifyUnionObj> | ZodTuple<...>' is not assignable to type 'SomeType'.
    Type 'ZodType<RehypePlugin<any[]> & ComplexifyUnionObj, z.ZodTypeDef, RehypePlugin<any[]> & ComplexifyUnionObj>' is not assignable to type 'SomeType'.
      Types of property '_zod' are incompatible.
        Type 'RehypePlugin<any[]> & ComplexifyUnionObj' is not assignable to type '_$ZodTypeInternals'.
node_modules/.pnpm/astro@5.16.7_@azure+storage-blob@12.29.1_@types+node@25.0.3_@upstash+redis@1.36.1_@verc_ec5e961cdbb5ad20e2620366f76d2007/node_modules/astro/dist/core/config/schemas/relative.d.ts(188,218): error TS2724: '"/home/vivi/pixelated/node_modules/.pnpm/zod@4.3.5/node_modules/zod/v4/classic/external"' has no exported member named 'ZodTypeDef'. Did you mean 'ZodType'?
node_modules/.pnpm/astro@5.16.7_@azure+storage-blob@12.29.1_@types+node@25.0.3_@upstash+redis@1.36.1_@verc_ec5e961cdbb5ad20e2620366f76d2007/node_modules/astro/dist/core/config/schemas/relative.d.ts(188,230): error TS2344: Type 'RehypePlugin<any[]> & ComplexifyUnionObj' does not satisfy the constraint '$ZodTypeInternals<RehypePlugin<any[]> & ComplexifyUnionObj, z.ZodTypeDef>'.
node_modules/.pnpm/astro@5.16.7_@azure+storage-blob@12.29.1_@types+node@25.0.3_@upstash+redis@1.36.1_@verc_ec5e961cdbb5ad20e2620366f76d2007/node_modules/astro/dist/core/config/schemas/relative.d.ts(188,332): error TS2344: Type '[ZodType<RehypePlugin<any[]> & ComplexifyUnionObj, z.ZodTypeDef, RehypePlugin<any[]> & ComplexifyUnionObj>, ZodAny]' does not satisfy the constraint 'TupleItems'.
  Type 'ZodAny | ZodType<RehypePlugin<any[]> & ComplexifyUnionObj, z.ZodTypeDef, RehypePlugin<any[]> & ComplexifyUnionObj>' is not assignable to type 'SomeType'.
    Type 'ZodType<RehypePlugin<any[]> & ComplexifyUnionObj, z.ZodTypeDef, RehypePlugin<any[]> & ComplexifyUnionObj>' is not assignable to type 'SomeType'.
      Types of property '_zod' are incompatible.
        Type 'RehypePlugin<any[]> & ComplexifyUnionObj' is not assignable to type '_$ZodTypeInternals'.
node_modules/.pnpm/astro@5.16.7_@azure+storage-blob@12.29.1_@types+node@25.0.3_@upstash+redis@1.36.1_@verc_ec5e961cdbb5ad20e2620366f76d2007/node_modules/astro/dist/core/config/schemas/relative.d.ts(188,435): error TS2724: '"/home/vivi/pixelated/node_modules/.pnpm/zod@4.3.5/node_modules/zod/v4/classic/external"' has no exported member named 'ZodTypeDef'. Did you mean 'ZodType'?
node_modules/.pnpm/astro@5.16.7_@azure+storage-blob@12.29.1_@types+node@25.0.3_@upstash+redis@1.36.1_@verc_ec5e961cdbb5ad20e2620366f76d2007/node_modules/astro/dist/core/config/schemas/relative.d.ts(188,447): error TS2344: Type 'RehypePlugin<any[]> & ComplexifyUnionObj' does not satisfy the constraint '$ZodTypeInternals<RehypePlugin<any[]> & ComplexifyUnionObj, z.ZodTypeDef>'.
node_modules/.pnpm/astro@5.16.7_@azure+storage-blob@12.29.1_@types+node@25.0.3_@upstash+redis@1.36.1_@verc_ec5e961cdbb5ad20e2620366f76d2007/node_modules/astro/dist/core/config/schemas/relative.d.ts(189,36): error TS2344: Type 'ZodType<RemarkRehype, z.ZodTypeDef, RemarkRehype>' does not satisfy the constraint 'SomeType'.
  Types of property '_zod' are incompatible.
    Type 'RemarkRehype' is missing the following properties from type '_$ZodTypeInternals': version, def, deferred, run, and 6 more.
node_modules/.pnpm/astro@5.16.7_@azure+storage-blob@12.29.1_@types+node@25.0.3_@upstash+redis@1.36.1_@verc_ec5e961cdbb5ad20e2620366f76d2007/node_modules/astro/dist/core/config/schemas/relative.d.ts(189,82): error TS2724: '"/home/vivi/pixelated/node_modules/.pnpm/zod@4.3.5/node_modules/zod/v4/classic/external"' has no exported member named 'ZodTypeDef'. Did you mean 'ZodType'?
node_modules/.pnpm/astro@5.16.7_@azure+storage-blob@12.29.1_@types+node@25.0.3_@upstash+redis@1.36.1_@verc_ec5e961cdbb5ad20e2620366f76d2007/node_modules/astro/dist/core/config/schemas/relative.d.ts(189,94): error TS2344: Type 'RemarkRehype' does not satisfy the constraint '$ZodTypeInternals<RemarkRehype, z.ZodTypeDef>'.
  Type 'RemarkRehype' is missing the following properties from type '$ZodTypeInternals<RemarkRehype, z.ZodTypeDef>': output, input, version, def, and 8 more.
node_modules/.pnpm/astro@5.16.7_@azure+storage-blob@12.29.1_@types+node@25.0.3_@upstash+redis@1.36.1_@verc_ec5e961cdbb5ad20e2620366f76d2007/node_modules/astro/dist/core/config/schemas/relative.d.ts(231,24): error TS2344: Type 'ZodType<ViteUserConfig, z.ZodTypeDef, ViteUserConfig>' does not satisfy the constraint 'SomeType'.
  Types of property '_zod' are incompatible.
    Type 'ViteUserConfig' is missing the following properties from type '_$ZodTypeInternals': version, def, deferred, run, and 6 more.
node_modules/.pnpm/astro@5.16.7_@azure+storage-blob@12.29.1_@types+node@25.0.3_@upstash+redis@1.36.1_@verc_ec5e961cdbb5ad20e2620366f76d2007/node_modules/astro/dist/core/config/schemas/relative.d.ts(231,80): error TS2724: '"/home/vivi/pixelated/node_modules/.pnpm/zod@4.3.5/node_modules/zod/v4/classic/external"' has no exported member named 'ZodTypeDef'. Did you mean 'ZodType'?
node_modules/.pnpm/astro@5.16.7_@azure+storage-blob@12.29.1_@types+node@25.0.3_@upstash+redis@1.36.1_@verc_ec5e961cdbb5ad20e2620366f76d2007/node_modules/astro/dist/core/config/schemas/relative.d.ts(231,92): error TS2344: Type 'ViteUserConfig' does not satisfy the constraint '$ZodTypeInternals<ViteUserConfig, z.ZodTypeDef>'.
  Type 'ViteUserConfig' is missing the following properties from type '$ZodTypeInternals<ViteUserConfig, z.ZodTypeDef>': output, input, version, def, and 8 more.
node_modules/.pnpm/astro@5.16.7_@azure+storage-blob@12.29.1_@types+node@25.0.3_@upstash+redis@1.36.1_@verc_ec5e961cdbb5ad20e2620366f76d2007/node_modules/astro/dist/core/config/schemas/relative.d.ts(232,39): error TS2707: Generic type 'ZodObject<Shape, Config>' requires between 0 and 2 type arguments.
node_modules/.pnpm/astro@5.16.7_@azure+storage-blob@12.29.1_@types+node@25.0.3_@upstash+redis@1.36.1_@verc_ec5e961cdbb5ad20e2620366f76d2007/node_modules/astro/dist/core/config/schemas/relative.d.ts(234,18): error TS2707: Generic type 'ZodArray<T>' requires between 0 and 1 type arguments.
node_modules/.pnpm/astro@5.16.7_@azure+storage-blob@12.29.1_@types+node@25.0.3_@upstash+redis@1.36.1_@verc_ec5e961cdbb5ad20e2620366f76d2007/node_modules/astro/dist/core/config/schemas/relative.d.ts(234,54): error TS2707: Generic type 'ZodObject<Shape, Config>' requires between 0 and 2 type arguments.
node_modules/.pnpm/astro@5.16.7_@azure+storage-blob@12.29.1_@types+node@25.0.3_@upstash+redis@1.36.1_@verc_ec5e961cdbb5ad20e2620366f76d2007/node_modules/astro/dist/core/config/schemas/relative.d.ts(236,20): error TS2707: Generic type 'ZodArray<T>' requires between 0 and 1 type arguments.
node_modules/.pnpm/astro@5.16.7_@azure+storage-blob@12.29.1_@types+node@25.0.3_@upstash+redis@1.36.1_@verc_ec5e961cdbb5ad20e2620366f76d2007/node_modules/astro/dist/core/config/schemas/relative.d.ts(246,81): error TS2707: Generic type 'ZodObject<Shape, Config>' requires between 0 and 2 type arguments.
node_modules/.pnpm/astro@5.16.7_@azure+storage-blob@12.29.1_@types+node@25.0.3_@upstash+redis@1.36.1_@verc_ec5e961cdbb5ad20e2620366f76d2007/node_modules/astro/dist/core/config/schemas/relative.d.ts(249,64): error TS2344: Type '["redirect", "rewrite"]' does not satisfy the constraint 'Readonly<Record<string, EnumValue>>'.
  Index signature for type 'string' is missing in type '["redirect", "rewrite"]'.
node_modules/.pnpm/astro@5.16.7_@azure+storage-blob@12.29.1_@types+node@25.0.3_@upstash+redis@1.36.1_@verc_ec5e961cdbb5ad20e2620366f76d2007/node_modules/astro/dist/core/config/schemas/relative.d.ts(286,42): error TS2707: Generic type 'ZodObject<Shape, Config>' requires between 0 and 2 type arguments.
node_modules/.pnpm/astro@5.16.7_@azure+storage-blob@12.29.1_@types+node@25.0.3_@upstash+redis@1.36.1_@verc_ec5e961cdbb5ad20e2620366f76d2007/node_modules/astro/dist/core/config/schemas/relative.d.ts(288,52): error TS2707: Generic type 'ZodArray<T>' requires between 0 and 1 type arguments.
node_modules/.pnpm/astro@5.16.7_@azure+storage-blob@12.29.1_@types+node@25.0.3_@upstash+redis@1.36.1_@verc_ec5e961cdbb5ad20e2620366f76d2007/node_modules/astro/dist/core/config/schemas/relative.d.ts(288,63): error TS2707: Generic type 'ZodObject<Shape, Config>' requires between 0 and 2 type arguments.
node_modules/.pnpm/astro@5.16.7_@azure+storage-blob@12.29.1_@types+node@25.0.3_@upstash+redis@1.36.1_@verc_ec5e961cdbb5ad20e2620366f76d2007/node_modules/astro/dist/core/config/schemas/relative.d.ts(316,37): error TS2707: Generic type 'ZodObject<Shape, Config>' requires between 0 and 2 type arguments.
node_modules/.pnpm/astro@5.16.7_@azure+storage-blob@12.29.1_@types+node@25.0.3_@upstash+redis@1.36.1_@verc_ec5e961cdbb5ad20e2620366f76d2007/node_modules/astro/dist/core/config/schemas/relative.d.ts(317,58): error TS2694: Namespace '"/home/vivi/pixelated/node_modules/.pnpm/zod@4.3.5/node_modules/zod/v4/classic/external"' has no exported member 'ZodEffects'.
node_modules/.pnpm/astro@5.16.7_@azure+storage-blob@12.29.1_@types+node@25.0.3_@upstash+redis@1.36.1_@verc_ec5e961cdbb5ad20e2620366f76d2007/node_modules/astro/dist/core/config/schemas/relative.d.ts(317,71): error TS2694: Namespace '"/home/vivi/pixelated/node_modules/.pnpm/zod@4.3.5/node_modules/zod/v4/classic/external"' has no exported member 'ZodEffects'.
node_modules/.pnpm/astro@5.16.7_@azure+storage-blob@12.29.1_@types+node@25.0.3_@upstash+redis@1.36.1_@verc_ec5e961cdbb5ad20e2620366f76d2007/node_modules/astro/dist/core/config/schemas/relative.d.ts(317,149): error TS2694: Namespace '"/home/vivi/pixelated/node_modules/.pnpm/zod@4.3.5/node_modules/zod/v4/classic/external"' has no exported member 'ZodEffects'.
node_modules/.pnpm/astro@5.16.7_@azure+storage-blob@12.29.1_@types+node@25.0.3_@upstash+redis@1.36.1_@verc_ec5e961cdbb5ad20e2620366f76d2007/node_modules/astro/dist/core/config/schemas/relative.d.ts(326,14): error TS2724: '"/home/vivi/pixelated/node_modules/.pnpm/zod@4.3.5/node_modules/zod/v4/classic/external"' has no exported member named 'ZodTypeDef'. Did you mean 'ZodType'?
node_modules/.pnpm/astro@5.16.7_@azure+storage-blob@12.29.1_@types+node@25.0.3_@upstash+redis@1.36.1_@verc_ec5e961cdbb5ad20e2620366f76d2007/node_modules/astro/dist/core/config/schemas/relative.d.ts(326,26): error TS2344: Type '{ context: "client"; access: "public"; } | { context: "server"; access: "public"; } | { context: "server"; access: "secret"; }' does not satisfy the constraint '$ZodTypeInternals<{ context: "client"; access: "public"; } | { context: "server"; access: "public"; } | { context: "server"; access: "secret"; }, z.ZodTypeDef>'.
  Type '{ context: "client"; access: "public"; }' is missing the following properties from type '$ZodTypeInternals<{ context: "client"; access: "public"; } | { context: "server"; access: "public"; } | { context: "server"; access: "secret"; }, z.ZodTypeDef>': output, input, version, def, and 8 more.
node_modules/.pnpm/astro@5.16.7_@azure+storage-blob@12.29.1_@types+node@25.0.3_@upstash+redis@1.36.1_@verc_ec5e961cdbb5ad20e2620366f76d2007/node_modules/astro/dist/core/config/schemas/relative.d.ts(353,25): error TS2707: Generic type 'ZodObject<Shape, Config>' requires between 0 and 2 type arguments.
node_modules/.pnpm/astro@5.16.7_@azure+storage-blob@12.29.1_@types+node@25.0.3_@upstash+redis@1.36.1_@verc_ec5e961cdbb5ad20e2620366f76d2007/node_modules/astro/dist/core/config/schemas/relative.d.ts(386,13): error TS2707: Generic type 'ZodObject<Shape, Config>' requires between 0 and 2 type arguments.
node_modules/.pnpm/astro@5.16.7_@azure+storage-blob@12.29.1_@types+node@25.0.3_@upstash+redis@1.36.1_@verc_ec5e961cdbb5ad20e2620366f76d2007/node_modules/astro/dist/core/config/schemas/relative.d.ts(413,13): error TS2707: Generic type 'ZodObject<Shape, Config>' requires between 0 and 2 type arguments.
node_modules/.pnpm/astro@5.16.7_@azure+storage-blob@12.29.1_@types+node@25.0.3_@upstash+redis@1.36.1_@verc_ec5e961cdbb5ad20e2620366f76d2007/node_modules/astro/dist/core/config/schemas/relative.d.ts(425,15): error TS2694: Namespace '"/home/vivi/pixelated/node_modules/.pnpm/zod@4.3.5/node_modules/zod/v4/classic/external"' has no exported member 'ZodEffects'.
node_modules/.pnpm/astro@5.16.7_@azure+storage-blob@12.29.1_@types+node@25.0.3_@upstash+redis@1.36.1_@verc_ec5e961cdbb5ad20e2620366f76d2007/node_modules/astro/dist/core/config/schemas/relative.d.ts(425,26): error TS2707: Generic type 'ZodObject<Shape, Config>' requires between 0 and 2 type arguments.
node_modules/.pnpm/astro@5.16.7_@azure+storage-blob@12.29.1_@types+node@25.0.3_@upstash+redis@1.36.1_@verc_ec5e961cdbb5ad20e2620366f76d2007/node_modules/astro/dist/core/config/schemas/relative.d.ts(427,21): error TS2707: Generic type 'ZodArray<T>' requires between 0 and 1 type arguments.
node_modules/.pnpm/astro@5.16.7_@azure+storage-blob@12.29.1_@types+node@25.0.3_@upstash+redis@1.36.1_@verc_ec5e961cdbb5ad20e2620366f76d2007/node_modules/astro/dist/core/config/schemas/relative.d.ts(427,34): error TS2694: Namespace '"/home/vivi/pixelated/node_modules/.pnpm/zod@4.3.5/node_modules/zod/v4/classic/external"' has no exported member 'ZodEffects'.
node_modules/.pnpm/astro@5.16.7_@azure+storage-blob@12.29.1_@types+node@25.0.3_@upstash+redis@1.36.1_@verc_ec5e961cdbb5ad20e2620366f76d2007/node_modules/astro/dist/core/config/schemas/relative.d.ts(535,28): error TS2707: Generic type 'ZodObject<Shape, Config>' requires between 0 and 2 type arguments.
node_modules/.pnpm/astro@5.16.7_@azure+storage-blob@12.29.1_@types+node@25.0.3_@upstash+redis@1.36.1_@verc_ec5e961cdbb5ad20e2620366f76d2007/node_modules/astro/dist/core/config/schemas/relative.d.ts(538,33): error TS2694: Namespace '"/home/vivi/pixelated/node_modules/.pnpm/zod@4.3.5/node_modules/zod/v4/classic/external"' has no exported member 'ZodEffects'.
node_modules/.pnpm/astro@5.16.7_@azure+storage-blob@12.29.1_@types+node@25.0.3_@upstash+redis@1.36.1_@verc_ec5e961cdbb5ad20e2620366f76d2007/node_modules/astro/dist/core/config/schemas/relative.d.ts(538,56): error TS2707: Generic type 'ZodObject<Shape, Config>' requires between 0 and 2 type arguments.
node_modules/.pnpm/astro@5.16.7_@azure+storage-blob@12.29.1_@types+node@25.0.3_@upstash+redis@1.36.1_@verc_ec5e961cdbb5ad20e2620366f76d2007/node_modules/astro/dist/core/config/schemas/relative.d.ts(543,59): error TS2344: Type '["strict", "lax", "none"]' does not satisfy the constraint 'Readonly<Record<string, EnumValue>>'.
  Index signature for type 'string' is missing in type '["strict", "lax", "none"]'.
node_modules/.pnpm/astro@5.16.7_@azure+storage-blob@12.29.1_@types+node@25.0.3_@upstash+redis@1.36.1_@verc_ec5e961cdbb5ad20e2620366f76d2007/node_modules/astro/dist/core/config/schemas/relative.d.ts(600,32): error TS2707: Generic type 'ZodObject<Shape, Config>' requires between 0 and 2 type arguments.
node_modules/.pnpm/astro@5.16.7_@azure+storage-blob@12.29.1_@types+node@25.0.3_@upstash+redis@1.36.1_@verc_ec5e961cdbb5ad20e2620366f76d2007/node_modules/astro/dist/core/config/schemas/relative.d.ts(605,30): error TS2707: Generic type 'ZodArray<T>' requires between 0 and 1 type arguments.
node_modules/.pnpm/astro@5.16.7_@azure+storage-blob@12.29.1_@types+node@25.0.3_@upstash+redis@1.36.1_@verc_ec5e961cdbb5ad20e2620366f76d2007/node_modules/astro/dist/core/config/schemas/relative.d.ts(605,53): error TS2707: Generic type 'ZodObject<Shape, Config>' requires between 0 and 2 type arguments.
node_modules/.pnpm/astro@5.16.7_@azure+storage-blob@12.29.1_@types+node@25.0.3_@upstash+redis@1.36.1_@verc_ec5e961cdbb5ad20e2620366f76d2007/node_modules/astro/dist/core/config/schemas/relative.d.ts(607,23): error TS2707: Generic type 'ZodArray<T>' requires between 0 and 1 type arguments.
node_modules/.pnpm/astro@5.16.7_@azure+storage-blob@12.29.1_@types+node@25.0.3_@upstash+redis@1.36.1_@verc_ec5e961cdbb5ad20e2620366f76d2007/node_modules/astro/dist/core/config/schemas/relative.d.ts(607,34): error TS2707: Generic type 'ZodObject<Shape, Config>' requires between 0 and 2 type arguments.
node_modules/.pnpm/astro@5.16.7_@azure+storage-blob@12.29.1_@types+node@25.0.3_@upstash+redis@1.36.1_@verc_ec5e961cdbb5ad20e2620366f76d2007/node_modules/astro/dist/core/config/schemas/relative.d.ts(608,22): error TS2707: Generic type 'ZodArray<T>' requires between 0 and 1 type arguments.
node_modules/.pnpm/astro@5.16.7_@azure+storage-blob@12.29.1_@types+node@25.0.3_@upstash+redis@1.36.1_@verc_ec5e961cdbb5ad20e2620366f76d2007/node_modules/astro/dist/core/config/schemas/relative.d.ts(608,56): error TS2344: Type '[ZodString, ZodType<URL, z.ZodTypeDef, URL>]' does not satisfy the constraint 'readonly SomeType[]'.
  Type 'ZodString | ZodType<URL, z.ZodTypeDef, URL>' is not assignable to type 'SomeType'.
    Type 'ZodType<URL, z.ZodTypeDef, URL>' is not assignable to type 'SomeType'.
      Types of property '_zod' are incompatible.
        Type 'URL' is missing the following properties from type '_$ZodTypeInternals': version, def, deferred, run, and 6 more.
node_modules/.pnpm/astro@5.16.7_@azure+storage-blob@12.29.1_@types+node@25.0.3_@upstash+redis@1.36.1_@verc_ec5e961cdbb5ad20e2620366f76d2007/node_modules/astro/dist/core/config/schemas/relative.d.ts(608,87): error TS2724: '"/home/vivi/pixelated/node_modules/.pnpm/zod@4.3.5/node_modules/zod/v4/classic/external"' has no exported member named 'ZodTypeDef'. Did you mean 'ZodType'?
node_modules/.pnpm/astro@5.16.7_@azure+storage-blob@12.29.1_@types+node@25.0.3_@upstash+redis@1.36.1_@verc_ec5e961cdbb5ad20e2620366f76d2007/node_modules/astro/dist/core/config/schemas/relative.d.ts(608,99): error TS2344: Type 'URL' does not satisfy the constraint '$ZodTypeInternals<URL, z.ZodTypeDef>'.
  Type 'URL' is missing the following properties from type '$ZodTypeInternals<URL, z.ZodTypeDef>': output, input, version, def, and 8 more.
node_modules/.pnpm/astro@5.16.7_@azure+storage-blob@12.29.1_@types+node@25.0.3_@upstash+redis@1.36.1_@verc_ec5e961cdbb5ad20e2620366f76d2007/node_modules/astro/dist/core/config/schemas/relative.d.ts(608,107): error TS2707: Generic type 'ZodObject<Shape, Config>' requires between 0 and 2 type arguments.
node_modules/.pnpm/astro@5.16.7_@azure+storage-blob@12.29.1_@types+node@25.0.3_@upstash+redis@1.36.1_@verc_ec5e961cdbb5ad20e2620366f76d2007/node_modules/astro/dist/core/config/schemas/relative.d.ts(609,37): error TS2344: Type '[ZodString, ZodType<URL, z.ZodTypeDef, URL>]' does not satisfy the constraint 'readonly SomeType[]'.
  Type 'ZodString | ZodType<URL, z.ZodTypeDef, URL>' is not assignable to type 'SomeType'.
    Type 'ZodType<URL, z.ZodTypeDef, URL>' is not assignable to type 'SomeType'.
      Types of property '_zod' are incompatible.
        Type 'URL' is missing the following properties from type '_$ZodTypeInternals': version, def, deferred, run, and 6 more.
node_modules/.pnpm/astro@5.16.7_@azure+storage-blob@12.29.1_@types+node@25.0.3_@upstash+redis@1.36.1_@verc_ec5e961cdbb5ad20e2620366f76d2007/node_modules/astro/dist/core/config/schemas/relative.d.ts(609,68): error TS2724: '"/home/vivi/pixelated/node_modules/.pnpm/zod@4.3.5/node_modules/zod/v4/classic/external"' has no exported member named 'ZodTypeDef'. Did you mean 'ZodType'?
node_modules/.pnpm/astro@5.16.7_@azure+storage-blob@12.29.1_@types+node@25.0.3_@upstash+redis@1.36.1_@verc_ec5e961cdbb5ad20e2620366f76d2007/node_modules/astro/dist/core/config/schemas/relative.d.ts(609,80): error TS2344: Type 'URL' does not satisfy the constraint '$ZodTypeInternals<URL, z.ZodTypeDef>'.
  Type 'URL' is missing the following properties from type '$ZodTypeInternals<URL, z.ZodTypeDef>': output, input, version, def, and 8 more.
node_modules/.pnpm/astro@5.16.7_@azure+storage-blob@12.29.1_@types+node@25.0.3_@upstash+redis@1.36.1_@verc_ec5e961cdbb5ad20e2620366f76d2007/node_modules/astro/dist/core/config/schemas/relative.d.ts(619,48): error TS2344: Type '["normal", "italic", "oblique"]' does not satisfy the constraint 'Readonly<Record<string, EnumValue>>'.
  Index signature for type 'string' is missing in type '["normal", "italic", "oblique"]'.
node_modules/.pnpm/astro@5.16.7_@azure+storage-blob@12.29.1_@types+node@25.0.3_@upstash+redis@1.36.1_@verc_ec5e961cdbb5ad20e2620366f76d2007/node_modules/astro/dist/core/config/schemas/relative.d.ts(620,50): error TS2344: Type '["auto", "block", "swap", "fallback", "optional"]' does not satisfy the constraint 'Readonly<Record<string, EnumValue>>'.
  Index signature for type 'string' is missing in type '["auto", "block", "swap", "fallback", "optional"]'.
node_modules/.pnpm/astro@5.16.7_@azure+storage-blob@12.29.1_@types+node@25.0.3_@upstash+redis@1.36.1_@verc_ec5e961cdbb5ad20e2620366f76d2007/node_modules/astro/dist/core/config/schemas/relative.d.ts(624,45): error TS2707: Generic type 'ZodArray<T>' requires between 0 and 1 type arguments.
node_modules/.pnpm/astro@5.16.7_@azure+storage-blob@12.29.1_@types+node@25.0.3_@upstash+redis@1.36.1_@verc_ec5e961cdbb5ad20e2620366f76d2007/node_modules/astro/dist/core/config/schemas/relative.d.ts(656,38): error TS2707: Generic type 'ZodArray<T>' requires between 0 and 1 type arguments.
node_modules/.pnpm/astro@5.16.7_@azure+storage-blob@12.29.1_@types+node@25.0.3_@upstash+redis@1.36.1_@verc_ec5e961cdbb5ad20e2620366f76d2007/node_modules/astro/dist/core/config/schemas/relative.d.ts(734,13): error TS2707: Generic type 'ZodObject<Shape, Config>' requires between 0 and 2 type arguments.
node_modules/.pnpm/astro@5.16.7_@azure+storage-blob@12.29.1_@types+node@25.0.3_@upstash+redis@1.36.1_@verc_ec5e961cdbb5ad20e2620366f76d2007/node_modules/astro/dist/core/config/schemas/relative.d.ts(735,23): error TS2707: Generic type 'ZodObject<Shape, Config>' requires between 0 and 2 type arguments.
node_modules/.pnpm/astro@5.16.7_@azure+storage-blob@12.29.1_@types+node@25.0.3_@upstash+redis@1.36.1_@verc_ec5e961cdbb5ad20e2620366f76d2007/node_modules/astro/dist/core/config/schemas/relative.d.ts(736,40): error TS2344: Type '[ZodString, ZodType<URL, z.ZodTypeDef, URL>]' does not satisfy the constraint 'readonly SomeType[]'.
  Type 'ZodString | ZodType<URL, z.ZodTypeDef, URL>' is not assignable to type 'SomeType'.
    Type 'ZodType<URL, z.ZodTypeDef, URL>' is not assignable to type 'SomeType'.
      Types of property '_zod' are incompatible.
        Type 'URL' is missing the following properties from type '_$ZodTypeInternals': version, def, deferred, run, and 6 more.
node_modules/.pnpm/astro@5.16.7_@azure+storage-blob@12.29.1_@types+node@25.0.3_@upstash+redis@1.36.1_@verc_ec5e961cdbb5ad20e2620366f76d2007/node_modules/astro/dist/core/config/schemas/relative.d.ts(736,71): error TS2724: '"/home/vivi/pixelated/node_modules/.pnpm/zod@4.3.5/node_modules/zod/v4/classic/external"' has no exported member named 'ZodTypeDef'. Did you mean 'ZodType'?
node_modules/.pnpm/astro@5.16.7_@azure+storage-blob@12.29.1_@types+node@25.0.3_@upstash+redis@1.36.1_@verc_ec5e961cdbb5ad20e2620366f76d2007/node_modules/astro/dist/core/config/schemas/relative.d.ts(736,83): error TS2344: Type 'URL' does not satisfy the constraint '$ZodTypeInternals<URL, z.ZodTypeDef>'.
  Type 'URL' is missing the following properties from type '$ZodTypeInternals<URL, z.ZodTypeDef>': output, input, version, def, and 8 more.
node_modules/.pnpm/astro@5.16.7_@azure+storage-blob@12.29.1_@types+node@25.0.3_@upstash+redis@1.36.1_@verc_ec5e961cdbb5ad20e2620366f76d2007/node_modules/astro/dist/core/config/schemas/relative.d.ts(745,36): error TS2707: Generic type 'ZodArray<T>' requires between 0 and 1 type arguments.
node_modules/.pnpm/astro@5.16.7_@azure+storage-blob@12.29.1_@types+node@25.0.3_@upstash+redis@1.36.1_@verc_ec5e961cdbb5ad20e2620366f76d2007/node_modules/astro/dist/core/config/schemas/relative.d.ts(746,35): error TS2707: Generic type 'ZodArray<T>' requires between 0 and 1 type arguments.
node_modules/.pnpm/astro@5.16.7_@azure+storage-blob@12.29.1_@types+node@25.0.3_@upstash+redis@1.36.1_@verc_ec5e961cdbb5ad20e2620366f76d2007/node_modules/astro/dist/core/config/schemas/relative.d.ts(746,56): error TS2344: Type '["normal", "italic", "oblique"]' does not satisfy the constraint 'Readonly<Record<string, EnumValue>>'.
  Index signature for type 'string' is missing in type '["normal", "italic", "oblique"]'.
node_modules/.pnpm/astro@5.16.7_@azure+storage-blob@12.29.1_@types+node@25.0.3_@upstash+redis@1.36.1_@verc_ec5e961cdbb5ad20e2620366f76d2007/node_modules/astro/dist/core/config/schemas/relative.d.ts(747,36): error TS2707: Generic type 'ZodArray<T>' requires between 0 and 1 type arguments.
node_modules/.pnpm/astro@5.16.7_@azure+storage-blob@12.29.1_@types+node@25.0.3_@upstash+redis@1.36.1_@verc_ec5e961cdbb5ad20e2620366f76d2007/node_modules/astro/dist/core/config/schemas/relative.d.ts(748,36): error TS2707: Generic type 'ZodArray<T>' requires between 0 and 1 type arguments.
node_modules/.pnpm/astro@5.16.7_@azure+storage-blob@12.29.1_@types+node@25.0.3_@upstash+redis@1.36.1_@verc_ec5e961cdbb5ad20e2620366f76d2007/node_modules/astro/dist/core/config/schemas/relative.d.ts(748,57): error TS2344: Type '["woff2", "woff", "otf", "ttf", "eot"]' does not satisfy the constraint 'Readonly<Record<string, EnumValue>>'.
  Index signature for type 'string' is missing in type '["woff2", "woff", "otf", "ttf", "eot"]'.
node_modules/.pnpm/astro@5.16.7_@azure+storage-blob@12.29.1_@types+node@25.0.3_@upstash+redis@1.36.1_@verc_ec5e961cdbb5ad20e2620366f76d2007/node_modules/astro/dist/core/config/schemas/relative.d.ts(749,46): error TS2344: Type '["auto", "block", "swap", "fallback", "optional"]' does not satisfy the constraint 'Readonly<Record<string, EnumValue>>'.
  Index signature for type 'string' is missing in type '["auto", "block", "swap", "fallback", "optional"]'.
node_modules/.pnpm/astro@5.16.7_@azure+storage-blob@12.29.1_@types+node@25.0.3_@upstash+redis@1.36.1_@verc_ec5e961cdbb5ad20e2620366f76d2007/node_modules/astro/dist/core/config/schemas/relative.d.ts(753,41): error TS2707: Generic type 'ZodArray<T>' requires between 0 and 1 type arguments.
node_modules/.pnpm/astro@5.16.7_@azure+storage-blob@12.29.1_@types+node@25.0.3_@upstash+redis@1.36.1_@verc_ec5e961cdbb5ad20e2620366f76d2007/node_modules/astro/dist/core/config/schemas/relative.d.ts(754,38): error TS2707: Generic type 'ZodArray<T>' requires between 0 and 1 type arguments.
node_modules/.pnpm/astro@5.16.7_@azure+storage-blob@12.29.1_@types+node@25.0.3_@upstash+redis@1.36.1_@verc_ec5e961cdbb5ad20e2620366f76d2007/node_modules/astro/dist/core/config/schemas/relative.d.ts(796,96): error TS2707: Generic type 'ZodObject<Shape, Config>' requires between 0 and 2 type arguments.
node_modules/.pnpm/astro@5.16.7_@azure+storage-blob@12.29.1_@types+node@25.0.3_@upstash+redis@1.36.1_@verc_ec5e961cdbb5ad20e2620366f76d2007/node_modules/astro/dist/core/config/schemas/relative.d.ts(797,61): error TS2344: Type '["SHA-256", "SHA-384", "SHA-512"]' does not satisfy the constraint 'Readonly<Record<string, EnumValue>>'.
  Index signature for type 'string' is missing in type '["SHA-256", "SHA-384", "SHA-512"]'.
node_modules/.pnpm/astro@5.16.7_@azure+storage-blob@12.29.1_@types+node@25.0.3_@upstash+redis@1.36.1_@verc_ec5e961cdbb5ad20e2620366f76d2007/node_modules/astro/dist/core/config/schemas/relative.d.ts(798,39): error TS2707: Generic type 'ZodArray<T>' requires between 0 and 1 type arguments.
node_modules/.pnpm/astro@5.16.7_@azure+storage-blob@12.29.1_@types+node@25.0.3_@upstash+redis@1.36.1_@verc_ec5e961cdbb5ad20e2620366f76d2007/node_modules/astro/dist/core/config/schemas/relative.d.ts(798,598): error TS2724: '"/home/vivi/pixelated/node_modules/.pnpm/zod@4.3.5/node_modules/zod/v4/classic/external"' has no exported member named 'ZodTypeDef'. Did you mean 'ZodType'?
node_modules/.pnpm/astro@5.16.7_@azure+storage-blob@12.29.1_@types+node@25.0.3_@upstash+redis@1.36.1_@verc_ec5e961cdbb5ad20e2620366f76d2007/node_modules/astro/dist/core/config/schemas/relative.d.ts(798,610): error TS2344: Type '`referrer${string}` | `upgrade-insecure-requests${string}` | `base-uri${string}` | `child-src${string}` | `connect-src${string}` | `default-src${string}` | `fenced-frame-src${string}` | `font-src${string}` | `form-action${string}` | `frame-ancestors${string}` | `frame-src${string}` | `img-src${string}` | `manifest-s...' does not satisfy the constraint '$ZodTypeInternals<`referrer${string}` | `upgrade-insecure-requests${string}` | `base-uri${string}` | `child-src${string}` | `connect-src${string}` | `default-src${string}` | `fenced-frame-src${string}` | `font-src${string}` | `form-action${string}` | `frame-ancestors${string}` | `frame-src${string}` | `img-src${stri...'.
  Type '`referrer${string}`' is not assignable to type '$ZodTypeInternals<`referrer${string}` | `upgrade-insecure-requests${string}` | `base-uri${string}` | `child-src${string}` | `connect-src${string}` | `default-src${string}` | `fenced-frame-src${string}` | `font-src${string}` | `form-action${string}` | `frame-ancestors${string}` | `frame-src${string}` | `img-src${stri...'.
node_modules/.pnpm/astro@5.16.7_@azure+storage-blob@12.29.1_@types+node@25.0.3_@upstash+redis@1.36.1_@verc_ec5e961cdbb5ad20e2620366f76d2007/node_modules/astro/dist/core/config/schemas/relative.d.ts(799,43): error TS2707: Generic type 'ZodObject<Shape, Config>' requires between 0 and 2 type arguments.
node_modules/.pnpm/astro@5.16.7_@azure+storage-blob@12.29.1_@types+node@25.0.3_@upstash+redis@1.36.1_@verc_ec5e961cdbb5ad20e2620366f76d2007/node_modules/astro/dist/core/config/schemas/relative.d.ts(800,42): error TS2707: Generic type 'ZodArray<T>' requires between 0 and 1 type arguments.
node_modules/.pnpm/astro@5.16.7_@azure+storage-blob@12.29.1_@types+node@25.0.3_@upstash+redis@1.36.1_@verc_ec5e961cdbb5ad20e2620366f76d2007/node_modules/astro/dist/core/config/schemas/relative.d.ts(801,39): error TS2707: Generic type 'ZodArray<T>' requires between 0 and 1 type arguments.
node_modules/.pnpm/astro@5.16.7_@azure+storage-blob@12.29.1_@types+node@25.0.3_@upstash+redis@1.36.1_@verc_ec5e961cdbb5ad20e2620366f76d2007/node_modules/astro/dist/core/config/schemas/relative.d.ts(801,124): error TS2724: '"/home/vivi/pixelated/node_modules/.pnpm/zod@4.3.5/node_modules/zod/v4/classic/external"' has no exported member named 'ZodTypeDef'. Did you mean 'ZodType'?
node_modules/.pnpm/astro@5.16.7_@azure+storage-blob@12.29.1_@types+node@25.0.3_@upstash+redis@1.36.1_@verc_ec5e961cdbb5ad20e2620366f76d2007/node_modules/astro/dist/core/config/schemas/relative.d.ts(801,136): error TS2344: Type '`sha256-${string}` | `sha384-${string}` | `sha512-${string}`' does not satisfy the constraint '$ZodTypeInternals<`sha256-${string}` | `sha384-${string}` | `sha512-${string}`, z.ZodTypeDef>'.
  Type '`sha256-${string}`' is not assignable to type '$ZodTypeInternals<`sha256-${string}` | `sha384-${string}` | `sha512-${string}`, z.ZodTypeDef>'.
node_modules/.pnpm/astro@5.16.7_@azure+storage-blob@12.29.1_@types+node@25.0.3_@upstash+redis@1.36.1_@verc_ec5e961cdbb5ad20e2620366f76d2007/node_modules/astro/dist/core/config/schemas/relative.d.ts(809,44): error TS2707: Generic type 'ZodObject<Shape, Config>' requires between 0 and 2 type arguments.
node_modules/.pnpm/astro@5.16.7_@azure+storage-blob@12.29.1_@types+node@25.0.3_@upstash+redis@1.36.1_@verc_ec5e961cdbb5ad20e2620366f76d2007/node_modules/astro/dist/core/config/schemas/relative.d.ts(810,42): error TS2707: Generic type 'ZodArray<T>' requires between 0 and 1 type arguments.
node_modules/.pnpm/astro@5.16.7_@azure+storage-blob@12.29.1_@types+node@25.0.3_@upstash+redis@1.36.1_@verc_ec5e961cdbb5ad20e2620366f76d2007/node_modules/astro/dist/core/config/schemas/relative.d.ts(811,39): error TS2707: Generic type 'ZodArray<T>' requires between 0 and 1 type arguments.
node_modules/.pnpm/astro@5.16.7_@azure+storage-blob@12.29.1_@types+node@25.0.3_@upstash+redis@1.36.1_@verc_ec5e961cdbb5ad20e2620366f76d2007/node_modules/astro/dist/core/config/schemas/relative.d.ts(811,124): error TS2724: '"/home/vivi/pixelated/node_modules/.pnpm/zod@4.3.5/node_modules/zod/v4/classic/external"' has no exported member named 'ZodTypeDef'. Did you mean 'ZodType'?
node_modules/.pnpm/astro@5.16.7_@azure+storage-blob@12.29.1_@types+node@25.0.3_@upstash+redis@1.36.1_@verc_ec5e961cdbb5ad20e2620366f76d2007/node_modules/astro/dist/core/config/schemas/relative.d.ts(811,136): error TS2344: Type '`sha256-${string}` | `sha384-${string}` | `sha512-${string}`' does not satisfy the constraint '$ZodTypeInternals<`sha256-${string}` | `sha384-${string}` | `sha512-${string}`, z.ZodTypeDef>'.
  Type '`sha256-${string}`' is not assignable to type '$ZodTypeInternals<`sha256-${string}` | `sha384-${string}` | `sha512-${string}`, z.ZodTypeDef>'.
node_modules/.pnpm/astro@5.16.7_@azure+storage-blob@12.29.1_@types+node@25.0.3_@upstash+redis@1.36.1_@verc_ec5e961cdbb5ad20e2620366f76d2007/node_modules/astro/dist/core/config/schemas/relative.d.ts(850,28): error TS2344: Type 'ZodOptional<ZodUnion<[ZodBoolean, ZodType<Config, z.ZodTypeDef, Config>]>>' does not satisfy the constraint 'SomeType'.
  The types of '_zod.values' are incompatible between these types.
    Type '{}' is missing the following properties from type 'Set<Primitive>': add, clear, delete, forEach, and 7 more.
node_modules/.pnpm/astro@5.16.7_@azure+storage-blob@12.29.1_@types+node@25.0.3_@upstash+redis@1.36.1_@verc_ec5e961cdbb5ad20e2620366f76d2007/node_modules/astro/dist/core/config/schemas/relative.d.ts(850,42): error TS2344: Type 'ZodUnion<[ZodBoolean, ZodType<Config, z.ZodTypeDef, Config>]>' does not satisfy the constraint 'SomeType'.
  The types of '_zod.values' are incompatible between these types.
    Type '{}' is missing the following properties from type 'Set<Primitive>': add, clear, delete, forEach, and 7 more.
node_modules/.pnpm/astro@5.16.7_@azure+storage-blob@12.29.1_@types+node@25.0.3_@upstash+redis@1.36.1_@verc_ec5e961cdbb5ad20e2620366f76d2007/node_modules/astro/dist/core/config/schemas/relative.d.ts(850,53): error TS2344: Type '[ZodBoolean, ZodType<Config, z.ZodTypeDef, Config>]' does not satisfy the constraint 'readonly SomeType[]'.
  Type 'ZodBoolean | ZodType<Config, z.ZodTypeDef, Config>' is not assignable to type 'SomeType'.
    Type 'ZodType<Config, z.ZodTypeDef, Config>' is not assignable to type 'SomeType'.
      Types of property '_zod' are incompatible.
        Type 'Config' is missing the following properties from type '_$ZodTypeInternals': version, def, deferred, run, and 6 more.
node_modules/.pnpm/astro@5.16.7_@azure+storage-blob@12.29.1_@types+node@25.0.3_@upstash+redis@1.36.1_@verc_ec5e961cdbb5ad20e2620366f76d2007/node_modules/astro/dist/core/config/schemas/relative.d.ts(850,103): error TS2724: '"/home/vivi/pixelated/node_modules/.pnpm/zod@4.3.5/node_modules/zod/v4/classic/external"' has no exported member named 'ZodTypeDef'. Did you mean 'ZodType'?
node_modules/.pnpm/astro@5.16.7_@azure+storage-blob@12.29.1_@types+node@25.0.3_@upstash+redis@1.36.1_@verc_ec5e961cdbb5ad20e2620366f76d2007/node_modules/astro/dist/core/config/schemas/relative.d.ts(850,115): error TS2344: Type 'Config' does not satisfy the constraint '$ZodTypeInternals<Config, z.ZodTypeDef>'.
  Type 'Config' is missing the following properties from type '$ZodTypeInternals<Config, z.ZodTypeDef>': output, input, version, def, and 8 more.
node_modules/.pnpm/astro@5.16.7_@azure+storage-blob@12.29.1_@types+node@25.0.3_@upstash+redis@1.36.1_@verc_ec5e961cdbb5ad20e2620366f76d2007/node_modules/astro/dist/core/config/schemas/relative.d.ts(1010,26): error TS2707: Generic type 'ZodObject<Shape, Config>' requires between 0 and 2 type arguments.
node_modules/.pnpm/astro@5.16.7_@azure+storage-blob@12.29.1_@types+node@25.0.3_@upstash+redis@1.36.1_@verc_ec5e961cdbb5ad20e2620366f76d2007/node_modules/astro/dist/core/config/schemas/relative.d.ts(1018,13): error TS2694: Namespace '"/home/vivi/pixelated/node_modules/.pnpm/zod@4.3.5/node_modules/zod/v4/classic/external"' has no exported member 'ZodEffects'.
node_modules/.pnpm/astro@5.16.7_@azure+storage-blob@12.29.1_@types+node@25.0.3_@upstash+redis@1.36.1_@verc_ec5e961cdbb5ad20e2620366f76d2007/node_modules/astro/dist/core/config/schemas/relative.d.ts(1019,15): error TS2694: Namespace '"/home/vivi/pixelated/node_modules/.pnpm/zod@4.3.5/node_modules/zod/v4/classic/external"' has no exported member 'ZodEffects'.
node_modules/.pnpm/astro@5.16.7_@azure+storage-blob@12.29.1_@types+node@25.0.3_@upstash+redis@1.36.1_@verc_ec5e961cdbb5ad20e2620366f76d2007/node_modules/astro/dist/core/config/schemas/relative.d.ts(1021,18): error TS2694: Namespace '"/home/vivi/pixelated/node_modules/.pnpm/zod@4.3.5/node_modules/zod/v4/classic/external"' has no exported member 'ZodEffects'.
node_modules/.pnpm/astro@5.16.7_@azure+storage-blob@12.29.1_@types+node@25.0.3_@upstash+redis@1.36.1_@verc_ec5e961cdbb5ad20e2620366f76d2007/node_modules/astro/dist/core/config/schemas/relative.d.ts(1022,15): error TS2694: Namespace '"/home/vivi/pixelated/node_modules/.pnpm/zod@4.3.5/node_modules/zod/v4/classic/external"' has no exported member 'ZodEffects'.
node_modules/.pnpm/astro@5.16.7_@azure+storage-blob@12.29.1_@types+node@25.0.3_@upstash+redis@1.36.1_@verc_ec5e961cdbb5ad20e2620366f76d2007/node_modules/astro/dist/core/config/schemas/relative.d.ts(1023,17): error TS2694: Namespace '"/home/vivi/pixelated/node_modules/.pnpm/zod@4.3.5/node_modules/zod/v4/classic/external"' has no exported member 'ZodEffects'.
node_modules/.pnpm/astro@5.16.7_@azure+storage-blob@12.29.1_@types+node@25.0.3_@upstash+redis@1.36.1_@verc_ec5e961cdbb5ad20e2620366f76d2007/node_modules/astro/dist/core/config/schemas/relative.d.ts(1024,39): error TS2707: Generic type 'ZodObject<Shape, Config>' requires between 0 and 2 type arguments.
node_modules/.pnpm/astro@5.16.7_@azure+storage-blob@12.29.1_@types+node@25.0.3_@upstash+redis@1.36.1_@verc_ec5e961cdbb5ad20e2620366f76d2007/node_modules/astro/dist/core/config/schemas/relative.d.ts(1026,19): error TS2694: Namespace '"/home/vivi/pixelated/node_modules/.pnpm/zod@4.3.5/node_modules/zod/v4/classic/external"' has no exported member 'ZodEffects'.
node_modules/.pnpm/astro@5.16.7_@azure+storage-blob@12.29.1_@types+node@25.0.3_@upstash+redis@1.36.1_@verc_ec5e961cdbb5ad20e2620366f76d2007/node_modules/astro/dist/core/config/schemas/relative.d.ts(1027,19): error TS2694: Namespace '"/home/vivi/pixelated/node_modules/.pnpm/zod@4.3.5/node_modules/zod/v4/classic/external"' has no exported member 'ZodEffects'.
node_modules/.pnpm/astro@5.16.7_@azure+storage-blob@12.29.1_@types+node@25.0.3_@upstash+redis@1.36.1_@verc_ec5e961cdbb5ad20e2620366f76d2007/node_modules/astro/dist/core/config/schemas/relative.d.ts(1029,95): error TS2707: Generic type 'ZodObject<Shape, Config>' requires between 0 and 2 type arguments.
node_modules/.pnpm/astro@5.16.7_@azure+storage-blob@12.29.1_@types+node@25.0.3_@upstash+redis@1.36.1_@verc_ec5e961cdbb5ad20e2620366f76d2007/node_modules/astro/dist/core/config/schemas/relative.d.ts(1038,65): error TS2344: Type '["always", "auto", "never"]' does not satisfy the constraint 'Readonly<Record<string, EnumValue>>'.
  Index signature for type 'string' is missing in type '["always", "auto", "never"]'.
node_modules/.pnpm/astro@5.16.7_@azure+storage-blob@12.29.1_@types+node@25.0.3_@upstash+redis@1.36.1_@verc_ec5e961cdbb5ad20e2620366f76d2007/node_modules/astro/dist/core/config/schemas/relative.d.ts(1065,15): error TS2694: Namespace '"/home/vivi/pixelated/node_modules/.pnpm/zod@4.3.5/node_modules/zod/v4/classic/external"' has no exported member 'ZodEffects'.
node_modules/.pnpm/astro@5.16.7_@azure+storage-blob@12.29.1_@types+node@25.0.3_@upstash+redis@1.36.1_@verc_ec5e961cdbb5ad20e2620366f76d2007/node_modules/astro/dist/core/config/schemas/relative.d.ts(1065,53): error TS2707: Generic type 'ZodObject<Shape, Config>' requires between 0 and 2 type arguments.
node_modules/.pnpm/astro@5.16.7_@azure+storage-blob@12.29.1_@types+node@25.0.3_@upstash+redis@1.36.1_@verc_ec5e961cdbb5ad20e2620366f76d2007/node_modules/astro/dist/core/config/schemas/relative.d.ts(1069,32): error TS2344: Type 'ZodType<OutgoingHttpHeaders, z.ZodTypeDef, OutgoingHttpHeaders>' does not satisfy the constraint 'SomeType'.
  Types of property '_zod' are incompatible.
    Type 'OutgoingHttpHeaders' is missing the following properties from type '_$ZodTypeInternals': version, def, deferred, run, and 6 more.
node_modules/.pnpm/astro@5.16.7_@azure+storage-blob@12.29.1_@types+node@25.0.3_@upstash+redis@1.36.1_@verc_ec5e961cdbb5ad20e2620366f76d2007/node_modules/astro/dist/core/config/schemas/relative.d.ts(1069,65): error TS2724: '"/home/vivi/pixelated/node_modules/.pnpm/zod@4.3.5/node_modules/zod/v4/classic/external"' has no exported member named 'ZodTypeDef'. Did you mean 'ZodType'?
node_modules/.pnpm/astro@5.16.7_@azure+storage-blob@12.29.1_@types+node@25.0.3_@upstash+redis@1.36.1_@verc_ec5e961cdbb5ad20e2620366f76d2007/node_modules/astro/dist/core/config/schemas/relative.d.ts(1069,77): error TS2344: Type 'OutgoingHttpHeaders' does not satisfy the constraint '$ZodTypeInternals<OutgoingHttpHeaders, z.ZodTypeDef>'.
  Type 'OutgoingHttpHeaders' is missing the following properties from type '$ZodTypeInternals<OutgoingHttpHeaders, z.ZodTypeDef>': output, input, version, def, and 8 more.
node_modules/.pnpm/astro@5.16.7_@azure+storage-blob@12.29.1_@types+node@25.0.3_@upstash+redis@1.36.1_@verc_ec5e961cdbb5ad20e2620366f76d2007/node_modules/astro/dist/core/config/schemas/relative.d.ts(1071,62): error TS2707: Generic type 'ZodArray<T>' requires between 0 and 1 type arguments.
node_modules/.pnpm/astro@5.16.7_@azure+storage-blob@12.29.1_@types+node@25.0.3_@upstash+redis@1.36.1_@verc_ec5e961cdbb5ad20e2620366f76d2007/node_modules/astro/dist/core/config/schemas/relative.d.ts(1451,19): error TS2694: Namespace '"/home/vivi/pixelated/node_modules/.pnpm/zod@4.3.5/node_modules/zod/v4/classic/external"' has no exported member 'objectInputType'.
node_modules/.pnpm/astro@5.16.7_@azure+storage-blob@12.29.1_@types+node@25.0.3_@upstash+redis@1.36.1_@verc_ec5e961cdbb5ad20e2620366f76d2007/node_modules/astro/dist/core/config/schemas/relative.d.ts(1955,19): error TS2694: Namespace '"/home/vivi/pixelated/node_modules/.pnpm/zod@4.3.5/node_modules/zod/v4/classic/external"' has no exported member 'objectInputType'.
node_modules/.pnpm/astro@5.16.7_@azure+storage-blob@12.29.1_@types+node@25.0.3_@upstash+redis@1.36.1_@verc_ec5e961cdbb5ad20e2620366f76d2007/node_modules/astro/dist/core/cookies/cookies.d.ts(27,5): error TS18028: Private identifiers are only available when targeting ECMAScript 2015 and higher.
node_modules/.pnpm/astro@5.16.7_@azure+storage-blob@12.29.1_@types+node@25.0.3_@upstash+redis@1.36.1_@verc_ec5e961cdbb5ad20e2620366f76d2007/node_modules/astro/dist/core/csp/config.d.ts(9,79): error TS2344: Type '["SHA-256", "SHA-384", "SHA-512"]' does not satisfy the constraint 'Readonly<Record<string, EnumValue>>'.
  Index signature for type 'string' is missing in type '["SHA-256", "SHA-384", "SHA-512"]'.
node_modules/.pnpm/astro@5.16.7_@azure+storage-blob@12.29.1_@types+node@25.0.3_@upstash+redis@1.36.1_@verc_ec5e961cdbb5ad20e2620366f76d2007/node_modules/astro/dist/core/csp/config.d.ts(10,111): error TS2724: '"/home/vivi/pixelated/node_modules/.pnpm/zod@4.3.5/node_modules/zod/v4/classic/external"' has no exported member named 'ZodTypeDef'. Did you mean 'ZodType'?
node_modules/.pnpm/astro@5.16.7_@azure+storage-blob@12.29.1_@types+node@25.0.3_@upstash+redis@1.36.1_@verc_ec5e961cdbb5ad20e2620366f76d2007/node_modules/astro/dist/core/csp/config.d.ts(10,123): error TS2344: Type '`sha256-${string}` | `sha384-${string}` | `sha512-${string}`' does not satisfy the constraint '$ZodTypeInternals<`sha256-${string}` | `sha384-${string}` | `sha512-${string}`, z.ZodTypeDef>'.
  Type '`sha256-${string}`' is not assignable to type '$ZodTypeInternals<`sha256-${string}` | `sha384-${string}` | `sha512-${string}`, z.ZodTypeDef>'.
node_modules/.pnpm/astro@5.16.7_@azure+storage-blob@12.29.1_@types+node@25.0.3_@upstash+redis@1.36.1_@verc_ec5e961cdbb5ad20e2620366f76d2007/node_modules/astro/dist/core/csp/config.d.ts(15,595): error TS2724: '"/home/vivi/pixelated/node_modules/.pnpm/zod@4.3.5/node_modules/zod/v4/classic/external"' has no exported member named 'ZodTypeDef'. Did you mean 'ZodType'?
node_modules/.pnpm/astro@5.16.7_@azure+storage-blob@12.29.1_@types+node@25.0.3_@upstash+redis@1.36.1_@verc_ec5e961cdbb5ad20e2620366f76d2007/node_modules/astro/dist/core/csp/config.d.ts(15,607): error TS2344: Type '`referrer${string}` | `upgrade-insecure-requests${string}` | `base-uri${string}` | `child-src${string}` | `connect-src${string}` | `default-src${string}` | `fenced-frame-src${string}` | `font-src${string}` | `form-action${string}` | `frame-ancestors${string}` | `frame-src${string}` | `img-src${string}` | `manifest-s...' does not satisfy the constraint '$ZodTypeInternals<`referrer${string}` | `upgrade-insecure-requests${string}` | `base-uri${string}` | `child-src${string}` | `connect-src${string}` | `default-src${string}` | `fenced-frame-src${string}` | `font-src${string}` | `form-action${string}` | `frame-ancestors${string}` | `frame-src${string}` | `img-src${stri...'.
  Type '`referrer${string}`' is not assignable to type '$ZodTypeInternals<`referrer${string}` | `upgrade-insecure-requests${string}` | `base-uri${string}` | `child-src${string}` | `connect-src${string}` | `default-src${string}` | `fenced-frame-src${string}` | `font-src${string}` | `form-action${string}` | `frame-ancestors${string}` | `frame-src${string}` | `img-src${stri...'.
node_modules/.pnpm/astro@5.16.7_@azure+storage-blob@12.29.1_@types+node@25.0.3_@upstash+redis@1.36.1_@verc_ec5e961cdbb5ad20e2620366f76d2007/node_modules/astro/dist/core/dev/container.d.ts(1,8): error TS1192: Module '"node:fs"' has no default export.
node_modules/.pnpm/astro@5.16.7_@azure+storage-blob@12.29.1_@types+node@25.0.3_@upstash+redis@1.36.1_@verc_ec5e961cdbb5ad20e2620366f76d2007/node_modules/astro/dist/core/dev/dev.d.ts(1,13): error TS1192: Module '"node:http"' has no default export.
node_modules/.pnpm/astro@5.16.7_@azure+storage-blob@12.29.1_@types+node@25.0.3_@upstash+redis@1.36.1_@verc_ec5e961cdbb5ad20e2620366f76d2007/node_modules/astro/dist/core/dev/restart.d.ts(1,13): error TS1192: Module '"node:fs"' has no default export.
node_modules/.pnpm/astro@5.16.7_@azure+storage-blob@12.29.1_@types+node@25.0.3_@upstash+redis@1.36.1_@verc_ec5e961cdbb5ad20e2620366f76d2007/node_modules/astro/dist/core/errors/errors.d.ts(24,51): error TS2304: Cannot find name 'ErrorOptions'.
node_modules/.pnpm/astro@5.16.7_@azure+storage-blob@12.29.1_@types+node@25.0.3_@upstash+redis@1.36.1_@verc_ec5e961cdbb5ad20e2620366f76d2007/node_modules/astro/dist/core/errors/errors.d.ts(34,51): error TS2304: Cannot find name 'ErrorOptions'.
node_modules/.pnpm/astro@5.16.7_@azure+storage-blob@12.29.1_@types+node@25.0.3_@upstash+redis@1.36.1_@verc_ec5e961cdbb5ad20e2620366f76d2007/node_modules/astro/dist/core/errors/errors.d.ts(54,18): error TS2304: Cannot find name 'ErrorOptions'.
node_modules/.pnpm/astro@5.16.7_@azure+storage-blob@12.29.1_@types+node@25.0.3_@upstash+redis@1.36.1_@verc_ec5e961cdbb5ad20e2620366f76d2007/node_modules/astro/dist/core/session.d.ts(5,5): error TS18028: Private identifiers are only available when targeting ECMAScript 2015 and higher.
node_modules/.pnpm/astro@5.16.7_@azure+storage-blob@12.29.1_@types+node@25.0.3_@upstash+redis@1.36.1_@verc_ec5e961cdbb5ad20e2620366f76d2007/node_modules/astro/dist/env/schema.d.ts(2,29): error TS2707: Generic type 'ZodObject<Shape, Config>' requires between 0 and 2 type arguments.
node_modules/.pnpm/astro@5.16.7_@azure+storage-blob@12.29.1_@types+node@25.0.3_@upstash+redis@1.36.1_@verc_ec5e961cdbb5ad20e2620366f76d2007/node_modules/astro/dist/env/schema.d.ts(37,29): error TS2707: Generic type 'ZodObject<Shape, Config>' requires between 0 and 2 type arguments.
node_modules/.pnpm/astro@5.16.7_@azure+storage-blob@12.29.1_@types+node@25.0.3_@upstash+redis@1.36.1_@verc_ec5e961cdbb5ad20e2620366f76d2007/node_modules/astro/dist/env/schema.d.ts(66,30): error TS2707: Generic type 'ZodObject<Shape, Config>' requires between 0 and 2 type arguments.
node_modules/.pnpm/astro@5.16.7_@azure+storage-blob@12.29.1_@types+node@25.0.3_@upstash+redis@1.36.1_@verc_ec5e961cdbb5ad20e2620366f76d2007/node_modules/astro/dist/env/schema.d.ts(79,27): error TS2707: Generic type 'ZodObject<Shape, Config>' requires between 0 and 2 type arguments.
node_modules/.pnpm/astro@5.16.7_@azure+storage-blob@12.29.1_@types+node@25.0.3_@upstash+redis@1.36.1_@verc_ec5e961cdbb5ad20e2620366f76d2007/node_modules/astro/dist/env/schema.d.ts(81,13): error TS2707: Generic type 'ZodArray<T>' requires between 0 and 1 type arguments.
node_modules/.pnpm/astro@5.16.7_@azure+storage-blob@12.29.1_@types+node@25.0.3_@upstash+redis@1.36.1_@verc_ec5e961cdbb5ad20e2620366f76d2007/node_modules/astro/dist/env/schema.d.ts(81,26): error TS2694: Namespace '"/home/vivi/pixelated/node_modules/.pnpm/zod@4.3.5/node_modules/zod/v4/classic/external"' has no exported member 'ZodEffects'.
node_modules/.pnpm/astro@5.16.7_@azure+storage-blob@12.29.1_@types+node@25.0.3_@upstash+redis@1.36.1_@verc_ec5e961cdbb5ad20e2620366f76d2007/node_modules/astro/dist/env/schema.d.ts(96,41): error TS2707: Generic type 'ZodObject<Shape, Config>' requires between 0 and 2 type arguments.
node_modules/.pnpm/astro@5.16.7_@azure+storage-blob@12.29.1_@types+node@25.0.3_@upstash+redis@1.36.1_@verc_ec5e961cdbb5ad20e2620366f76d2007/node_modules/astro/dist/env/schema.d.ts(129,5): error TS2707: Generic type 'ZodObject<Shape, Config>' requires between 0 and 2 type arguments.
node_modules/.pnpm/astro@5.16.7_@azure+storage-blob@12.29.1_@types+node@25.0.3_@upstash+redis@1.36.1_@verc_ec5e961cdbb5ad20e2620366f76d2007/node_modules/astro/dist/env/schema.d.ts(156,5): error TS2707: Generic type 'ZodObject<Shape, Config>' requires between 0 and 2 type arguments.
node_modules/.pnpm/astro@5.16.7_@azure+storage-blob@12.29.1_@types+node@25.0.3_@upstash+redis@1.36.1_@verc_ec5e961cdbb5ad20e2620366f76d2007/node_modules/astro/dist/env/schema.d.ts(168,7): error TS2694: Namespace '"/home/vivi/pixelated/node_modules/.pnpm/zod@4.3.5/node_modules/zod/v4/classic/external"' has no exported member 'ZodEffects'.
node_modules/.pnpm/astro@5.16.7_@azure+storage-blob@12.29.1_@types+node@25.0.3_@upstash+redis@1.36.1_@verc_ec5e961cdbb5ad20e2620366f76d2007/node_modules/astro/dist/env/schema.d.ts(168,18): error TS2707: Generic type 'ZodObject<Shape, Config>' requires between 0 and 2 type arguments.
node_modules/.pnpm/astro@5.16.7_@azure+storage-blob@12.29.1_@types+node@25.0.3_@upstash+redis@1.36.1_@verc_ec5e961cdbb5ad20e2620366f76d2007/node_modules/astro/dist/env/schema.d.ts(170,13): error TS2707: Generic type 'ZodArray<T>' requires between 0 and 1 type arguments.
node_modules/.pnpm/astro@5.16.7_@azure+storage-blob@12.29.1_@types+node@25.0.3_@upstash+redis@1.36.1_@verc_ec5e961cdbb5ad20e2620366f76d2007/node_modules/astro/dist/env/schema.d.ts(170,26): error TS2694: Namespace '"/home/vivi/pixelated/node_modules/.pnpm/zod@4.3.5/node_modules/zod/v4/classic/external"' has no exported member 'ZodEffects'.
node_modules/.pnpm/astro@5.16.7_@azure+storage-blob@12.29.1_@types+node@25.0.3_@upstash+redis@1.36.1_@verc_ec5e961cdbb5ad20e2620366f76d2007/node_modules/astro/dist/env/schema.d.ts(195,35): error TS2694: Namespace '"/home/vivi/pixelated/node_modules/.pnpm/zod@4.3.5/node_modules/zod/v4/classic/external"' has no exported member 'ZodEffects'.
node_modules/.pnpm/astro@5.16.7_@azure+storage-blob@12.29.1_@types+node@25.0.3_@upstash+redis@1.36.1_@verc_ec5e961cdbb5ad20e2620366f76d2007/node_modules/astro/dist/env/schema.d.ts(204,6): error TS2724: '"/home/vivi/pixelated/node_modules/.pnpm/zod@4.3.5/node_modules/zod/v4/classic/external"' has no exported member named 'ZodTypeDef'. Did you mean 'ZodType'?
node_modules/.pnpm/astro@5.16.7_@azure+storage-blob@12.29.1_@types+node@25.0.3_@upstash+redis@1.36.1_@verc_ec5e961cdbb5ad20e2620366f76d2007/node_modules/astro/dist/env/schema.d.ts(204,18): error TS2344: Type '{ context: "client"; access: "public"; } | { context: "server"; access: "public"; } | { context: "server"; access: "secret"; }' does not satisfy the constraint '$ZodTypeInternals<{ context: "client"; access: "public"; } | { context: "server"; access: "public"; } | { context: "server"; access: "secret"; }, z.ZodTypeDef>'.
  Type '{ context: "client"; access: "public"; }' is missing the following properties from type '$ZodTypeInternals<{ context: "client"; access: "public"; } | { context: "server"; access: "public"; } | { context: "server"; access: "secret"; }, z.ZodTypeDef>': output, input, version, def, and 8 more.
node_modules/.pnpm/astro@5.16.7_@azure+storage-blob@12.29.1_@types+node@25.0.3_@upstash+redis@1.36.1_@verc_ec5e961cdbb5ad20e2620366f76d2007/node_modules/astro/dist/env/schema.d.ts(232,47): error TS2694: Namespace '"/home/vivi/pixelated/node_modules/.pnpm/zod@4.3.5/node_modules/zod/v4/classic/external"' has no exported member 'ZodEffects'.
node_modules/.pnpm/astro@5.16.7_@azure+storage-blob@12.29.1_@types+node@25.0.3_@upstash+redis@1.36.1_@verc_ec5e961cdbb5ad20e2620366f76d2007/node_modules/astro/dist/env/schema.d.ts(232,60): error TS2694: Namespace '"/home/vivi/pixelated/node_modules/.pnpm/zod@4.3.5/node_modules/zod/v4/classic/external"' has no exported member 'ZodEffects'.
node_modules/.pnpm/astro@5.16.7_@azure+storage-blob@12.29.1_@types+node@25.0.3_@upstash+redis@1.36.1_@verc_ec5e961cdbb5ad20e2620366f76d2007/node_modules/astro/dist/env/schema.d.ts(232,138): error TS2694: Namespace '"/home/vivi/pixelated/node_modules/.pnpm/zod@4.3.5/node_modules/zod/v4/classic/external"' has no exported member 'ZodEffects'.
node_modules/.pnpm/astro@5.16.7_@azure+storage-blob@12.29.1_@types+node@25.0.3_@upstash+redis@1.36.1_@verc_ec5e961cdbb5ad20e2620366f76d2007/node_modules/astro/dist/env/schema.d.ts(241,6): error TS2724: '"/home/vivi/pixelated/node_modules/.pnpm/zod@4.3.5/node_modules/zod/v4/classic/external"' has no exported member named 'ZodTypeDef'. Did you mean 'ZodType'?
node_modules/.pnpm/astro@5.16.7_@azure+storage-blob@12.29.1_@types+node@25.0.3_@upstash+redis@1.36.1_@verc_ec5e961cdbb5ad20e2620366f76d2007/node_modules/astro/dist/env/schema.d.ts(241,18): error TS2344: Type '{ context: "client"; access: "public"; } | { context: "server"; access: "public"; } | { context: "server"; access: "secret"; }' does not satisfy the constraint '$ZodTypeInternals<{ context: "client"; access: "public"; } | { context: "server"; access: "public"; } | { context: "server"; access: "secret"; }, z.ZodTypeDef>'.
  Type '{ context: "client"; access: "public"; }' is missing the following properties from type '$ZodTypeInternals<{ context: "client"; access: "public"; } | { context: "server"; access: "public"; } | { context: "server"; access: "secret"; }, z.ZodTypeDef>': output, input, version, def, and 8 more.
node_modules/.pnpm/astro@5.16.7_@azure+storage-blob@12.29.1_@types+node@25.0.3_@upstash+redis@1.36.1_@verc_ec5e961cdbb5ad20e2620366f76d2007/node_modules/astro/dist/env/schema.d.ts(268,17): error TS2707: Generic type 'ZodObject<Shape, Config>' requires between 0 and 2 type arguments.
node_modules/.pnpm/astro@5.16.7_@azure+storage-blob@12.29.1_@types+node@25.0.3_@upstash+redis@1.36.1_@verc_ec5e961cdbb5ad20e2620366f76d2007/node_modules/astro/dist/env/schema.d.ts(301,5): error TS2707: Generic type 'ZodObject<Shape, Config>' requires between 0 and 2 type arguments.
node_modules/.pnpm/astro@5.16.7_@azure+storage-blob@12.29.1_@types+node@25.0.3_@upstash+redis@1.36.1_@verc_ec5e961cdbb5ad20e2620366f76d2007/node_modules/astro/dist/env/schema.d.ts(328,5): error TS2707: Generic type 'ZodObject<Shape, Config>' requires between 0 and 2 type arguments.
node_modules/.pnpm/astro@5.16.7_@azure+storage-blob@12.29.1_@types+node@25.0.3_@upstash+redis@1.36.1_@verc_ec5e961cdbb5ad20e2620366f76d2007/node_modules/astro/dist/env/schema.d.ts(340,7): error TS2694: Namespace '"/home/vivi/pixelated/node_modules/.pnpm/zod@4.3.5/node_modules/zod/v4/classic/external"' has no exported member 'ZodEffects'.
node_modules/.pnpm/astro@5.16.7_@azure+storage-blob@12.29.1_@types+node@25.0.3_@upstash+redis@1.36.1_@verc_ec5e961cdbb5ad20e2620366f76d2007/node_modules/astro/dist/env/schema.d.ts(340,18): error TS2707: Generic type 'ZodObject<Shape, Config>' requires between 0 and 2 type arguments.
node_modules/.pnpm/astro@5.16.7_@azure+storage-blob@12.29.1_@types+node@25.0.3_@upstash+redis@1.36.1_@verc_ec5e961cdbb5ad20e2620366f76d2007/node_modules/astro/dist/env/schema.d.ts(342,13): error TS2707: Generic type 'ZodArray<T>' requires between 0 and 1 type arguments.
node_modules/.pnpm/astro@5.16.7_@azure+storage-blob@12.29.1_@types+node@25.0.3_@upstash+redis@1.36.1_@verc_ec5e961cdbb5ad20e2620366f76d2007/node_modules/astro/dist/env/schema.d.ts(342,26): error TS2694: Namespace '"/home/vivi/pixelated/node_modules/.pnpm/zod@4.3.5/node_modules/zod/v4/classic/external"' has no exported member 'ZodEffects'.
node_modules/.pnpm/astro@5.16.7_@azure+storage-blob@12.29.1_@types+node@25.0.3_@upstash+redis@1.36.1_@verc_ec5e961cdbb5ad20e2620366f76d2007/node_modules/astro/dist/i18n/utils.d.ts(26,76): error TS2339: Property 'i18n' does not exist on type 'AstroConfig'.
node_modules/.pnpm/astro@5.16.7_@azure+storage-blob@12.29.1_@types+node@25.0.3_@upstash+redis@1.36.1_@verc_ec5e961cdbb5ad20e2620366f76d2007/node_modules/astro/dist/i18n/utils.d.ts(26,130): error TS2339: Property 'i18n' does not exist on type 'AstroConfig'.
node_modules/.pnpm/astro@5.16.7_@azure+storage-blob@12.29.1_@types+node@25.0.3_@upstash+redis@1.36.1_@verc_ec5e961cdbb5ad20e2620366f76d2007/node_modules/astro/dist/i18n/utils.d.ts(27,163): error TS2339: Property 'i18n' does not exist on type 'AstroConfig'.
node_modules/.pnpm/astro@5.16.7_@azure+storage-blob@12.29.1_@types+node@25.0.3_@upstash+redis@1.36.1_@verc_ec5e961cdbb5ad20e2620366f76d2007/node_modules/astro/dist/i18n/utils.d.ts(28,73): error TS2339: Property 'i18n' does not exist on type 'AstroConfig'.
node_modules/.pnpm/astro@5.16.7_@azure+storage-blob@12.29.1_@types+node@25.0.3_@upstash+redis@1.36.1_@verc_ec5e961cdbb5ad20e2620366f76d2007/node_modules/astro/dist/integrations/hooks.d.ts(1,8): error TS1192: Module '"node:fs"' has no default export.
node_modules/.pnpm/astro@5.16.7_@azure+storage-blob@12.29.1_@types+node@25.0.3_@upstash+redis@1.36.1_@verc_ec5e961cdbb5ad20e2620366f76d2007/node_modules/astro/dist/types/astro.d.ts(19,36): error TS2339: Property 'trailingSlash' does not exist on type 'AstroConfig'.
node_modules/.pnpm/astro@5.16.7_@azure+storage-blob@12.29.1_@types+node@25.0.3_@upstash+redis@1.36.1_@verc_ec5e961cdbb5ad20e2620366f76d2007/node_modules/astro/dist/types/astro.d.ts(22,47): error TS2339: Property 'experimental' does not exist on type 'AstroConfig'.
node_modules/.pnpm/astro@5.16.7_@azure+storage-blob@12.29.1_@types+node@25.0.3_@upstash+redis@1.36.1_@verc_ec5e961cdbb5ad20e2620366f76d2007/node_modules/astro/dist/types/public/integrations.d.ts(103,14): error TS2304: Cannot find name 'AstroAdapterClientConfig'.
node_modules/.pnpm/astro@5.16.7_@azure+storage-blob@12.29.1_@types+node@25.0.3_@upstash+redis@1.36.1_@verc_ec5e961cdbb5ad20e2620366f76d2007/node_modules/astro/dist/types/public/internal.d.ts(224,32): error TS2339: Property 'trailingSlash' does not exist on type 'AstroConfig'.
node_modules/.pnpm/astro@5.16.7_@azure+storage-blob@12.29.1_@types+node@25.0.3_@upstash+redis@1.36.1_@verc_ec5e961cdbb5ad20e2620366f76d2007/node_modules/astro/dist/types/public/manifest.d.ts(15,23): error TS2339: Property 'i18n' does not exist on type 'AstroConfig'.
node_modules/.pnpm/astro@5.16.7_@azure+storage-blob@12.29.1_@types+node@25.0.3_@upstash+redis@1.36.1_@verc_ec5e961cdbb5ad20e2620366f76d2007/node_modules/astro/dist/types/public/manifest.d.ts(16,29): error TS2339: Property 'build' does not exist on type 'AstroConfig'.
node_modules/.pnpm/astro@5.16.7_@azure+storage-blob@12.29.1_@types+node@25.0.3_@upstash+redis@1.36.1_@verc_ec5e961cdbb5ad20e2620366f76d2007/node_modules/astro/dist/types/public/manifest.d.ts(20,23): error TS2339: Property 'i18n' does not exist on type 'AstroConfig'.
node_modules/.pnpm/astro@5.16.7_@azure+storage-blob@12.29.1_@types+node@25.0.3_@upstash+redis@1.36.1_@verc_ec5e961cdbb5ad20e2620366f76d2007/node_modules/astro/dist/types/public/manifest.d.ts(21,29): error TS2339: Property 'build' does not exist on type 'AstroConfig'.
node_modules/.pnpm/lru-cache@10.4.3/node_modules/lru-cache/dist/commonjs/index.d.ts(20,5): error TS18028: Private identifiers are only available when targeting ECMAScript 2015 and higher.
node_modules/.pnpm/lru-cache@10.4.3/node_modules/lru-cache/dist/commonjs/index.d.ts(841,5): error TS18028: Private identifiers are only available when targeting ECMAScript 2015 and higher.
node_modules/.pnpm/oniguruma-to-es@4.3.4/node_modules/oniguruma-to-es/dist/cjs/subclass.d.ts(38,5): error TS18028: Private identifiers are only available when targeting ECMAScript 2015 and higher.
node_modules/.pnpm/tsconfck@3.1.6_typescript@5.9.3/node_modules/tsconfck/types/index.d.ts(151,3): error TS18028: Private identifiers are only available when targeting ECMAScript 2015 and higher.
node_modules/.pnpm/unstorage@1.17.3_@azure+storage-blob@12.29.1_@upstash+redis@1.36.1_@vercel+functions@2._618561d8534be39e139b0631ac9d1f1d/node_modules/unstorage/drivers/azure-app-configuration.d.ts(1,40): error TS2307: Cannot find module '@azure/app-configuration' or its corresponding type declarations.
node_modules/.pnpm/unstorage@1.17.3_@azure+storage-blob@12.29.1_@upstash+redis@1.36.1_@vercel+functions@2._618561d8534be39e139b0631ac9d1f1d/node_modules/unstorage/drivers/azure-cosmos.d.ts(1,27): error TS2307: Cannot find module '@azure/cosmos' or its corresponding type declarations.
node_modules/.pnpm/unstorage@1.17.3_@azure+storage-blob@12.29.1_@upstash+redis@1.36.1_@vercel+functions@2._618561d8534be39e139b0631ac9d1f1d/node_modules/unstorage/drivers/azure-key-vault.d.ts(1,56): error TS2307: Cannot find module '@azure/keyvault-secrets' or its corresponding type declarations.
node_modules/.pnpm/unstorage@1.17.3_@azure+storage-blob@12.29.1_@upstash+redis@1.36.1_@vercel+functions@2._618561d8534be39e139b0631ac9d1f1d/node_modules/unstorage/drivers/azure-storage-table.d.ts(1,29): error TS2307: Cannot find module '@azure/data-tables' or its corresponding type declarations.
node_modules/.pnpm/unstorage@1.17.3_@azure+storage-blob@12.29.1_@upstash+redis@1.36.1_@vercel+functions@2._618561d8534be39e139b0631ac9d1f1d/node_modules/unstorage/drivers/capacitor-preferences.d.ts(4,120): error TS2307: Cannot find module '@capacitor/preferences' or its corresponding type declarations.
node_modules/.pnpm/unstorage@1.17.3_@azure+storage-blob@12.29.1_@upstash+redis@1.36.1_@vercel+functions@2._618561d8534be39e139b0631ac9d1f1d/node_modules/unstorage/drivers/cloudflare-kv-binding.d.ts(2,24): error TS2304: Cannot find name 'KVNamespace'.
node_modules/.pnpm/unstorage@1.17.3_@azure+storage-blob@12.29.1_@upstash+redis@1.36.1_@vercel+functions@2._618561d8534be39e139b0631ac9d1f1d/node_modules/unstorage/drivers/cloudflare-kv-binding.d.ts(11,77): error TS2304: Cannot find name 'KVNamespace'.
node_modules/.pnpm/unstorage@1.17.3_@azure+storage-blob@12.29.1_@upstash+redis@1.36.1_@vercel+functions@2._618561d8534be39e139b0631ac9d1f1d/node_modules/unstorage/drivers/cloudflare-r2-binding.d.ts(2,24): error TS2304: Cannot find name 'R2Bucket'.
node_modules/.pnpm/unstorage@1.17.3_@azure+storage-blob@12.29.1_@upstash+redis@1.36.1_@vercel+functions@2._618561d8534be39e139b0631ac9d1f1d/node_modules/unstorage/drivers/cloudflare-r2-binding.d.ts(5,121): error TS2304: Cannot find name 'R2Bucket'.
node_modules/.pnpm/unstorage@1.17.3_@azure+storage-blob@12.29.1_@upstash+redis@1.36.1_@vercel+functions@2._618561d8534be39e139b0631ac9d1f1d/node_modules/unstorage/drivers/db0.d.ts(1,31): error TS2307: Cannot find module 'db0' or its corresponding type declarations.
node_modules/.pnpm/unstorage@1.17.3_@azure+storage-blob@12.29.1_@upstash+redis@1.36.1_@vercel+functions@2._618561d8534be39e139b0631ac9d1f1d/node_modules/unstorage/drivers/db0.d.ts(6,107): error TS2307: Cannot find module 'db0' or its corresponding type declarations.
node_modules/.pnpm/unstorage@1.17.3_@azure+storage-blob@12.29.1_@upstash+redis@1.36.1_@vercel+functions@2._618561d8534be39e139b0631ac9d1f1d/node_modules/unstorage/drivers/deno-kv-node.d.ts(1,33): error TS2307: Cannot find module '@deno/kv' or its corresponding type declarations.
node_modules/.pnpm/unstorage@1.17.3_@azure+storage-blob@12.29.1_@upstash+redis@1.36.1_@vercel+functions@2._618561d8534be39e139b0631ac9d1f1d/node_modules/unstorage/drivers/deno-kv.d.ts(1,25): error TS2307: Cannot find module '@deno/kv' or its corresponding type declarations.
node_modules/.pnpm/unstorage@1.17.3_@azure+storage-blob@12.29.1_@upstash+redis@1.36.1_@vercel+functions@2._618561d8534be39e139b0631ac9d1f1d/node_modules/unstorage/drivers/deno-kv.d.ts(5,28): error TS2503: Cannot find namespace 'Deno'.
node_modules/.pnpm/unstorage@1.17.3_@azure+storage-blob@12.29.1_@upstash+redis@1.36.1_@vercel+functions@2._618561d8534be39e139b0631ac9d1f1d/node_modules/unstorage/drivers/deno-kv.d.ts(11,93): error TS2503: Cannot find namespace 'Deno'.
node_modules/.pnpm/unstorage@1.17.3_@azure+storage-blob@12.29.1_@upstash+redis@1.36.1_@vercel+functions@2._618561d8534be39e139b0631ac9d1f1d/node_modules/unstorage/drivers/netlify-blobs.d.ts(1,68): error TS2307: Cannot find module '@netlify/blobs' or its corresponding type declarations.
node_modules/.pnpm/unstorage@1.17.3_@azure+storage-blob@12.29.1_@upstash+redis@1.36.1_@vercel+functions@2._618561d8534be39e139b0631ac9d1f1d/node_modules/unstorage/drivers/planetscale.d.ts(1,33): error TS2307: Cannot find module '@planetscale/database' or its corresponding type declarations.
node_modules/.pnpm/unstorage@1.17.3_@azure+storage-blob@12.29.1_@upstash+redis@1.36.1_@vercel+functions@2._618561d8534be39e139b0631ac9d1f1d/node_modules/unstorage/drivers/uploadthing.d.ts(1,23): error TS2307: Cannot find module 'uploadthing/server' or its corresponding type declarations.
node_modules/.pnpm/vite@7.3.1_@types+node@25.0.3_jiti@2.6.1_terser@5.44.1_tsx@4.21.0_yaml@2.8.2/node_modules/vite/dist/node/chunks/moduleRunnerTransport.d.ts(1,28): error TS2307: Cannot find module '#types/hmrPayload' or its corresponding type declarations.
node_modules/.pnpm/vite@7.3.1_@types+node@25.0.3_jiti@2.6.1_terser@5.44.1_tsx@4.21.0_yaml@2.8.2/node_modules/vite/dist/node/index.d.ts(3,223): error TS2307: Cannot find module '#types/hmrPayload' or its corresponding type declarations.
node_modules/.pnpm/vite@7.3.1_@types+node@25.0.3_jiti@2.6.1_terser@5.44.1_tsx@4.21.0_yaml@2.8.2/node_modules/vite/dist/node/index.d.ts(4,139): error TS2307: Cannot find module '#types/customEvent' or its corresponding type declarations.
node_modules/.pnpm/vite@7.3.1_@types+node@25.0.3_jiti@2.6.1_terser@5.44.1_tsx@4.21.0_yaml@2.8.2/node_modules/vite/dist/node/index.d.ts(7,41): error TS2307: Cannot find module 'rollup/parseAst' or its corresponding type declarations.
  There are types at '/home/vivi/pixelated/node_modules/.pnpm/vite@7.3.1_@types+node@25.0.3_jiti@2.6.1_terser@5.44.1_tsx@4.21.0_yaml@2.8.2/node_modules/rollup/dist/parseAst.d.ts', but this result could not be resolved under your current 'moduleResolution' setting. Consider updating to 'node16', 'nodenext', or 'bundler'.
node_modules/.pnpm/vite@7.3.1_@types+node@25.0.3_jiti@2.6.1_terser@5.44.1_tsx@4.21.0_yaml@2.8.2/node_modules/vite/dist/node/index.d.ts(21,45): error TS2307: Cannot find module '#types/internal/terserOptions' or its corresponding type declarations.
node_modules/.pnpm/vite@7.3.1_@types+node@25.0.3_jiti@2.6.1_terser@5.44.1_tsx@4.21.0_yaml@2.8.2/node_modules/vite/dist/node/index.d.ts(23,109): error TS2307: Cannot find module '#types/internal/cssPreprocessorOptions' or its corresponding type declarations.
node_modules/.pnpm/vite@7.3.1_@types+node@25.0.3_jiti@2.6.1_terser@5.44.1_tsx@4.21.0_yaml@2.8.2/node_modules/vite/dist/node/index.d.ts(24,101): error TS2307: Cannot find module '#types/internal/lightningcssOptions' or its corresponding type declarations.
node_modules/.pnpm/vite@7.3.1_@types+node@25.0.3_jiti@2.6.1_terser@5.44.1_tsx@4.21.0_yaml@2.8.2/node_modules/vite/dist/node/index.d.ts(25,97): error TS2307: Cannot find module '#types/importGlob' or its corresponding type declarations.
node_modules/.pnpm/vite@7.3.1_@types+node@25.0.3_jiti@2.6.1_terser@5.44.1_tsx@4.21.0_yaml@2.8.2/node_modules/vite/dist/node/index.d.ts(26,56): error TS2307: Cannot find module '#types/metadata' or its corresponding type declarations.
node_modules/.pnpm/vite@7.3.1_@types+node@25.0.3_jiti@2.6.1_terser@5.44.1_tsx@4.21.0_yaml@2.8.2/node_modules/vite/dist/node/module-runner.d.ts(2,49): error TS2307: Cannot find module '#types/hot' or its corresponding type declarations.
node_modules/.pnpm/vite@7.3.1_@types+node@25.0.3_jiti@2.6.1_terser@5.44.1_tsx@4.21.0_yaml@2.8.2/node_modules/vite/dist/node/module-runner.d.ts(3,36): error TS2307: Cannot find module '#types/hmrPayload' or its corresponding type declarations.
node_modules/.pnpm/vite@7.3.1_@types+node@25.0.3_jiti@2.6.1_terser@5.44.1_tsx@4.21.0_yaml@2.8.2/node_modules/vite/dist/node/module-runner.d.ts(4,41): error TS2307: Cannot find module '#types/customEvent' or its corresponding type declarations.
node_modules/.pnpm/zod@4.3.5/node_modules/zod/v4/locales/index.d.cts(1,21): error TS1259: Module '"/home/vivi/pixelated/node_modules/.pnpm/zod@4.3.5/node_modules/zod/v4/locales/ar"' can only be default-imported using the 'esModuleInterop' flag
node_modules/.pnpm/zod@4.3.5/node_modules/zod/v4/locales/index.d.cts(2,21): error TS1259: Module '"/home/vivi/pixelated/node_modules/.pnpm/zod@4.3.5/node_modules/zod/v4/locales/az"' can only be default-imported using the 'esModuleInterop' flag
node_modules/.pnpm/zod@4.3.5/node_modules/zod/v4/locales/index.d.cts(3,21): error TS1259: Module '"/home/vivi/pixelated/node_modules/.pnpm/zod@4.3.5/node_modules/zod/v4/locales/be"' can only be default-imported using the 'esModuleInterop' flag
node_modules/.pnpm/zod@4.3.5/node_modules/zod/v4/locales/index.d.cts(4,21): error TS1259: Module '"/home/vivi/pixelated/node_modules/.pnpm/zod@4.3.5/node_modules/zod/v4/locales/bg"' can only be default-imported using the 'esModuleInterop' flag
node_modules/.pnpm/zod@4.3.5/node_modules/zod/v4/locales/index.d.cts(5,21): error TS1259: Module '"/home/vivi/pixelated/node_modules/.pnpm/zod@4.3.5/node_modules/zod/v4/locales/ca"' can only be default-imported using the 'esModuleInterop' flag
node_modules/.pnpm/zod@4.3.5/node_modules/zod/v4/locales/index.d.cts(6,21): error TS1259: Module '"/home/vivi/pixelated/node_modules/.pnpm/zod@4.3.5/node_modules/zod/v4/locales/cs"' can only be default-imported using the 'esModuleInterop' flag
node_modules/.pnpm/zod@4.3.5/node_modules/zod/v4/locales/index.d.cts(7,21): error TS1259: Module '"/home/vivi/pixelated/node_modules/.pnpm/zod@4.3.5/node_modules/zod/v4/locales/da"' can only be default-imported using the 'esModuleInterop' flag
node_modules/.pnpm/zod@4.3.5/node_modules/zod/v4/locales/index.d.cts(8,21): error TS1259: Module '"/home/vivi/pixelated/node_modules/.pnpm/zod@4.3.5/node_modules/zod/v4/locales/de"' can only be default-imported using the 'esModuleInterop' flag
node_modules/.pnpm/zod@4.3.5/node_modules/zod/v4/locales/index.d.cts(9,21): error TS1259: Module '"/home/vivi/pixelated/node_modules/.pnpm/zod@4.3.5/node_modules/zod/v4/locales/en"' can only be default-imported using the 'esModuleInterop' flag
node_modules/.pnpm/zod@4.3.5/node_modules/zod/v4/locales/index.d.cts(10,21): error TS1259: Module '"/home/vivi/pixelated/node_modules/.pnpm/zod@4.3.5/node_modules/zod/v4/locales/eo"' can only be default-imported using the 'esModuleInterop' flag
node_modules/.pnpm/zod@4.3.5/node_modules/zod/v4/locales/index.d.cts(11,21): error TS1259: Module '"/home/vivi/pixelated/node_modules/.pnpm/zod@4.3.5/node_modules/zod/v4/locales/es"' can only be default-imported using the 'esModuleInterop' flag
node_modules/.pnpm/zod@4.3.5/node_modules/zod/v4/locales/index.d.cts(12,21): error TS1259: Module '"/home/vivi/pixelated/node_modules/.pnpm/zod@4.3.5/node_modules/zod/v4/locales/fa"' can only be default-imported using the 'esModuleInterop' flag
node_modules/.pnpm/zod@4.3.5/node_modules/zod/v4/locales/index.d.cts(13,21): error TS1259: Module '"/home/vivi/pixelated/node_modules/.pnpm/zod@4.3.5/node_modules/zod/v4/locales/fi"' can only be default-imported using the 'esModuleInterop' flag
node_modules/.pnpm/zod@4.3.5/node_modules/zod/v4/locales/index.d.cts(14,21): error TS1259: Module '"/home/vivi/pixelated/node_modules/.pnpm/zod@4.3.5/node_modules/zod/v4/locales/fr"' can only be default-imported using the 'esModuleInterop' flag
node_modules/.pnpm/zod@4.3.5/node_modules/zod/v4/locales/index.d.cts(15,21): error TS1259: Module '"/home/vivi/pixelated/node_modules/.pnpm/zod@4.3.5/node_modules/zod/v4/locales/fr-CA"' can only be default-imported using the 'esModuleInterop' flag
node_modules/.pnpm/zod@4.3.5/node_modules/zod/v4/locales/index.d.cts(16,21): error TS1259: Module '"/home/vivi/pixelated/node_modules/.pnpm/zod@4.3.5/node_modules/zod/v4/locales/he"' can only be default-imported using the 'esModuleInterop' flag
node_modules/.pnpm/zod@4.3.5/node_modules/zod/v4/locales/index.d.cts(17,21): error TS1259: Module '"/home/vivi/pixelated/node_modules/.pnpm/zod@4.3.5/node_modules/zod/v4/locales/hu"' can only be default-imported using the 'esModuleInterop' flag
node_modules/.pnpm/zod@4.3.5/node_modules/zod/v4/locales/index.d.cts(18,21): error TS1259: Module '"/home/vivi/pixelated/node_modules/.pnpm/zod@4.3.5/node_modules/zod/v4/locales/hy"' can only be default-imported using the 'esModuleInterop' flag
node_modules/.pnpm/zod@4.3.5/node_modules/zod/v4/locales/index.d.cts(19,21): error TS1259: Module '"/home/vivi/pixelated/node_modules/.pnpm/zod@4.3.5/node_modules/zod/v4/locales/id"' can only be default-imported using the 'esModuleInterop' flag
node_modules/.pnpm/zod@4.3.5/node_modules/zod/v4/locales/index.d.cts(20,21): error TS1259: Module '"/home/vivi/pixelated/node_modules/.pnpm/zod@4.3.5/node_modules/zod/v4/locales/is"' can only be default-imported using the 'esModuleInterop' flag
node_modules/.pnpm/zod@4.3.5/node_modules/zod/v4/locales/index.d.cts(21,21): error TS1259: Module '"/home/vivi/pixelated/node_modules/.pnpm/zod@4.3.5/node_modules/zod/v4/locales/it"' can only be default-imported using the 'esModuleInterop' flag
node_modules/.pnpm/zod@4.3.5/node_modules/zod/v4/locales/index.d.cts(22,21): error TS1259: Module '"/home/vivi/pixelated/node_modules/.pnpm/zod@4.3.5/node_modules/zod/v4/locales/ja"' can only be default-imported using the 'esModuleInterop' flag
node_modules/.pnpm/zod@4.3.5/node_modules/zod/v4/locales/index.d.cts(23,21): error TS1259: Module '"/home/vivi/pixelated/node_modules/.pnpm/zod@4.3.5/node_modules/zod/v4/locales/ka"' can only be default-imported using the 'esModuleInterop' flag
node_modules/.pnpm/zod@4.3.5/node_modules/zod/v4/locales/index.d.cts(24,21): error TS1259: Module '"/home/vivi/pixelated/node_modules/.pnpm/zod@4.3.5/node_modules/zod/v4/locales/kh"' can only be default-imported using the 'esModuleInterop' flag
node_modules/.pnpm/zod@4.3.5/node_modules/zod/v4/locales/index.d.cts(25,21): error TS1259: Module '"/home/vivi/pixelated/node_modules/.pnpm/zod@4.3.5/node_modules/zod/v4/locales/km"' can only be default-imported using the 'esModuleInterop' flag
node_modules/.pnpm/zod@4.3.5/node_modules/zod/v4/locales/index.d.cts(26,21): error TS1259: Module '"/home/vivi/pixelated/node_modules/.pnpm/zod@4.3.5/node_modules/zod/v4/locales/ko"' can only be default-imported using the 'esModuleInterop' flag
node_modules/.pnpm/zod@4.3.5/node_modules/zod/v4/locales/index.d.cts(27,21): error TS1259: Module '"/home/vivi/pixelated/node_modules/.pnpm/zod@4.3.5/node_modules/zod/v4/locales/lt"' can only be default-imported using the 'esModuleInterop' flag
node_modules/.pnpm/zod@4.3.5/node_modules/zod/v4/locales/index.d.cts(28,21): error TS1259: Module '"/home/vivi/pixelated/node_modules/.pnpm/zod@4.3.5/node_modules/zod/v4/locales/mk"' can only be default-imported using the 'esModuleInterop' flag
node_modules/.pnpm/zod@4.3.5/node_modules/zod/v4/locales/index.d.cts(29,21): error TS1259: Module '"/home/vivi/pixelated/node_modules/.pnpm/zod@4.3.5/node_modules/zod/v4/locales/ms"' can only be default-imported using the 'esModuleInterop' flag
node_modules/.pnpm/zod@4.3.5/node_modules/zod/v4/locales/index.d.cts(30,21): error TS1259: Module '"/home/vivi/pixelated/node_modules/.pnpm/zod@4.3.5/node_modules/zod/v4/locales/nl"' can only be default-imported using the 'esModuleInterop' flag
node_modules/.pnpm/zod@4.3.5/node_modules/zod/v4/locales/index.d.cts(31,21): error TS1259: Module '"/home/vivi/pixelated/node_modules/.pnpm/zod@4.3.5/node_modules/zod/v4/locales/no"' can only be default-imported using the 'esModuleInterop' flag
node_modules/.pnpm/zod@4.3.5/node_modules/zod/v4/locales/index.d.cts(32,21): error TS1259: Module '"/home/vivi/pixelated/node_modules/.pnpm/zod@4.3.5/node_modules/zod/v4/locales/ota"' can only be default-imported using the 'esModuleInterop' flag
node_modules/.pnpm/zod@4.3.5/node_modules/zod/v4/locales/index.d.cts(33,21): error TS1259: Module '"/home/vivi/pixelated/node_modules/.pnpm/zod@4.3.5/node_modules/zod/v4/locales/ps"' can only be default-imported using the 'esModuleInterop' flag
node_modules/.pnpm/zod@4.3.5/node_modules/zod/v4/locales/index.d.cts(34,21): error TS1259: Module '"/home/vivi/pixelated/node_modules/.pnpm/zod@4.3.5/node_modules/zod/v4/locales/pl"' can only be default-imported using the 'esModuleInterop' flag
node_modules/.pnpm/zod@4.3.5/node_modules/zod/v4/locales/index.d.cts(35,21): error TS1259: Module '"/home/vivi/pixelated/node_modules/.pnpm/zod@4.3.5/node_modules/zod/v4/locales/pt"' can only be default-imported using the 'esModuleInterop' flag
node_modules/.pnpm/zod@4.3.5/node_modules/zod/v4/locales/index.d.cts(36,21): error TS1259: Module '"/home/vivi/pixelated/node_modules/.pnpm/zod@4.3.5/node_modules/zod/v4/locales/ru"' can only be default-imported using the 'esModuleInterop' flag
node_modules/.pnpm/zod@4.3.5/node_modules/zod/v4/locales/index.d.cts(37,21): error TS1259: Module '"/home/vivi/pixelated/node_modules/.pnpm/zod@4.3.5/node_modules/zod/v4/locales/sl"' can only be default-imported using the 'esModuleInterop' flag
node_modules/.pnpm/zod@4.3.5/node_modules/zod/v4/locales/index.d.cts(38,21): error TS1259: Module '"/home/vivi/pixelated/node_modules/.pnpm/zod@4.3.5/node_modules/zod/v4/locales/sv"' can only be default-imported using the 'esModuleInterop' flag
node_modules/.pnpm/zod@4.3.5/node_modules/zod/v4/locales/index.d.cts(39,21): error TS1259: Module '"/home/vivi/pixelated/node_modules/.pnpm/zod@4.3.5/node_modules/zod/v4/locales/ta"' can only be default-imported using the 'esModuleInterop' flag
node_modules/.pnpm/zod@4.3.5/node_modules/zod/v4/locales/index.d.cts(40,21): error TS1259: Module '"/home/vivi/pixelated/node_modules/.pnpm/zod@4.3.5/node_modules/zod/v4/locales/th"' can only be default-imported using the 'esModuleInterop' flag
node_modules/.pnpm/zod@4.3.5/node_modules/zod/v4/locales/index.d.cts(41,21): error TS1259: Module '"/home/vivi/pixelated/node_modules/.pnpm/zod@4.3.5/node_modules/zod/v4/locales/tr"' can only be default-imported using the 'esModuleInterop' flag
node_modules/.pnpm/zod@4.3.5/node_modules/zod/v4/locales/index.d.cts(42,21): error TS1259: Module '"/home/vivi/pixelated/node_modules/.pnpm/zod@4.3.5/node_modules/zod/v4/locales/ua"' can only be default-imported using the 'esModuleInterop' flag
node_modules/.pnpm/zod@4.3.5/node_modules/zod/v4/locales/index.d.cts(43,21): error TS1259: Module '"/home/vivi/pixelated/node_modules/.pnpm/zod@4.3.5/node_modules/zod/v4/locales/uk"' can only be default-imported using the 'esModuleInterop' flag
node_modules/.pnpm/zod@4.3.5/node_modules/zod/v4/locales/index.d.cts(44,21): error TS1259: Module '"/home/vivi/pixelated/node_modules/.pnpm/zod@4.3.5/node_modules/zod/v4/locales/ur"' can only be default-imported using the 'esModuleInterop' flag
node_modules/.pnpm/zod@4.3.5/node_modules/zod/v4/locales/index.d.cts(45,21): error TS1259: Module '"/home/vivi/pixelated/node_modules/.pnpm/zod@4.3.5/node_modules/zod/v4/locales/uz"' can only be default-imported using the 'esModuleInterop' flag
node_modules/.pnpm/zod@4.3.5/node_modules/zod/v4/locales/index.d.cts(46,21): error TS1259: Module '"/home/vivi/pixelated/node_modules/.pnpm/zod@4.3.5/node_modules/zod/v4/locales/vi"' can only be default-imported using the 'esModuleInterop' flag
node_modules/.pnpm/zod@4.3.5/node_modules/zod/v4/locales/index.d.cts(47,21): error TS1259: Module '"/home/vivi/pixelated/node_modules/.pnpm/zod@4.3.5/node_modules/zod/v4/locales/zh-CN"' can only be default-imported using the 'esModuleInterop' flag
node_modules/.pnpm/zod@4.3.5/node_modules/zod/v4/locales/index.d.cts(48,21): error TS1259: Module '"/home/vivi/pixelated/node_modules/.pnpm/zod@4.3.5/node_modules/zod/v4/locales/zh-TW"' can only be default-imported using the 'esModuleInterop' flag
node_modules/.pnpm/zod@4.3.5/node_modules/zod/v4/locales/index.d.cts(49,21): error TS1259: Module '"/home/vivi/pixelated/node_modules/.pnpm/zod@4.3.5/node_modules/zod/v4/locales/yo"' can only be default-imported using the 'esModuleInterop' flag
src/db/security/initialize.ts(7,39): error TS2307: Cannot find module '@/lib/logging/build-safe-logger' or its corresponding type declarations.
src/lib/auth/auth0-adaptive-mfa-service.ts(413,42): error TS2769: No overload matches this call.
  Overload 1 of 5, '(value: string | number | Date): Date', gave the following error.
    Argument of type 'UserDateSchema' is not assignable to parameter of type 'string | number | Date'.
      Type 'Record<string, unknown>' is not assignable to type 'string | number | Date'.
        Type 'Record<string, unknown>' is missing the following properties from type 'Date': toDateString, toTimeString, toLocaleDateString, toLocaleTimeString, and 38 more.
  Overload 2 of 5, '(vd: VarDate): Date', gave the following error.
    Argument of type 'UserDateSchema' is not assignable to parameter of type 'VarDate'.
      Type 'string' is not assignable to type 'VarDate'.
  Overload 3 of 5, '(value: string | number): Date', gave the following error.
    Argument of type 'UserDateSchema' is not assignable to parameter of type 'string | number'.
      Type 'Record<string, unknown>' is not assignable to type 'string | number'.
src/lib/auth/auth0-impersonation-service.ts(300,27): error TS2802: Type 'MapIterator<ImpersonationSession>' can only be iterated through when using the '--downlevelIteration' flag or with a '--target' of 'es2015' or higher.
src/lib/auth/auth0-impersonation-service.ts(320,27): error TS2802: Type 'MapIterator<ImpersonationSession>' can only be iterated through when using the '--downlevelIteration' flag or with a '--target' of 'es2015' or higher.
src/lib/auth/auth0-impersonation-service.ts(423,40): error TS2802: Type 'MapIterator<[string, ImpersonationSession]>' can only be iterated through when using the '--downlevelIteration' flag or with a '--target' of 'es2015' or higher.
src/lib/auth/auth0-middleware.ts(181,23): error TS2339: Property 'resetTime' does not exist on type 'unknown'.
src/lib/auth/auth0-middleware.ts(181,50): error TS2339: Property 'resetTime' does not exist on type 'unknown'.
src/lib/auth/auth0-middleware.ts(182,36): error TS2339: Property 'count' does not exist on type 'unknown'.
src/lib/auth/auth0-middleware.ts(183,33): error TS2339: Property 'resetTime' does not exist on type 'unknown'.
src/lib/auth/auth0-middleware.ts(327,19): error TS2339: Property 'token' does not exist on type 'unknown'.
src/lib/auth/auth0-middleware.ts(327,40): error TS2339: Property 'token' does not exist on type 'unknown'.
src/lib/auth/auth0-middleware.ts(355,19): error TS2339: Property 'expiresAt' does not exist on type 'unknown'.
src/lib/auth/auth0-middleware.ts(355,44): error TS2339: Property 'expiresAt' does not exist on type 'unknown'.
src/lib/auth/auth0-middleware.ts(720,9): error TS2322: Type 'string[]' is not assignable to type 'string | number | boolean'.
src/lib/fhe.ts(14,40): error TS2344: Type 'new (_0: SchemeType) => EncryptionParameters' does not satisfy the constraint '(...args: any) => any'.
  Type 'new (_0: SchemeType) => EncryptionParameters' provides no match for the signature '(...args: any): any'.
src/lib/fhe.ts(15,44): error TS2339: Property 'Context' does not exist on type 'WasmModule & EmbindModule'.
src/lib/fhe.ts(16,32): error TS2344: Type '{ new (_0: SEALContext): KeyGenerator; new (_0: SEALContext, _1: SecretKey): KeyGenerator; }' does not satisfy the constraint '(...args: any) => any'.
  Type '{ new (_0: SEALContext): KeyGenerator; new (_0: SEALContext, _1: SecretKey): KeyGenerator; }' provides no match for the signature '(...args: any): any'.
src/lib/fhe.ts(19,32): error TS2344: Type 'new (_0: SEALContext) => BatchEncoder' does not satisfy the constraint '(...args: any) => any'.
  Type 'new (_0: SEALContext) => BatchEncoder' provides no match for the signature '(...args: any): any'.
src/lib/fhe.ts(20,29): error TS2344: Type '{ new (_0: SEALContext, _1: PublicKey): Encryptor; new (_0: SEALContext, _1: PublicKey, _2: SecretKey): Encryptor; }' does not satisfy the constraint '(...args: any) => any'.
  Type '{ new (_0: SEALContext, _1: PublicKey): Encryptor; new (_0: SEALContext, _1: PublicKey, _2: SecretKey): Encryptor; }' provides no match for the signature '(...args: any): any'.
src/lib/fhe.ts(21,29): error TS2344: Type 'new (_0: SEALContext, _1: SecretKey) => Decryptor' does not satisfy the constraint '(...args: any) => any'.
  Type 'new (_0: SEALContext, _1: SecretKey) => Decryptor' provides no match for the signature '(...args: any): any'.
src/lib/fhe.ts(22,42): error TS2339: Property 'PlainText' does not exist on type 'WasmModule & EmbindModule'.
src/lib/fhe.ts(23,43): error TS2339: Property 'CipherText' does not exist on type 'WasmModule & EmbindModule'.
src/lib/fhe.ts(74,57): error TS2339: Property 'SecurityLevel' does not exist on type 'WasmModule & EmbindModule'.
src/lib/fhe.ts(80,25): error TS2348: Value of type 'new (_0: SchemeType) => EncryptionParameters' is not callable. Did you mean to include 'new'?
src/lib/fhe.ts(100,50): error TS2339: Property 'Context' does not exist on type 'WasmModule & EmbindModule'.
src/lib/fhe.ts(111,28): error TS2348: Value of type '{ new (_0: SEALContext): KeyGenerator; new (_0: SEALContext, _1: SecretKey): KeyGenerator; }' is not callable. Did you mean to include 'new'?
src/lib/fhe.ts(118,22): error TS2348: Value of type 'new (_0: SEALContext) => BatchEncoder' is not callable. Did you mean to include 'new'?
src/lib/fhe.ts(121,24): error TS2348: Value of type '{ new (_0: SEALContext, _1: PublicKey): Encryptor; new (_0: SEALContext, _1: PublicKey, _2: SecretKey): Encryptor; }' is not callable. Did you mean to include 'new'?
src/lib/fhe.ts(125,24): error TS2348: Value of type 'new (_0: SEALContext, _1: SecretKey) => Decryptor' is not callable. Did you mean to include 'new'?
src/lib/fhe.ts(202,53): error TS2551: Property 'PlainText' does not exist on type 'WasmModule & EmbindModule'. Did you mean 'Plaintext'?
src/lib/fhe.ts(209,54): error TS2551: Property 'CipherText' does not exist on type 'WasmModule & EmbindModule'. Did you mean 'Ciphertext'?
src/lib/fhe.ts(232,54): error TS2551: Property 'CipherText' does not exist on type 'WasmModule & EmbindModule'. Did you mean 'Ciphertext'?
src/lib/fhe.ts(236,53): error TS2551: Property 'PlainText' does not exist on type 'WasmModule & EmbindModule'. Did you mean 'Plaintext'?
src/lib/fhe.ts(278,42): error TS2339: Property 'crypto' does not exist on type 'WasmModule & EmbindModule'.
src/lib/fhe.ts(342,22): error TS2348: Value of type '{ new (_0: SEALContext): KeyGenerator; new (_0: SEALContext, _1: SecretKey): KeyGenerator; }' is not callable. Did you mean to include 'new'?
src/lib/fhe.ts(347,24): error TS2348: Value of type '{ new (_0: SEALContext, _1: PublicKey): Encryptor; new (_0: SEALContext, _1: PublicKey, _2: SecretKey): Encryptor; }' is not callable. Did you mean to include 'new'?
src/lib/fhe.ts(351,24): error TS2348: Value of type 'new (_0: SEALContext, _1: SecretKey) => Decryptor' is not callable. Did you mean to include 'new'?
src/lib/mcp/phase6-integration.ts(10,34): error TS2307: Cannot find module '@/lib/crypto/secure-random' or its corresponding type declarations.
src/lib/monitoring/auth0-activity-tracking-service.ts(468,31): error TS2802: Type 'Set<string>' can only be iterated through when using the '--downlevelIteration' flag or with a '--target' of 'es2015' or higher.
src/lib/redis.ts(73,28): error TS2802: Type 'MapIterator<[string, string]>' can only be iterated through when using the '--downlevelIteration' flag or with a '--target' of 'es2015' or higher.
src/lib/security.ts(82,7): error TS2554: Expected 0-1 arguments, but got 2.
src/lib/security.ts(548,17): error TS2339: Property 'exp' does not exist on type 'unknown'.
src/lib/security.ts(548,32): error TS2339: Property 'exp' does not exist on type 'unknown'.
src/lib/security.ts(552,5): error TS2322: Type 'unknown' is not assignable to type 'Record<string, unknown>'.
  Index signature for type 'string' is missing in type '{}'.
src/lib/security/index.ts(6,8): error TS1192: Module '"crypto"' has no default export.
src/lib/security/pii/index.ts(15,37): error TS2307: Cannot find module '../../fhe/fhe-service' or its corresponding type declarations.
src/lib/security/pii/register.ts(10,8): error TS1259: Module '"node:process"' can only be default-imported using the 'esModuleInterop' flag
src/lib/services/redis/index.ts(8,24): error TS2307: Cannot find module '@/lib/utils/env' or its corresponding type declarations.
src/lib/services/redis/types.ts(45,5): error TS4113: This member cannot have an 'override' modifier because it is not declared in the base class 'Error'.
